=== cleared on app start (version=2.1, time=21:41:30) ===
21:41:30.848 killPlatformApps: killed com.ucmobile.lite for UC
21:41:30.855 killPlatformApps: killed com.eg.android.AlipayGphone for ALIPAY
21:41:30.856 killPlatformApps: killed com.taobao.taobao for TAOBAO
21:41:31.173 collectTaskContextText: result='', buttonText='null', containerFound=false
21:41:31.403 collectTaskContextText: result='', buttonText='', containerFound=false
21:41:31.585 collectTaskContextText: result='', buttonText='', containerFound=false
21:41:31.642 collectTaskContextText: result='', buttonText='null', containerFound=false
21:41:31.674 collectTaskContextText: result='', buttonText='null', containerFound=false
21:41:31.711 collectTaskContextText: result='', buttonText='null', containerFound=false
21:41:31.748 collectTaskContextText: result='', buttonText='null', containerFound=false
21:41:31.782 collectTaskContextText: result='', buttonText='null', containerFound=false
21:41:31.804 collectTaskContextText: result='', buttonText='null', containerFound=false
21:41:31.852 collectTaskContextText: result='', buttonText='null', containerFound=false
21:41:31.878 collectTaskContextText: result='', buttonText='null', containerFound=false
21:41:31.895 collectTaskContextText: result='', buttonText='null', containerFound=false
21:41:31.918 collectTaskContextText: result='', buttonText='null', containerFound=false
21:41:31.954 collectTaskContextText: result='', buttonText='null', containerFound=false
21:41:31.969 collectTaskContextText: result='', buttonText='null', containerFound=false
21:41:32.005 collectTaskContextText: result='', buttonText='null', containerFound=false
21:41:32.019 collectTaskContextText: result='', buttonText='null', containerFound=false
21:41:32.032 collectTaskContextText: result='', buttonText='2s后领取', containerFound=false
21:41:32.044 collectTaskContextText: result='', buttonText='2s后领取', containerFound=false
21:41:32.057 collectTaskContextText: result='', buttonText='2s后领取', containerFound=false
21:41:32.069 collectTaskContextText: result='', buttonText='2s后领取', containerFound=false
21:41:32.081 collectTaskContextText: result='', buttonText='null', containerFound=false
21:41:32.103 collectTaskContextText: result='', buttonText='null', containerFound=false
21:41:32.118 collectTaskContextText: result='', buttonText='', containerFound=false
21:41:32.135 collectTaskContextText: result='', buttonText='null', containerFound=false
21:41:32.150 collectTaskContextText: result='', buttonText='null', containerFound=false
21:41:32.163 collectTaskContextText: result='', buttonText='null', containerFound=false
21:41:32.176 collectTaskContextText: result='', buttonText='null', containerFound=false
21:41:32.188 collectTaskContextText: result='', buttonText='null', containerFound=false
21:41:32.201 collectTaskContextText: result='', buttonText='', containerFound=false
21:41:32.213 collectTaskContextText: result='', buttonText='null', containerFound=false
21:41:32.224 collectTaskContextText: result='', buttonText='null', containerFound=false
21:41:32.240 collectTaskContextText: result='', buttonText='null', containerFound=false
21:41:32.256 collectTaskContextText: result='', buttonText='', containerFound=false
21:41:32.276 collectTaskContextText: result='', buttonText='null', containerFound=false
21:41:32.294 collectTaskContextText: result='', buttonText='null', containerFound=false
21:41:32.314 collectTaskContextText: result='', buttonText='null', containerFound=false
21:41:32.337 collectTaskContextText: result='', buttonText='null', containerFound=false
21:41:32.366 collectTaskContextText: result='', buttonText='', containerFound=false
21:41:32.397 collectTaskContextText: result='', buttonText='null', containerFound=false
21:41:32.430 collectTaskContextText: result='', buttonText='null', containerFound=false
21:41:32.450 collectTaskContextText: result='', buttonText='null', containerFound=false
21:41:32.478 collectTaskContextText: result='', buttonText='null', containerFound=false
21:41:32.503 collectTaskContextText: result='', buttonText='null', containerFound=false
21:41:32.534 collectTaskContextText: result='', buttonText='', containerFound=false
21:41:32.559 collectTaskContextText: result='', buttonText='null', containerFound=false
21:41:32.589 collectTaskContextText: result='', buttonText='null', containerFound=false
21:41:32.628 collectTaskContextText: result='', buttonText='', containerFound=false
21:41:32.672 collectTaskContextText: result='', buttonText='1s后领取', containerFound=false
21:41:32.724 collectTaskContextText: result='', buttonText='1s后领取', containerFound=false
21:41:32.763 collectTaskContextText: result='', buttonText='1s后领取', containerFound=false
21:41:32.801 collectTaskContextText: result='', buttonText='1s后领取', containerFound=false
21:41:32.830 collectTaskContextText: result='', buttonText='null', containerFound=false
21:41:32.860 collectTaskContextText: result='', buttonText='null', containerFound=false
21:41:32.881 collectTaskContextText: result='', buttonText='null', containerFound=false
21:41:32.907 collectTaskContextText: result='', buttonText='null', containerFound=false
21:41:32.932 collectTaskContextText: result='', buttonText='null', containerFound=false
21:41:32.971 collectTaskContextText: result='', buttonText='', containerFound=false
21:41:32.990 collectTaskContextText: result='', buttonText='', containerFound=false
21:41:33.007 collectTaskContextText: result='', buttonText='null', containerFound=false
21:41:33.028 collectTaskContextText: result='', buttonText='', containerFound=false
21:41:33.045 collectTaskContextText: result='', buttonText='', containerFound=false
21:41:33.068 collectTaskContextText: result='', buttonText='null', containerFound=false
21:41:33.086 collectTaskContextText: result='', buttonText='', containerFound=false
21:41:33.108 collectTaskContextText: result='', buttonText='', containerFound=false
21:41:33.133 collectTaskContextText: result='', buttonText='null', containerFound=false
21:41:33.168 collectTaskContextText: result='', buttonText='null', containerFound=false
21:41:33.216 collectTaskContextText: result='', buttonText='', containerFound=false
21:41:33.245 collectTaskContextText: result='', buttonText='', containerFound=false
21:41:33.270 collectTaskContextText: result='', buttonText='null', containerFound=false
21:41:33.318 collectTaskContextText: result='', buttonText='null', containerFound=false
21:41:33.383 collectTaskContextText: result='', buttonText='', containerFound=false
21:41:33.446 collectTaskContextText: result='', buttonText='null', containerFound=false
21:41:33.523 collectTaskContextText: result='', buttonText='null', containerFound=false
21:41:33.594 collectTaskContextText: result='', buttonText='null', containerFound=false
21:41:33.677 collectTaskContextText: result='', buttonText='null', containerFound=false
21:41:33.731 collectTaskContextText: result='', buttonText='', containerFound=false
21:41:33.790 collectTaskContextText: result='', buttonText='0s后领取', containerFound=false
21:41:33.827 collectTaskContextText: result='', buttonText='已领取', containerFound=false
21:41:33.883 collectTaskContextText: result='', buttonText='已领取', containerFound=false
21:41:33.902 collectTaskContextText: result='', buttonText='已领取', containerFound=false
21:41:33.919 collectTaskContextText: result='', buttonText='null', containerFound=false
21:41:33.956 collectTaskContextText: result='', buttonText='null', containerFound=false
21:41:33.978 collectTaskContextText: result='', buttonText='null', containerFound=false
21:41:34.000 collectTaskContextText: result='', buttonText='null', containerFound=false
21:41:34.020 collectTaskContextText: result='', buttonText='', containerFound=false
21:41:34.038 collectTaskContextText: result='', buttonText='null', containerFound=false
21:41:34.056 collectTaskContextText: result='', buttonText='null', containerFound=false
21:41:34.078 collectTaskContextText: result='', buttonText='null', containerFound=false
21:41:34.102 collectTaskContextText: result='', buttonText='null', containerFound=false
21:41:34.185 collectTaskContextText: result='', buttonText='', containerFound=false
21:41:34.222 collectTaskContextText: result='', buttonText='已领取', containerFound=false
21:41:34.259 collectTaskContextText: result='', buttonText='已领取', containerFound=false
21:41:34.303 collectTaskContextText: result='', buttonText='15s后领取', containerFound=false
21:41:34.346 collectTaskContextText: result='', buttonText='15s后领取', containerFound=false
21:41:34.390 collectTaskContextText: result='', buttonText='已领取', containerFound=false
21:41:34.489 collectTaskContextText: result='', buttonText='已领取', containerFound=false
21:41:34.584 collectTaskContextText: result='', buttonText='', containerFound=false
21:41:34.620 collectTaskContextText: result='', buttonText='15s后领取', containerFound=false
21:41:34.652 collectTaskContextText: result='', buttonText='null', containerFound=false
21:41:34.687 collectTaskContextText: result='', buttonText='null', containerFound=false
21:41:34.712 collectTaskContextText: result='', buttonText='null', containerFound=false
21:41:34.735 collectTaskContextText: result='', buttonText='', containerFound=false
21:41:34.751 collectTaskContextText: result='', buttonText='null', containerFound=false
21:41:34.769 collectTaskContextText: result='', buttonText='null', containerFound=false
21:41:34.785 collectTaskContextText: result='', buttonText='null', containerFound=false
21:41:34.802 collectTaskContextText: result='', buttonText='', containerFound=false
21:41:34.816 collectTaskContextText: result='', buttonText='null', containerFound=false
21:41:34.837 collectTaskContextText: result='', buttonText='null', containerFound=false
21:41:34.858 collectTaskContextText: result='', buttonText='', containerFound=false
21:41:34.878 collectTaskContextText: result='', buttonText='null', containerFound=false
21:41:34.902 collectTaskContextText: result='', buttonText='null', containerFound=false
21:41:34.920 collectTaskContextText: result='', buttonText='null', containerFound=false
21:41:34.938 collectTaskContextText: result='', buttonText='null', containerFound=false
21:41:34.957 collectTaskContextText: result='', buttonText='', containerFound=false
21:41:34.981 collectTaskContextText: result='', buttonText='null', containerFound=false
21:41:35.000 collectTaskContextText: result='', buttonText='null', containerFound=false
21:41:35.017 collectTaskContextText: result='', buttonText='null', containerFound=false
21:41:35.065 collectTaskContextText: result='', buttonText='', containerFound=false
21:41:35.085 collectTaskContextText: result='', buttonText='', containerFound=false
21:41:35.123 collectTaskContextText: result='', buttonText='null', containerFound=false
21:41:35.136 collectTaskContextText: result='', buttonText='null', containerFound=false
21:41:35.152 collectTaskContextText: result='', buttonText='', containerFound=false
21:41:35.175 collectTaskContextText: result='', buttonText='14s后领取', containerFound=false
21:41:35.201 collectTaskContextText: result='', buttonText='14s后领取', containerFound=false
21:41:35.232 collectTaskContextText: result='', buttonText='14s后领取', containerFound=false
21:41:35.253 collectTaskContextText: result='', buttonText='14s后领取', containerFound=false
21:41:35.283 collectTaskContextText: result='', buttonText='', containerFound=false
21:41:35.309 collectTaskContextText: result='', buttonText='null', containerFound=false
21:41:35.349 collectTaskContextText: result='', buttonText='null', containerFound=false
21:41:35.416 collectTaskContextText: result='', buttonText='', containerFound=false
21:41:35.470 collectTaskContextText: result='', buttonText='', containerFound=false
21:41:35.498 collectTaskContextText: result='', buttonText='null', containerFound=false
21:41:35.518 collectTaskContextText: result='', buttonText='null', containerFound=false
21:41:35.542 collectTaskContextText: result='', buttonText='null', containerFound=false
21:41:35.566 collectTaskContextText: result='', buttonText='', containerFound=false
21:41:35.592 collectTaskContextText: result='', buttonText='', containerFound=false
21:41:35.628 collectTaskContextText: result='', buttonText='null', containerFound=false
21:41:35.654 collectTaskContextText: result='', buttonText='null', containerFound=false
21:41:35.678 collectTaskContextText: result='', buttonText='', containerFound=false
21:41:35.710 collectTaskContextText: result='', buttonText='null', containerFound=false
21:41:35.751 collectTaskContextText: result='', buttonText='null', containerFound=false
21:41:35.788 collectTaskContextText: result='', buttonText='', containerFound=false
21:41:35.849 collectTaskContextText: result='', buttonText='null', containerFound=false
21:41:35.885 collectTaskContextText: result='', buttonText='null', containerFound=false
21:41:35.911 collectTaskContextText: result='', buttonText='null', containerFound=false
21:41:35.938 collectTaskContextText: result='', buttonText='null', containerFound=false
21:41:36.114 collectTaskContextText: result='', buttonText='null', containerFound=false
21:41:36.289 collectTaskContextText: result='', buttonText='', containerFound=false
21:41:36.313 collectTaskContextText: result='', buttonText='null', containerFound=false
21:41:36.332 collectTaskContextText: result='', buttonText='null', containerFound=false
21:41:36.351 collectTaskContextText: result='', buttonText='', containerFound=false
21:41:36.373 collectTaskContextText: result='', buttonText='null', containerFound=false
21:41:36.392 collectTaskContextText: result='', buttonText='null', containerFound=false
21:41:36.417 collectTaskContextText: result='', buttonText='null', containerFound=false
21:41:36.440 collectTaskContextText: result='', buttonText='', containerFound=false
21:41:36.457 collectTaskContextText: result='', buttonText='13s后领取', containerFound=false
21:41:36.476 collectTaskContextText: result='', buttonText='13s后领取', containerFound=false
21:41:36.497 collectTaskContextText: result='', buttonText='13s后领取', containerFound=false
21:41:36.517 collectTaskContextText: result='', buttonText='13s后领取', containerFound=false
21:41:36.537 collectTaskContextText: result='', buttonText='null', containerFound=false
21:41:36.554 collectTaskContextText: result='', buttonText='null', containerFound=false
21:41:36.602 collectTaskContextText: result='', buttonText='null', containerFound=false
21:41:36.626 collectTaskContextText: result='', buttonText='null', containerFound=false
21:41:36.675 collectTaskContextText: result='', buttonText='', containerFound=false
21:41:36.864 collectTaskContextText: result='', buttonText='null', containerFound=false
21:41:36.908 collectTaskContextText: result='', buttonText='null', containerFound=false
21:41:36.956 collectTaskContextText: result='', buttonText='null', containerFound=false
21:41:37.002 collectTaskContextText: result='', buttonText='null', containerFound=false
21:41:37.042 collectTaskContextText: result='', buttonText='', containerFound=false
21:41:37.082 collectTaskContextText: result='', buttonText='null', containerFound=false
21:41:37.155 collectTaskContextText: result='', buttonText='null', containerFound=false
21:41:37.215 collectTaskContextText: result='', buttonText='null', containerFound=false
21:41:37.270 collectTaskContextText: result='', buttonText='null', containerFound=false
21:41:37.324 collectTaskContextText: result='', buttonText='', containerFound=false
21:41:37.395 collectTaskContextText: result='', buttonText='null', containerFound=false
21:41:37.468 collectTaskContextText: result='', buttonText='null', containerFound=false
21:41:37.519 collectTaskContextText: result='', buttonText='', containerFound=false
21:41:37.593 collectTaskContextText: result='', buttonText='', containerFound=false
21:41:37.635 collectTaskContextText: result='', buttonText='null', containerFound=false
21:41:37.663 collectTaskContextText: result='', buttonText='null', containerFound=false
21:41:37.744 collectTaskContextText: result='', buttonText='null', containerFound=false
21:41:37.780 collectTaskContextText: result='', buttonText='null', containerFound=false
21:41:37.820 collectTaskContextText: result='', buttonText='null', containerFound=false
21:41:37.860 collectTaskContextText: result='', buttonText='', containerFound=false
21:41:37.897 collectTaskContextText: result='', buttonText='', containerFound=false
21:41:37.932 collectTaskContextText: result='', buttonText='null', containerFound=false
21:41:37.964 collectTaskContextText: result='', buttonText='null', containerFound=false
21:41:37.997 collectTaskContextText: result='', buttonText='', containerFound=false
21:41:38.038 collectTaskContextText: result='', buttonText='12s后领取', containerFound=false
21:41:38.082 collectTaskContextText: result='', buttonText='12s后领取', containerFound=false
21:41:38.124 collectTaskContextText: result='', buttonText='12s后领取', containerFound=false
21:41:38.202 collectTaskContextText: result='', buttonText='12s后领取', containerFound=false
21:41:38.253 collectTaskContextText: result='', buttonText='', containerFound=false
21:41:38.322 collectTaskContextText: result='', buttonText='null', containerFound=false
21:41:38.383 collectTaskContextText: result='', buttonText='null', containerFound=false
21:41:38.453 collectTaskContextText: result='', buttonText='null', containerFound=false
21:41:38.514 collectTaskContextText: result='', buttonText='', containerFound=false
21:41:38.566 collectTaskContextText: result='', buttonText='', containerFound=false
21:41:38.629 collectTaskContextText: result='', buttonText='null', containerFound=false
21:41:38.683 collectTaskContextText: result='', buttonText='null', containerFound=false
21:41:38.742 collectTaskContextText: result='', buttonText='', containerFound=false
21:41:38.774 collectTaskContextText: result='', buttonText='null', containerFound=false
21:41:38.806 collectTaskContextText: result='', buttonText='null', containerFound=false
21:41:38.848 collectTaskContextText: result='', buttonText='null', containerFound=false
21:41:38.887 collectTaskContextText: result='', buttonText='null', containerFound=false
21:41:38.914 collectTaskContextText: result='', buttonText='', containerFound=false
21:41:38.943 collectTaskContextText: result='', buttonText='null', containerFound=false
21:41:38.968 collectTaskContextText: result='', buttonText='null', containerFound=false
21:41:38.999 collectTaskContextText: result='', buttonText='null', containerFound=false
21:41:39.028 collectTaskContextText: result='', buttonText='', containerFound=false
21:41:39.063 collectTaskContextText: result='', buttonText='null', containerFound=false
21:41:39.098 collectTaskContextText: result='', buttonText='null', containerFound=false
21:41:39.158 collectTaskContextText: result='', buttonText='null', containerFound=false
21:41:39.197 collectTaskContextText: result='', buttonText='null', containerFound=false
21:41:39.236 collectTaskContextText: result='', buttonText='', containerFound=false
21:41:39.269 collectTaskContextText: result='', buttonText='null', containerFound=false
21:41:39.297 collectTaskContextText: result='', buttonText='null', containerFound=false
21:41:39.326 collectTaskContextText: result='', buttonText='null', containerFound=false
21:41:39.362 collectTaskContextText: result='', buttonText='null', containerFound=false
21:41:39.392 collectTaskContextText: result='', buttonText='', containerFound=false
21:41:39.419 collectTaskContextText: result='', buttonText='11s后领取', containerFound=false
21:41:39.446 collectTaskContextText: result='', buttonText='11s后领取', containerFound=false
21:41:39.485 collectTaskContextText: result='', buttonText='11s后领取', containerFound=false
21:41:39.515 collectTaskContextText: result='', buttonText='11s后领取', containerFound=false
21:41:39.548 collectTaskContextText: result='', buttonText='null', containerFound=false
21:41:39.578 collectTaskContextText: result='', buttonText='null', containerFound=false
21:41:39.607 collectTaskContextText: result='', buttonText='', containerFound=false
21:41:39.635 collectTaskContextText: result='', buttonText='null', containerFound=false
21:41:39.671 collectTaskContextText: result='', buttonText='null', containerFound=false
21:41:39.707 collectTaskContextText: result='', buttonText='null', containerFound=false
21:41:39.732 collectTaskContextText: result='', buttonText='null', containerFound=false
21:41:39.754 collectTaskContextText: result='', buttonText='null', containerFound=false
21:41:39.776 collectTaskContextText: result='', buttonText='', containerFound=false
21:41:39.815 collectTaskContextText: result='', buttonText='null', containerFound=false
21:41:39.859 collectTaskContextText: result='', buttonText='null', containerFound=false
21:41:39.899 collectTaskContextText: result='', buttonText='null', containerFound=false
21:41:39.926 collectTaskContextText: result='', buttonText='', containerFound=false
21:41:39.956 collectTaskContextText: result='', buttonText='null', containerFound=false
21:41:39.988 collectTaskContextText: result='', buttonText='null', containerFound=false
21:41:40.018 collectTaskContextText: result='', buttonText='null', containerFound=false
21:41:40.054 collectTaskContextText: result='', buttonText='', containerFound=false
21:41:40.086 collectTaskContextText: result='', buttonText='', containerFound=false
21:41:40.126 collectTaskContextText: result='', buttonText='null', containerFound=false
21:41:40.208 collectTaskContextText: result='', buttonText='null', containerFound=false
21:41:40.257 collectTaskContextText: result='', buttonText='', containerFound=false
21:41:40.318 collectTaskContextText: result='', buttonText='', containerFound=false
21:41:40.370 collectTaskContextText: result='', buttonText='', containerFound=false
21:41:40.421 collectTaskContextText: result='', buttonText='null', containerFound=false
21:41:40.489 collectTaskContextText: result='', buttonText='null', containerFound=false
21:41:40.535 collectTaskContextText: result='', buttonText='', containerFound=false
21:41:40.581 collectTaskContextText: result='', buttonText='10s后领取', containerFound=false
21:41:40.624 collectTaskContextText: result='', buttonText='10s后领取', containerFound=false
21:41:40.659 collectTaskContextText: result='', buttonText='10s后领取', containerFound=false
21:41:40.733 collectTaskContextText: result='', buttonText='10s后领取', containerFound=false
21:41:40.775 collectTaskContextText: result='', buttonText='', containerFound=false
21:41:40.815 collectTaskContextText: result='', buttonText='', containerFound=false
21:41:40.852 collectTaskContextText: result='', buttonText='null', containerFound=false
21:41:40.901 collectTaskContextText: result='', buttonText='null', containerFound=false
21:41:40.944 collectTaskContextText: result='', buttonText='null', containerFound=false
21:41:40.988 collectTaskContextText: result='', buttonText='', containerFound=false
21:41:41.034 collectTaskContextText: result='', buttonText='', containerFound=false
21:41:41.069 collectTaskContextText: result='', buttonText='', containerFound=false
21:41:41.102 collectTaskContextText: result='', buttonText='null', containerFound=false
21:41:41.218 collectTaskContextText: result='', buttonText='null', containerFound=false
21:41:41.264 collectTaskContextText: result='', buttonText='', containerFound=false
21:41:41.322 collectTaskContextText: result='', buttonText='null', containerFound=false
21:41:41.373 collectTaskContextText: result='', buttonText='null', containerFound=false
21:41:41.432 collectTaskContextText: result='', buttonText='null', containerFound=false
21:41:41.483 collectTaskContextText: result='', buttonText='null', containerFound=false
21:41:41.510 collectTaskContextText: result='', buttonText='', containerFound=false
21:41:41.536 collectTaskContextText: result='', buttonText='null', containerFound=false
21:41:41.566 collectTaskContextText: result='', buttonText='null', containerFound=false
21:41:41.596 collectTaskContextText: result='', buttonText='null', containerFound=false
21:41:41.623 collectTaskContextText: result='', buttonText='', containerFound=false
21:41:41.661 collectTaskContextText: result='', buttonText='null', containerFound=false
21:41:41.696 collectTaskContextText: result='', buttonText='null', containerFound=false
21:41:41.736 collectTaskContextText: result='', buttonText='null', containerFound=false
21:41:41.771 collectTaskContextText: result='', buttonText='null', containerFound=false
21:41:41.806 collectTaskContextText: result='', buttonText='', containerFound=false
21:41:41.845 collectTaskContextText: result='', buttonText='null', containerFound=false
21:41:41.872 collectTaskContextText: result='', buttonText='null', containerFound=false
21:41:41.912 collectTaskContextText: result='', buttonText='null', containerFound=false
21:41:41.965 collectTaskContextText: result='', buttonText='', containerFound=false
21:41:42.022 collectTaskContextText: result='', buttonText='9s后领取', containerFound=false
21:41:42.084 collectTaskContextText: result='', buttonText='9s后领取', containerFound=false
21:41:42.145 collectTaskContextText: result='', buttonText='9s后领取', containerFound=false
21:41:42.235 collectTaskContextText: result='', buttonText='9s后领取', containerFound=false
21:41:42.278 collectTaskContextText: result='', buttonText='null', containerFound=false
21:41:42.343 collectTaskContextText: result='', buttonText='null', containerFound=false
21:41:42.420 collectTaskContextText: result='', buttonText='null', containerFound=false
21:41:42.479 collectTaskContextText: result='', buttonText='null', containerFound=false
21:41:42.527 collectTaskContextText: result='', buttonText='', containerFound=false
21:41:42.580 collectTaskContextText: result='', buttonText='null', containerFound=false
21:41:42.647 collectTaskContextText: result='', buttonText='null', containerFound=false
21:41:42.714 collectTaskContextText: result='', buttonText='', containerFound=false
21:41:42.773 collectTaskContextText: result='', buttonText='null', containerFound=false
21:41:42.808 collectTaskContextText: result='', buttonText='null', containerFound=false
21:41:42.849 collectTaskContextText: result='', buttonText='null', containerFound=false
21:41:42.896 collectTaskContextText: result='', buttonText='', containerFound=false
21:41:42.925 collectTaskContextText: result='', buttonText='null', containerFound=false
21:41:42.956 collectTaskContextText: result='', buttonText='null', containerFound=false
21:41:42.987 collectTaskContextText: result='', buttonText='null', containerFound=false
21:41:43.022 collectTaskContextText: result='', buttonText='null', containerFound=false
21:41:43.059 collectTaskContextText: result='', buttonText='null', containerFound=false
21:41:43.092 collectTaskContextText: result='', buttonText='', containerFound=false
21:41:43.133 collectTaskContextText: result='', buttonText='null', containerFound=false
21:41:43.183 collectTaskContextText: result='', buttonText='null', containerFound=false
21:41:43.217 collectTaskContextText: result='', buttonText='null', containerFound=false
21:41:43.246 collectTaskContextText: result='', buttonText='', containerFound=false
21:41:43.275 collectTaskContextText: result='', buttonText='', containerFound=false
21:41:43.306 collectTaskContextText: result='', buttonText='', containerFound=false
21:41:43.342 collectTaskContextText: result='', buttonText='null', containerFound=false
21:41:43.379 collectTaskContextText: result='', buttonText='null', containerFound=false
21:41:43.408 collectTaskContextText: result='', buttonText='', containerFound=false
21:41:43.440 collectTaskContextText: result='', buttonText='8s后领取', containerFound=false
21:41:43.479 collectTaskContextText: result='', buttonText='8s后领取', containerFound=false
21:41:43.512 collectTaskContextText: result='', buttonText='8s后领取', containerFound=false
21:41:43.540 collectTaskContextText: result='', buttonText='8s后领取', containerFound=false
21:41:43.574 collectTaskContextText: result='', buttonText='', containerFound=false
21:41:43.610 collectTaskContextText: result='', buttonText='', containerFound=false
21:41:43.645 collectTaskContextText: result='', buttonText='null', containerFound=false
21:41:43.683 collectTaskContextText: result='', buttonText='', containerFound=false
21:41:43.719 collectTaskContextText: result='', buttonText='', containerFound=false
21:41:43.754 collectTaskContextText: result='', buttonText='', containerFound=false
21:41:43.785 collectTaskContextText: result='', buttonText='null', containerFound=false
21:41:43.813 collectTaskContextText: result='', buttonText='null', containerFound=false
21:41:43.842 collectTaskContextText: result='', buttonText='null', containerFound=false
21:41:43.871 collectTaskContextText: result='', buttonText='null', containerFound=false
21:41:43.906 collectTaskContextText: result='', buttonText='', containerFound=false
21:41:43.945 collectTaskContextText: result='', buttonText='', containerFound=false
21:41:43.979 collectTaskContextText: result='', buttonText='null', containerFound=false
21:41:44.008 collectTaskContextText: result='', buttonText='null', containerFound=false
21:41:44.036 collectTaskContextText: result='', buttonText='', containerFound=false
21:41:44.068 collectTaskContextText: result='', buttonText='null', containerFound=false
21:41:44.102 collectTaskContextText: result='', buttonText='null', containerFound=false
21:41:44.167 collectTaskContextText: result='', buttonText='null', containerFound=false
21:41:44.234 collectTaskContextText: result='', buttonText='null', containerFound=false
21:41:44.272 collectTaskContextText: result='', buttonText='', containerFound=false
21:41:44.307 collectTaskContextText: result='', buttonText='null', containerFound=false
21:41:44.339 collectTaskContextText: result='', buttonText='null', containerFound=false
21:41:44.368 collectTaskContextText: result='', buttonText='null', containerFound=false
21:41:44.395 collectTaskContextText: result='', buttonText='', containerFound=false
21:41:44.427 collectTaskContextText: result='', buttonText='null', containerFound=false
21:41:44.455 collectTaskContextText: result='', buttonText='null', containerFound=false
21:41:44.484 collectTaskContextText: result='', buttonText='null', containerFound=false
21:41:44.519 collectTaskContextText: result='', buttonText='null', containerFound=false
21:41:44.556 collectTaskContextText: result='', buttonText='', containerFound=false
21:41:44.592 collectTaskContextText: result='', buttonText='7s后领取', containerFound=false
21:41:44.623 collectTaskContextText: result='', buttonText='7s后领取', containerFound=false
21:41:44.665 collectTaskContextText: result='', buttonText='7s后领取', containerFound=false
21:41:44.700 collectTaskContextText: result='', buttonText='7s后领取', containerFound=false
21:41:44.729 collectTaskContextText: result='', buttonText='null', containerFound=false
21:41:44.760 collectTaskContextText: result='', buttonText='null', containerFound=false
21:41:44.787 collectTaskContextText: result='', buttonText='', containerFound=false
21:41:44.814 collectTaskContextText: result='', buttonText='null', containerFound=false
21:41:44.843 collectTaskContextText: result='', buttonText='null', containerFound=false
21:41:44.874 collectTaskContextText: result='', buttonText='null', containerFound=false
21:41:44.914 collectTaskContextText: result='', buttonText='null', containerFound=false
21:41:44.943 collectTaskContextText: result='', buttonText='', containerFound=false
21:41:44.979 collectTaskContextText: result='', buttonText='null', containerFound=false
21:41:45.011 collectTaskContextText: result='', buttonText='null', containerFound=false
21:41:45.058 collectTaskContextText: result='', buttonText='null', containerFound=false
21:41:45.115 collectTaskContextText: result='', buttonText='', containerFound=false
21:41:45.225 collectTaskContextText: result='', buttonText='null', containerFound=false
21:41:45.273 collectTaskContextText: result='', buttonText='null', containerFound=false
21:41:45.319 collectTaskContextText: result='', buttonText='null', containerFound=false
21:41:45.368 collectTaskContextText: result='', buttonText='null', containerFound=false
21:41:45.414 collectTaskContextText: result='', buttonText='', containerFound=false
21:41:45.454 collectTaskContextText: result='', buttonText='null', containerFound=false
21:41:45.510 collectTaskContextText: result='', buttonText='null', containerFound=false
21:41:45.570 collectTaskContextText: result='', buttonText='null', containerFound=false
21:41:45.651 collectTaskContextText: result='', buttonText='null', containerFound=false
21:41:45.727 collectTaskContextText: result='', buttonText='', containerFound=false
21:41:45.776 collectTaskContextText: result='', buttonText='', containerFound=false
21:41:45.828 collectTaskContextText: result='', buttonText='', containerFound=false
21:41:45.877 collectTaskContextText: result='', buttonText='null', containerFound=false
21:41:45.935 collectTaskContextText: result='', buttonText='null', containerFound=false
21:41:45.992 collectTaskContextText: result='', buttonText='', containerFound=false
21:41:46.051 collectTaskContextText: result='', buttonText='', containerFound=false
21:41:46.111 collectTaskContextText: result='', buttonText='', containerFound=false
21:41:46.222 collectTaskContextText: result='', buttonText='null', containerFound=false
21:41:46.258 collectTaskContextText: result='', buttonText='null', containerFound=false
21:41:46.311 collectTaskContextText: result='', buttonText='', containerFound=false
21:41:46.376 collectTaskContextText: result='', buttonText='6s后领取', containerFound=false
21:41:46.428 collectTaskContextText: result='', buttonText='6s后领取', containerFound=false
21:41:46.482 collectTaskContextText: result='', buttonText='6s后领取', containerFound=false
21:41:46.543 collectTaskContextText: result='', buttonText='6s后领取', containerFound=false
21:41:46.624 collectTaskContextText: result='', buttonText='', containerFound=false
21:41:46.684 collectTaskContextText: result='', buttonText='', containerFound=false
21:41:46.768 collectTaskContextText: result='', buttonText='null', containerFound=false
21:41:46.837 collectTaskContextText: result='', buttonText='', containerFound=false
21:41:46.894 collectTaskContextText: result='', buttonText='', containerFound=false
21:41:46.945 collectTaskContextText: result='', buttonText='', containerFound=false
21:41:47.000 collectTaskContextText: result='', buttonText='null', containerFound=false
21:41:47.058 collectTaskContextText: result='', buttonText='null', containerFound=false
21:41:47.114 collectTaskContextText: result='', buttonText='', containerFound=false
21:41:47.225 collectTaskContextText: result='', buttonText='null', containerFound=false
21:41:47.269 collectTaskContextText: result='', buttonText='null', containerFound=false
21:41:47.318 collectTaskContextText: result='', buttonText='null', containerFound=false
21:41:47.374 collectTaskContextText: result='', buttonText='null', containerFound=false
21:41:47.422 collectTaskContextText: result='', buttonText='', containerFound=false
21:41:47.465 collectTaskContextText: result='', buttonText='null', containerFound=false
21:41:47.510 collectTaskContextText: result='', buttonText='null', containerFound=false
21:41:47.571 collectTaskContextText: result='', buttonText='null', containerFound=false
21:41:47.634 collectTaskContextText: result='', buttonText='', containerFound=false
21:41:47.696 collectTaskContextText: result='', buttonText='null', containerFound=false
21:41:47.794 collectTaskContextText: result='', buttonText='null', containerFound=false
21:41:47.847 collectTaskContextText: result='', buttonText='null', containerFound=false
21:41:47.904 collectTaskContextText: result='', buttonText='', containerFound=false
21:41:47.955 collectTaskContextText: result='', buttonText='null', containerFound=false
21:41:48.000 collectTaskContextText: result='', buttonText='null', containerFound=false
21:41:48.055 collectTaskContextText: result='', buttonText='null', containerFound=false
21:41:48.107 collectTaskContextText: result='', buttonText='null', containerFound=false
21:41:48.212 collectTaskContextText: result='', buttonText='null', containerFound=false
21:41:48.273 collectTaskContextText: result='', buttonText='', containerFound=false
21:41:48.341 collectTaskContextText: result='', buttonText='5s后领取', containerFound=false
21:41:48.426 collectTaskContextText: result='', buttonText='5s后领取', containerFound=false
21:41:48.513 collectTaskContextText: result='', buttonText='5s后领取', containerFound=false
21:41:48.584 collectTaskContextText: result='', buttonText='5s后领取', containerFound=false
21:41:48.666 collectTaskContextText: result='', buttonText='null', containerFound=false
21:41:48.750 collectTaskContextText: result='', buttonText='null', containerFound=false
21:41:48.823 collectTaskContextText: result='', buttonText='null', containerFound=false
21:41:48.892 collectTaskContextText: result='', buttonText='', containerFound=false
21:41:48.966 collectTaskContextText: result='', buttonText='null', containerFound=false
21:41:49.024 collectTaskContextText: result='', buttonText='null', containerFound=false
21:41:49.104 collectTaskContextText: result='', buttonText='null', containerFound=false
21:41:49.229 collectTaskContextText: result='', buttonText='null', containerFound=false
21:41:49.304 collectTaskContextText: result='', buttonText='', containerFound=false
21:41:49.387 collectTaskContextText: result='', buttonText='null', containerFound=false
21:41:49.463 collectTaskContextText: result='', buttonText='null', containerFound=false
21:41:49.550 collectTaskContextText: result='', buttonText='null', containerFound=false
21:41:49.616 collectTaskContextText: result='', buttonText='', containerFound=false
21:41:49.686 collectTaskContextText: result='', buttonText='null', containerFound=false
21:41:49.759 collectTaskContextText: result='', buttonText='null', containerFound=false
21:41:49.801 collectTaskContextText: result='', buttonText='null', containerFound=false
21:41:49.863 collectTaskContextText: result='', buttonText='', containerFound=false
21:41:49.931 collectTaskContextText: result='', buttonText='', containerFound=false
21:41:49.992 collectTaskContextText: result='', buttonText='', containerFound=false
21:41:50.065 collectTaskContextText: result='', buttonText='null', containerFound=false
21:41:50.172 collectTaskContextText: result='', buttonText='null', containerFound=false
21:41:50.247 collectTaskContextText: result='', buttonText='null', containerFound=false
21:41:50.399 collectTaskContextText: result='', buttonText='', containerFound=false
21:41:50.461 collectTaskContextText: result='', buttonText='', containerFound=false
21:41:50.512 collectTaskContextText: result='', buttonText='', containerFound=false
21:41:50.569 collectTaskContextText: result='', buttonText='null', containerFound=false
21:41:50.639 collectTaskContextText: result='', buttonText='null', containerFound=false
21:41:50.700 collectTaskContextText: result='', buttonText='', containerFound=false
21:41:50.786 collectTaskContextText: result='', buttonText='4s后领取', containerFound=false
21:41:50.843 collectTaskContextText: result='', buttonText='4s后领取', containerFound=false
21:41:50.886 collectTaskContextText: result='', buttonText='4s后领取', containerFound=false
21:41:50.940 collectTaskContextText: result='', buttonText='4s后领取', containerFound=false
21:41:50.994 collectTaskContextText: result='', buttonText='', containerFound=false
21:41:51.048 collectTaskContextText: result='', buttonText='null', containerFound=false
21:41:51.093 collectTaskContextText: result='', buttonText='', containerFound=false
21:41:51.151 collectTaskContextText: result='', buttonText='', containerFound=false
21:41:51.293 collectTaskContextText: result='', buttonText='null', containerFound=false
21:41:51.359 collectTaskContextText: result='', buttonText='', containerFound=false
21:41:51.432 collectTaskContextText: result='', buttonText='null', containerFound=false
21:41:51.525 collectTaskContextText: result='', buttonText='null', containerFound=false
21:41:51.609 collectTaskContextText: result='', buttonText='null', containerFound=false
21:41:51.696 collectTaskContextText: result='', buttonText='null', containerFound=false
21:41:51.777 collectTaskContextText: result='', buttonText='', containerFound=false
21:41:51.855 collectTaskContextText: result='', buttonText='null', containerFound=false
21:41:51.934 collectTaskContextText: result='', buttonText='null', containerFound=false
21:41:52.003 collectTaskContextText: result='', buttonText='', containerFound=false
21:41:52.078 collectTaskContextText: result='', buttonText='null', containerFound=false
21:41:52.150 collectTaskContextText: result='', buttonText='null', containerFound=false
21:41:52.254 collectTaskContextText: result='', buttonText='null', containerFound=false
21:41:52.314 collectTaskContextText: result='', buttonText='null', containerFound=false
21:41:52.360 collectTaskContextText: result='', buttonText='', containerFound=false
21:41:52.406 collectTaskContextText: result='', buttonText='null', containerFound=false
21:41:52.450 collectTaskContextText: result='', buttonText='null', containerFound=false
21:41:52.503 collectTaskContextText: result='', buttonText='', containerFound=false
21:41:52.546 collectTaskContextText: result='', buttonText='3s后领取', containerFound=false
21:41:52.599 collectTaskContextText: result='', buttonText='3s后领取', containerFound=false
21:41:52.648 collectTaskContextText: result='', buttonText='3s后领取', containerFound=false
21:41:52.697 collectTaskContextText: result='', buttonText='3s后领取', containerFound=false
21:41:52.754 collectTaskContextText: result='', buttonText='null', containerFound=false
21:41:52.833 collectTaskContextText: result='', buttonText='null', containerFound=false
21:41:52.917 collectTaskContextText: result='', buttonText='null', containerFound=false
21:41:52.977 collectTaskContextText: result='', buttonText='null', containerFound=false
21:41:53.045 collectTaskContextText: result='', buttonText='', containerFound=false
21:41:53.111 collectTaskContextText: result='', buttonText='null', containerFound=false
21:41:53.227 collectTaskContextText: result='', buttonText='null', containerFound=false
21:41:53.316 collectTaskContextText: result='', buttonText='null', containerFound=false
21:41:53.368 collectTaskContextText: result='', buttonText='', containerFound=false
21:41:53.423 collectTaskContextText: result='', buttonText='null', containerFound=false
21:41:53.493 collectTaskContextText: result='', buttonText='null', containerFound=false
21:41:53.555 collectTaskContextText: result='', buttonText='null', containerFound=false
21:41:53.596 collectTaskContextText: result='', buttonText='null', containerFound=false
21:41:53.637 collectTaskContextText: result='', buttonText='', containerFound=false
21:41:53.674 collectTaskContextText: result='', buttonText='null', containerFound=false
21:41:53.700 collectTaskContextText: result='', buttonText='null', containerFound=false
21:41:53.730 collectTaskContextText: result='', buttonText='', containerFound=false
21:41:53.759 collectTaskContextText: result='', buttonText='', containerFound=false
21:41:53.907 collectTaskContextText: result='', buttonText='null', containerFound=false
21:41:54.091 collectTaskContextText: result='', buttonText='null', containerFound=false
21:41:54.188 collectTaskContextText: result='', buttonText='null', containerFound=false
21:41:54.240 collectTaskContextText: result='', buttonText='', containerFound=false
21:41:54.269 collectTaskContextText: result='', buttonText='', containerFound=false
21:41:54.321 collectTaskContextText: result='', buttonText='null', containerFound=false
21:41:54.374 collectTaskContextText: result='', buttonText='null', containerFound=false
21:41:54.409 collectTaskContextText: result='', buttonText='', containerFound=false
21:41:54.468 collectTaskContextText: result='', buttonText='2s后领取', containerFound=false
21:41:54.541 collectTaskContextText: result='', buttonText='2s后领取', containerFound=false
21:41:54.573 collectTaskContextText: result='', buttonText='2s后领取', containerFound=false
21:41:54.601 collectTaskContextText: result='', buttonText='2s后领取', containerFound=false
21:41:54.626 collectTaskContextText: result='', buttonText='', containerFound=false
21:41:54.649 collectTaskContextText: result='', buttonText='', containerFound=false
21:41:54.677 collectTaskContextText: result='', buttonText='null', containerFound=false
21:41:54.710 collectTaskContextText: result='', buttonText='null', containerFound=false
21:41:54.761 collectTaskContextText: result='', buttonText='null', containerFound=false
21:41:54.815 collectTaskContextText: result='', buttonText='', containerFound=false
21:41:54.850 collectTaskContextText: result='', buttonText='', containerFound=false
21:41:54.880 collectTaskContextText: result='', buttonText='', containerFound=false
21:41:54.909 collectTaskContextText: result='', buttonText='null', containerFound=false
21:41:54.932 collectTaskContextText: result='', buttonText='null', containerFound=false
21:41:55.087 collectTaskContextText: result='', buttonText='', containerFound=false
21:41:55.288 collectTaskContextText: result='', buttonText='null', containerFound=false
21:41:55.336 collectTaskContextText: result='', buttonText='null', containerFound=false
21:41:55.368 collectTaskContextText: result='', buttonText='null', containerFound=false
21:41:55.420 collectTaskContextText: result='', buttonText='', containerFound=false
21:41:55.449 collectTaskContextText: result='', buttonText='null', containerFound=false
21:41:55.499 collectTaskContextText: result='', buttonText='null', containerFound=false
21:41:55.548 collectTaskContextText: result='', buttonText='null', containerFound=false
21:41:55.581 collectTaskContextText: result='', buttonText='null', containerFound=false
21:41:55.675 collectTaskContextText: result='', buttonText='', containerFound=false
21:41:55.739 collectTaskContextText: result='', buttonText='null', containerFound=false
21:41:55.796 collectTaskContextText: result='', buttonText='null', containerFound=false
21:41:55.855 collectTaskContextText: result='', buttonText='null', containerFound=false
21:41:55.907 collectTaskContextText: result='', buttonText='', containerFound=false
21:41:55.947 collectTaskContextText: result='', buttonText='null', containerFound=false
21:41:55.974 collectTaskContextText: result='', buttonText='null', containerFound=false
21:41:56.004 collectTaskContextText: result='', buttonText='null', containerFound=false
21:41:56.857 collectTaskContextText: result='', buttonText='', containerFound=false
21:41:56.886 collectTaskContextText: result='', buttonText='1s后领取', containerFound=false
21:41:56.916 collectTaskContextText: result='', buttonText='1s后领取', containerFound=false
21:41:56.980 collectTaskContextText: result='', buttonText='1s后领取', containerFound=false
21:41:57.054 collectTaskContextText: result='', buttonText='1s后领取', containerFound=false
21:41:57.274 collectTaskContextText: result='', buttonText='null', containerFound=false
21:41:57.314 collectTaskContextText: result='', buttonText='null', containerFound=false
21:41:57.349 collectTaskContextText: result='', buttonText='null', containerFound=false
21:41:57.378 collectTaskContextText: result='', buttonText='', containerFound=false
21:41:57.406 collectTaskContextText: result='', buttonText='null', containerFound=false
21:41:57.434 collectTaskContextText: result='', buttonText='null', containerFound=false
21:41:57.481 collectTaskContextText: result='', buttonText='null', containerFound=false
21:41:57.510 collectTaskContextText: result='', buttonText='', containerFound=false
21:41:57.552 collectTaskContextText: result='', buttonText='null', containerFound=false
21:41:57.656 collectTaskContextText: result='', buttonText='null', containerFound=false
21:41:57.778 collectTaskContextText: result='', buttonText='null', containerFound=false
21:41:57.873 collectTaskContextText: result='', buttonText='null', containerFound=false
21:41:57.958 collectTaskContextText: result='', buttonText='', containerFound=false
21:41:58.040 collectTaskContextText: result='', buttonText='null', containerFound=false
21:41:58.321 collectTaskContextText: result='', buttonText='null', containerFound=false
21:41:58.504 collectTaskContextText: result='', buttonText='null', containerFound=false
21:41:58.597 collectTaskContextText: result='', buttonText='null', containerFound=false
21:41:58.743 collectTaskContextText: result='', buttonText='', containerFound=false
21:41:58.775 collectTaskContextText: result='', buttonText='', containerFound=false
21:41:58.816 collectTaskContextText: result='', buttonText='', containerFound=false
21:41:58.863 collectTaskContextText: result='', buttonText='null', containerFound=false
21:41:58.917 collectTaskContextText: result='', buttonText='', containerFound=false
21:41:58.986 collectTaskContextText: result='', buttonText='', containerFound=false
21:41:59.049 collectTaskContextText: result='', buttonText='', containerFound=false
21:41:59.156 collectTaskContextText: result='', buttonText='null', containerFound=false
21:41:59.232 collectTaskContextText: result='', buttonText='null', containerFound=false
21:41:59.312 collectTaskContextText: result='', buttonText='null', containerFound=false
21:41:59.348 collectTaskContextText: result='', buttonText='', containerFound=false
21:41:59.407 collectTaskContextText: result='', buttonText='已领取', containerFound=false
21:41:59.475 collectTaskContextText: result='', buttonText='已领取', containerFound=false
21:41:59.553 collectTaskContextText: result='', buttonText='已领取', containerFound=false
21:41:59.599 collectTaskContextText: result='', buttonText='已领取', containerFound=false
21:41:59.646 collectTaskContextText: result='', buttonText='', containerFound=false
21:41:59.703 collectTaskContextText: result='', buttonText='', containerFound=false
21:41:59.770 collectTaskContextText: result='', buttonText='null', containerFound=false
21:41:59.815 collectTaskContextText: result='', buttonText='null', containerFound=false
21:41:59.845 collectTaskContextText: result='', buttonText='null', containerFound=false
21:41:59.895 collectTaskContextText: result='', buttonText='', containerFound=false
21:41:59.959 collectTaskContextText: result='', buttonText='', containerFound=false
21:42:00.098 collectTaskContextText: result='', buttonText='', containerFound=false
21:42:00.202 collectTaskContextText: result='', buttonText='null', containerFound=false
21:42:00.326 collectTaskContextText: result='', buttonText='null', containerFound=false
21:42:00.392 collectTaskContextText: result='', buttonText='', containerFound=false
21:42:00.487 collectTaskContextText: result='', buttonText='已领取', containerFound=false
21:42:00.617 collectTaskContextText: result='', buttonText='已领取', containerFound=false
21:42:00.710 collectTaskContextText: result='', buttonText='已领取全部奖励', containerFound=false
21:42:00.821 collectTaskContextText: result='', buttonText='已领取全部奖励', containerFound=false
21:42:00.930 collectTaskContextText: result='', buttonText='已领取', containerFound=false
21:42:01.023 collectTaskContextText: result='', buttonText='已领取', containerFound=false
21:42:01.096 collectTaskContextText: result='', buttonText='null', containerFound=false
21:42:01.186 collectTaskContextText: result='', buttonText='null', containerFound=false
21:42:01.331 collectTaskContextText: result='', buttonText='null', containerFound=false
21:42:01.424 collectTaskContextText: result='', buttonText='', containerFound=false
21:42:01.527 collectTaskContextText: result='', buttonText='null', containerFound=false
21:42:01.619 collectTaskContextText: result='', buttonText='null', containerFound=false
21:42:01.671 collectTaskContextText: result='', buttonText='null', containerFound=false
21:42:01.730 collectTaskContextText: result='', buttonText='null', containerFound=false
21:42:01.794 collectTaskContextText: result='', buttonText='', containerFound=false
21:42:01.866 collectTaskContextText: result='', buttonText='null', containerFound=false
21:42:01.946 collectTaskContextText: result='', buttonText='null', containerFound=false
21:42:02.013 collectTaskContextText: result='', buttonText='null', containerFound=false
21:42:02.085 collectTaskContextText: result='', buttonText='null', containerFound=false
21:42:02.164 collectTaskContextText: result='', buttonText='', containerFound=false
21:42:02.235 collectTaskContextText: result='', buttonText='null', containerFound=false
21:42:02.301 collectTaskContextText: result='', buttonText='null', containerFound=false
21:42:02.366 collectTaskContextText: result='', buttonText='', containerFound=false
21:42:02.458 collectTaskContextText: result='', buttonText='null', containerFound=false
21:42:02.523 collectTaskContextText: result='', buttonText='null', containerFound=false
21:42:02.608 collectTaskContextText: result='', buttonText='null', containerFound=false
21:42:02.689 collectTaskContextText: result='', buttonText='null', containerFound=false
21:42:02.766 collectTaskContextText: result='', buttonText='null', containerFound=false
21:42:02.835 collectTaskContextText: result='', buttonText='null', containerFound=false
21:42:02.900 collectTaskContextText: result='', buttonText='null', containerFound=false
21:42:02.984 collectTaskContextText: result='', buttonText='null', containerFound=false
21:42:03.042 collectTaskContextText: result='', buttonText='null', containerFound=false
21:42:03.134 collectTaskContextText: result='', buttonText='null', containerFound=false
21:42:03.202 collectTaskContextText: result='', buttonText='null', containerFound=false
21:42:03.284 collectTaskContextText: result='', buttonText='null', containerFound=false
21:42:03.367 collectTaskContextText: result='', buttonText='null', containerFound=false
21:42:03.488 collectTaskContextText: result='', buttonText='null', containerFound=false
21:42:03.545 collectTaskContextText: result='', buttonText='null', containerFound=false
21:42:03.591 collectTaskContextText: result='', buttonText='null', containerFound=false
21:42:03.640 collectTaskContextText: result='', buttonText='null', containerFound=false
21:42:03.716 collectTaskContextText: result='', buttonText='null', containerFound=false
21:42:03.804 collectTaskContextText: result='', buttonText='null', containerFound=false
21:42:03.913 collectTaskContextText: result='', buttonText='null', containerFound=false
21:42:04.021 collectTaskContextText: result='', buttonText='null', containerFound=false
21:42:04.104 collectTaskContextText: result='', buttonText='null', containerFound=false
21:42:04.208 collectTaskContextText: result='', buttonText='null', containerFound=false
21:42:04.290 collectTaskContextText: result='', buttonText='null', containerFound=false
21:42:04.387 collectTaskContextText: result='', buttonText='null', containerFound=false
21:42:04.528 collectTaskContextText: result='', buttonText='null', containerFound=false
21:42:04.616 collectTaskContextText: result='', buttonText='null', containerFound=false
21:42:04.688 collectTaskContextText: result='', buttonText='null', containerFound=false
21:42:04.775 collectTaskContextText: result='', buttonText='null', containerFound=false
21:42:04.895 collectTaskContextText: result='', buttonText='null', containerFound=false
21:42:04.998 collectTaskContextText: result='', buttonText='null', containerFound=false
21:42:05.089 collectTaskContextText: result='', buttonText='null', containerFound=false
21:42:05.185 collectTaskContextText: result='', buttonText='null', containerFound=false
21:42:05.288 collectTaskContextText: result='', buttonText='null', containerFound=false
21:42:05.365 collectTaskContextText: result='', buttonText='null', containerFound=false
21:42:05.497 collectTaskContextText: result='', buttonText='null', containerFound=false
21:42:05.581 collectTaskContextText: result='', buttonText='null', containerFound=false
21:42:05.664 collectTaskContextText: result='', buttonText='null', containerFound=false
21:42:05.762 collectTaskContextText: result='', buttonText='null', containerFound=false
21:42:05.832 collectTaskContextText: result='', buttonText='null', containerFound=false
21:42:05.955 collectTaskContextText: result='', buttonText='null', containerFound=false
21:42:06.034 collectTaskContextText: result='', buttonText='null', containerFound=false
21:42:06.115 collectTaskContextText: result='', buttonText='null', containerFound=false
21:42:06.212 collectTaskContextText: result='', buttonText='null', containerFound=false
21:42:06.281 collectTaskContextText: result='', buttonText='null', containerFound=false
21:42:06.355 collectTaskContextText: result='', buttonText='null', containerFound=false
21:42:06.470 collectTaskContextText: result='', buttonText='null', containerFound=false
21:42:06.600 collectTaskContextText: result='', buttonText='null', containerFound=false
21:42:06.681 collectTaskContextText: result='', buttonText='null', containerFound=false
21:42:06.779 collectTaskContextText: result='', buttonText='null', containerFound=false
21:42:06.909 collectTaskContextText: result='', buttonText='null', containerFound=false
21:42:07.050 collectTaskContextText: result='', buttonText='null', containerFound=false
21:42:07.156 collectTaskContextText: result='', buttonText='null', containerFound=false
21:42:07.273 collectTaskContextText: result='', buttonText='null', containerFound=false
21:42:07.433 collectTaskContextText: result='', buttonText='null', containerFound=false
21:42:07.556 collectTaskContextText: result='', buttonText='null', containerFound=false
21:42:07.740 collectTaskContextText: result='', buttonText='null', containerFound=false
21:42:07.858 collectTaskContextText: result='', buttonText='null', containerFound=false
21:42:08.024 collectTaskContextText: result='', buttonText='null', containerFound=false
21:42:08.140 collectTaskContextText: result='', buttonText='null', containerFound=false
21:42:08.257 collectTaskContextText: result='', buttonText='null', containerFound=false
21:42:08.399 collectTaskContextText: result='', buttonText='null', containerFound=false
21:42:08.540 collectTaskContextText: result='', buttonText='null', containerFound=false
21:42:08.707 collectTaskContextText: result='', buttonText='null', containerFound=false
21:42:08.824 collectTaskContextText: result='', buttonText='null', containerFound=false
21:42:08.958 collectTaskContextText: result='', buttonText='null', containerFound=false
21:42:09.107 collectTaskContextText: result='', buttonText='null', containerFound=false
21:42:09.225 collectTaskContextText: result='', buttonText='null', containerFound=false
21:42:09.339 collectTaskContextText: result='', buttonText='null', containerFound=false
21:42:09.464 collectTaskContextText: result='', buttonText='null', containerFound=false
21:42:09.565 collectTaskContextText: result='', buttonText='null', containerFound=false
21:42:09.724 collectTaskContextText: result='', buttonText='null', containerFound=false
21:42:09.849 collectTaskContextText: result='', buttonText='null', containerFound=false
21:42:09.966 collectTaskContextText: result='', buttonText='null', containerFound=false
21:42:10.111 collectTaskContextText: result='', buttonText='null', containerFound=false
21:42:10.320 collectTaskContextText: result='', buttonText='null', containerFound=false
21:42:14.503 collectTaskContextText: result='', buttonText='null', containerFound=false
21:42:14.734 collectTaskContextText: result='', buttonText='null', containerFound=false
21:42:14.949 collectTaskContextText: result='', buttonText=' 逛好物最高得1500肥料当前进度1，总进度1 连续浏览可得多次肥料奖励', containerFound=false
21:42:15.236 collectTaskContextText: result='', buttonText='继续逛', containerFound=false
21:42:15.432 collectTaskContextText: result='', buttonText='', containerFound=false
21:42:15.683 collectTaskContextText: result='', buttonText=' 逛好物最高得1500肥料当前进度1，总进度1 连续浏览可得多次肥料奖励', containerFound=false
21:42:15.900 collectTaskContextText: result='', buttonText='关闭做任务集肥料弹窗', containerFound=false
21:42:16.551 collectTaskContextText: result='', buttonText='', containerFound=false
21:42:16.768 collectTaskContextText: result='', buttonText='', containerFound=false
21:42:16.984 collectTaskContextText: result='', buttonText='', containerFound=false
21:42:17.218 collectTaskContextText: result='', buttonText='囤高原特产，得6万肥料', containerFound=false
21:42:17.433 collectTaskContextText: result='', buttonText='囤高原特产，得6万肥料', containerFound=false
21:42:17.650 collectTaskContextText: result='', buttonText='农货百款 等你来“挑”', containerFound=false
21:42:17.847 collectTaskContextText: result='', buttonText='农货百款 等你来“挑”', containerFound=false
21:42:18.034 collectTaskContextText: result='', buttonText='“抢”青海农货得6万肥料', containerFound=false
21:42:18.267 collectTaskContextText: result='', buttonText='“抢”青海农货得6万肥料', containerFound=false
21:42:18.532 collectTaskContextText: result='', buttonText='每日最高120300肥料', containerFound=false
21:42:18.767 collectTaskContextText: result='', buttonText='每日最高120300肥料', containerFound=false
21:42:18.982 collectTaskContextText: result='', buttonText='', containerFound=false
21:42:19.199 collectTaskContextText: result='', buttonText='青海好农货正热销！', containerFound=false
