=== cleared on app start (version=2.1, time=07:48:15) ===
07:48:15.244 killPlatformApps: killed com.ucmobile.lite for UC
07:48:15.247 killPlatformApps: killed com.eg.android.AlipayGphone for ALIPAY
07:48:15.248 killPlatformApps: killed com.taobao.taobao for TAOBAO
07:48:22.483 FarmShortcut: isDefaultLauncher: false (resolver=com.hihonor.android.launcher)
07:48:22.489 FarmShortcut: startFarmShortcut: not default launcher, cannot enumerate shortcuts
07:48:22.489 openApp: shortcut unavailable for ALIPAY, fallback to deep link / navigation
07:48:22.491 killPlatformApps: killed com.eg.android.AlipayGphone for ALIPAY
07:48:26.257 navigateAlipay: found 芭芭农场 entry at [125,156][567,242], clicking
07:48:26.262 performClickSafe: text='支付宝·芭芭农场' desc='' bounds=[125,156][567,242] clickable=true
07:48:26.272 performClickSafe: ACTION_CLICK success at depth=0
07:48:50.031 record event: type=0x800 pkg=com.bbncbot class=android.widget.Button text='停录' desc=''
07:48:50.130 record event: type=0x800 pkg=com.bbncbot class=android.widget.Button text='停录' desc=''
07:48:51.883 record event: type=0x800 pkg=com.eg.android.AlipayGphone class=android.view.View text='' desc=''
07:48:52.054 record event: type=0x800 pkg=com.eg.android.AlipayGphone class=android.webkit.WebView text='' desc=''
07:48:52.072 record event: type=0x800 pkg=com.eg.android.AlipayGphone class=android.widget.EditText text='' desc=''
07:48:52.077 record event: type=0x800 pkg=com.eg.android.AlipayGphone class=android.view.View text='' desc=''
07:48:52.095 record event: type=0x800 pkg=com.eg.android.AlipayGphone class=android.webkit.WebView text='' desc=''
07:48:54.560 record event: type=0x800 pkg=com.taobao.taobao class=android.widget.FrameLayout text='' desc=''
07:48:54.574 record event: type=0x800 pkg=com.taobao.taobao class=android.widget.FrameLayout text='' desc=''
07:48:54.579 record event: type=0x20 pkg=com.taobao.taobao class=com.taobao.themis.container.app.TMSActivity text='' desc=''
07:48:54.895 record event: type=0x800 pkg=com.taobao.taobao class=android.widget.FrameLayout text='' desc=''
07:48:54.983 record event: type=0x800 pkg=com.taobao.taobao class=android.widget.FrameLayout text='' desc=''
07:48:54.993 record event: type=0x20 pkg=com.taobao.taobao class=com.taobao.tao.TBMainActivity text='' desc=''
07:48:54.997 record event: type=0x800 pkg=com.taobao.taobao class=android.widget.FrameLayout text='' desc=''
07:48:55.271 record event: type=0x800 pkg=com.taobao.taobao class=android.view.View text='' desc=''
07:48:55.388 record event: type=0x800 pkg=com.taobao.taobao class=android.widget.FrameLayout text='' desc=''
07:48:55.977 record event: type=0x800 pkg=com.taobao.taobao class=android.widget.FrameLayout text='' desc=''
07:48:56.037 record event: type=0x800 pkg=com.eg.android.AlipayGphone class=android.widget.FrameLayout text='' desc=''
07:48:56.149 record event: type=0x20 pkg=com.eg.android.AlipayGphone class=com.alipay.mobile.nebulax.xriver.activity.XRiverActivity text='' desc=''
07:48:56.707 record event: type=0x800 pkg=com.taobao.taobao class=android.widget.FrameLayout text='' desc=''
07:48:56.786 record event: type=0x20 pkg=com.taobao.taobao class=com.taobao.tao.welcome.Welcome text='' desc=''
07:48:56.927 collectTaskContextText: result='', buttonText='null', containerFound=false
07:48:56.937 isOnFarmPage: activity=com.taobao.tao.welcome.welcome not in farm keywords, not on farm page
07:48:57.015 isOnFarmPage: activity=com.taobao.tao.welcome.welcome not in farm keywords, not on farm page
07:48:57.118 isOnFarmPage: activity=com.taobao.tao.welcome.welcome not in farm keywords, not on farm page
07:48:57.178 collectTaskContextText: result='', buttonText='null', containerFound=false
07:48:57.185 isOnFarmPage: activity=com.taobao.tao.welcome.welcome not in farm keywords, not on farm page
07:48:57.208 collectTaskContextText: result='', buttonText='null', containerFound=false
07:48:57.216 isOnFarmPage: activity=com.taobao.tao.welcome.welcome not in farm keywords, not on farm page
07:48:57.283 collectTaskContextText: result='', buttonText='null', containerFound=false
07:48:57.298 isOnFarmPage: activity=com.taobao.tao.welcome.welcome not in farm keywords, not on farm page
07:48:57.348 collectTaskContextText: result='', buttonText='null', containerFound=false
07:48:57.374 isOnFarmPage: activity=com.taobao.tao.welcome.welcome not in farm keywords, not on farm page
07:48:57.555 collectTaskContextText: result='', buttonText='null', containerFound=false
07:48:57.612 isOnFarmPage: activity=com.taobao.tao.welcome.welcome not in farm keywords, not on farm page
07:48:58.056 record event: type=0x800 pkg=com.taobao.taobao class=android.widget.FrameLayout text='' desc=''
07:48:58.080 record event: type=0x800 pkg=com.taobao.taobao class=android.widget.FrameLayout text='' desc=''
07:48:58.108 collectTaskContextText: result='', buttonText='null', containerFound=false
07:48:58.212 record event: type=0x20 pkg=com.taobao.taobao class=com.taobao.themis.container.app.TMSActivity text='' desc=''
07:48:58.766 record event: type=0x800 pkg=com.taobao.taobao class=android.widget.FrameLayout text='' desc=''
07:48:58.779 record event: type=0x800 pkg=com.taobao.taobao class=android.widget.FrameLayout text='' desc=''
07:48:58.805 record event: type=0x20 pkg=com.taobao.taobao class=com.taobao.themis.container.app.TMSActivity text='' desc=''
07:48:58.858 record event: type=0x800 pkg=com.taobao.taobao class=android.widget.FrameLayout text='' desc=''
07:48:58.873 isOnFarmPage: no farm content, sample=[]
07:48:58.958 record event: type=0x800 pkg=com.taobao.taobao class=android.widget.FrameLayout text='' desc=''
07:48:58.963 collectTaskContextText: result='', buttonText='null', containerFound=false
07:48:59.102 collectTaskContextText: result='', buttonText='null', containerFound=false
07:48:59.182 collectTaskContextText: result='', buttonText='null', containerFound=false
07:48:59.648 record event: type=0x800 pkg=com.taobao.taobao class=android.widget.FrameLayout text='' desc=''
07:48:59.852 record event: type=0x800 pkg=com.taobao.taobao class=android.widget.FrameLayout text='' desc=''
07:48:59.856 record event: type=0x20 pkg=com.taobao.taobao class=com.taobao.tao.TBMainActivity text='' desc=''
07:48:59.871 record event: type=0x800 pkg=com.taobao.taobao class=android.widget.ScrollView text='' desc=''
07:48:59.969 record event: type=0x800 pkg=com.taobao.taobao class=android.widget.ScrollView text='' desc=''
07:49:00.081 record event: type=0x800 pkg=com.taobao.taobao class=android.widget.ScrollView text='' desc=''
07:49:00.127 record event: type=0x800 pkg=com.taobao.taobao class=android.widget.ScrollView text='' desc=''
07:49:00.234 record event: type=0x800 pkg=com.taobao.taobao class=android.widget.ScrollView text='' desc=''
07:49:00.392 record event: type=0x800 pkg=com.taobao.taobao class=android.widget.HorizontalScrollView text='' desc=''
07:49:00.439 record event: type=0x800 pkg=com.taobao.taobao class=android.widget.FrameLayout text='' desc=''
07:49:00.555 record event: type=0x800 pkg=com.taobao.taobao class=android.widget.FrameLayout text='' desc=''
07:49:00.719 record event: type=0x800 pkg=com.taobao.taobao class=androidx.recyclerview.widget.RecyclerView text='' desc=''
07:49:00.821 record event: type=0x800 pkg=com.taobao.taobao class=androidx.recyclerview.widget.RecyclerView text='' desc=''
07:49:00.920 record event: type=0x800 pkg=com.taobao.taobao class=androidx.recyclerview.widget.RecyclerView text='' desc=''
07:49:01.458 record event: type=0x800 pkg=com.taobao.taobao class=androidx.recyclerview.widget.RecyclerView text='' desc=''
07:49:01.593 record event: type=0x800 pkg=com.taobao.taobao class=android.widget.FrameLayout text='' desc=''
07:49:01.604 record event: type=0x800 pkg=com.taobao.taobao class=android.widget.FrameLayout text='' desc=''
07:49:01.672 record event: type=0x800 pkg=com.eg.android.AlipayGphone class=android.widget.FrameLayout text='' desc=''
07:49:01.753 record event: type=0x800 pkg=com.eg.android.AlipayGphone class=android.widget.ViewFlipper text='' desc=''
07:49:01.838 record event: type=0x800 pkg=com.eg.android.AlipayGphone class=android.widget.FrameLayout text='' desc=''
07:49:01.851 record event: type=0x20 pkg=com.eg.android.AlipayGphone class=com.eg.android.AlipayGphone.AlipayLogin text='' desc=''
07:49:01.942 record event: type=0x800 pkg=com.eg.android.AlipayGphone class=android.support.v7.widget.RecyclerView text='' desc=''
07:49:02.043 record event: type=0x800 pkg=com.eg.android.AlipayGphone class=android.support.v7.widget.RecyclerView text='' desc=''
07:49:02.471 collectTaskContextText: result='', buttonText='null', containerFound=false
07:49:02.498 isOnFarmPage: no farm content, sample=[松开刷新, 深圳, 阴 28℃, 搜索框, 搜索, 搜索, , 海底捞拌饭]
07:49:02.574 collectTaskContextText: result='', buttonText='null', containerFound=false
07:49:02.693 collectTaskContextText: result='', buttonText='null', containerFound=false
07:49:02.797 collectTaskContextText: result='', buttonText='null', containerFound=false
07:49:02.902 collectTaskContextText: result='', buttonText='null', containerFound=false
07:49:03.016 collectTaskContextText: result='', buttonText='null', containerFound=false
07:49:03.101 collectTaskContextText: result='', buttonText='null', containerFound=false
07:49:03.364 collectTaskContextText: result='', buttonText='null', containerFound=false
07:49:03.485 collectTaskContextText: result='', buttonText='null', containerFound=false
07:49:03.617 record event: type=0x800 pkg=com.eg.android.AlipayGphone class=android.widget.RelativeLayout text='' desc=''
07:49:03.700 record event: type=0x800 pkg=com.eg.android.AlipayGphone class=android.support.v7.widget.RecyclerView text='' desc=''
07:49:03.835 record event: type=0x800 pkg=com.eg.android.AlipayGphone class=android.widget.FrameLayout text='' desc=''
07:49:03.933 record event: type=0x800 pkg=com.eg.android.AlipayGphone class=android.support.v7.widget.RecyclerView text='' desc=''
07:49:04.205 record event: type=0x800 pkg=com.eg.android.AlipayGphone class=android.widget.FrameLayout text='' desc=''
07:49:04.238 record event: type=0x800 pkg=com.eg.android.AlipayGphone class=android.support.v7.widget.RecyclerView text='' desc=''
07:49:04.442 collectTaskContextText: result='', buttonText='null', containerFound=false
07:49:04.469 record event: type=0x800 pkg=com.eg.android.AlipayGphone class=android.widget.FrameLayout text='' desc=''
07:49:04.478 record event: type=0x800 pkg=com.eg.android.AlipayGphone class=android.widget.FrameLayout text='' desc=''
07:49:04.546 record event: type=0x800 pkg=com.eg.android.AlipayGphone class=android.widget.FrameLayout text='' desc=''
07:49:04.555 record event: type=0x20 pkg=com.eg.android.AlipayGphone class=com.alipay.mobile.nebulax.xriver.activity.XRiverActivity text='' desc=''
07:49:04.690 record event: type=0x800 pkg=com.eg.android.AlipayGphone class=android.widget.FrameLayout text='' desc='关闭'
07:49:04.740 collectTaskContextText: result='', buttonText='null', containerFound=false
07:49:04.789 record event: type=0x800 pkg=com.eg.android.AlipayGphone class=android.widget.FrameLayout text='' desc=''
07:49:04.861 collectTaskContextText: result='', buttonText='null', containerFound=false
07:49:04.956 record event: type=0x800 pkg=com.eg.android.AlipayGphone class=com.alipay.mywebview.sdk.WebView text='' desc=''
07:49:05.007 collectTaskContextText: result='', buttonText='null', containerFound=false
07:49:05.155 collectTaskContextText: result='', buttonText='null', containerFound=false
07:49:05.557 collectTaskContextText: result='', buttonText='null', containerFound=false
07:49:05.589 record event: type=0x800 pkg=com.eg.android.AlipayGphone class=com.alipay.mywebview.sdk.WebView text='' desc=''
07:49:05.611 record event: type=0x800 pkg=com.eg.android.AlipayGphone class=com.alipay.mywebview.sdk.WebView text='' desc=''
07:49:05.615 isOnFarmPage: no farm content, sample=[松开刷新, 稍等片刻, 返回, , 更多, , 更多, 关闭]
07:49:05.761 collectTaskContextText: result='', buttonText='null', containerFound=false
07:49:05.795 record event: type=0x800 pkg=com.eg.android.AlipayGphone class=android.widget.TextView text='支付宝·芭芭农场' desc=''
07:49:05.906 record event: type=0x800 pkg=com.eg.android.AlipayGphone class=android.widget.FrameLayout text='' desc=''
07:49:05.985 record event: type=0x800 pkg=com.eg.android.AlipayGphone class=android.view.View text='' desc=''
07:49:05.991 record event: type=0x800 pkg=com.eg.android.AlipayGphone class=android.view.View text='' desc=''
07:49:06.005 record event: type=0x800 pkg=com.eg.android.AlipayGphone class=android.view.View text='' desc=''
07:49:06.011 record event: type=0x800 pkg=com.eg.android.AlipayGphone class=android.webkit.WebView text='' desc=''
07:49:06.027 record event: type=0x800 pkg=com.eg.android.AlipayGphone class=android.widget.TextView text='' desc=''
07:49:06.124 record event: type=0x800 pkg=com.eg.android.AlipayGphone class=android.view.View text='' desc=''
07:49:06.193 collectTaskContextText: result='', buttonText='null', containerFound=false
07:49:06.291 record event: type=0x800 pkg=com.eg.android.AlipayGphone class=android.widget.TextView text='' desc=''
07:49:06.305 record event: type=0x800 pkg=com.eg.android.AlipayGphone class=android.widget.Image text='引导标语' desc=''
07:49:06.317 record event: type=0x800 pkg=com.eg.android.AlipayGphone class=android.view.View text='' desc=''
07:49:06.415 collectTaskContextText: result='', buttonText='null', containerFound=false
07:49:06.460 record event: type=0x800 pkg=com.eg.android.AlipayGphone class=android.view.View text='' desc=''
07:49:06.466 record event: type=0x800 pkg=com.eg.android.AlipayGphone class=android.view.View text='' desc=''
07:49:06.721 collectTaskContextText: result='', buttonText='null', containerFound=false
07:49:06.747 record event: type=0x800 pkg=com.eg.android.AlipayGphone class=android.view.View text='' desc=''
07:49:06.752 record event: type=0x800 pkg=com.eg.android.AlipayGphone class=android.view.View text='' desc=''
07:49:06.965 record event: type=0x800 pkg=com.eg.android.AlipayGphone class=android.view.View text='' desc=''
07:49:06.974 record event: type=0x800 pkg=com.eg.android.AlipayGphone class=android.view.View text='' desc=''
07:49:06.977 record event: type=0x800 pkg=com.eg.android.AlipayGphone class=android.view.View text='' desc=''
07:49:07.224 collectTaskContextText: result='', buttonText='null', containerFound=false
07:49:07.420 record event: type=0x800 pkg=com.eg.android.AlipayGphone class=android.widget.GridView text='' desc=''
07:49:07.424 record event: type=0x800 pkg=com.eg.android.AlipayGphone class=android.view.View text='' desc=''
07:49:07.429 record event: type=0x800 pkg=com.eg.android.AlipayGphone class=android.view.View text='' desc=''
07:49:07.437 record event: type=0x800 pkg=com.eg.android.AlipayGphone class=android.view.View text='' desc=''
07:49:07.442 record event: type=0x800 pkg=com.eg.android.AlipayGphone class=android.webkit.WebView text='' desc=''
07:49:07.601 record event: type=0x800 pkg=com.eg.android.AlipayGphone class=android.view.View text='' desc=''
07:49:07.605 record event: type=0x800 pkg=com.eg.android.AlipayGphone class=android.view.View text='' desc=''
07:49:07.620 record event: type=0x800 pkg=com.eg.android.AlipayGphone class=com.alipay.mywebview.sdk.WebView text='' desc=''
07:49:07.803 collectTaskContextText: result='', buttonText='null', containerFound=false
07:49:07.961 collectTaskContextText: result='', buttonText='null', containerFound=false
07:49:08.097 collectTaskContextText: result='', buttonText='null', containerFound=false
07:49:08.663 collectTaskContextText: result='', buttonText='null', containerFound=false
07:49:08.788 collectTaskContextText: result='', buttonText='null', containerFound=false
07:49:08.922 collectTaskContextText: result='', buttonText='null', containerFound=false
07:49:09.035 collectTaskContextText: result='', buttonText='null', containerFound=false
07:49:09.186 collectTaskContextText: result='', buttonText='null', containerFound=false
07:49:09.469 collectTaskContextText: result='', buttonText='null', containerFound=false
07:49:09.691 collectTaskContextText: result='', buttonText='null', containerFound=false
07:49:09.884 collectTaskContextText: result='', buttonText='null', containerFound=false
07:49:09.966 record event: type=0x800 pkg=com.eg.android.AlipayGphone class=android.view.View text='' desc=''
07:49:10.069 record event: type=0x800 pkg=com.eg.android.AlipayGphone class=android.view.View text='' desc=''
07:49:10.164 record event: type=0x800 pkg=com.eg.android.AlipayGphone class=android.view.View text='' desc=''
07:49:10.272 record event: type=0x800 pkg=com.eg.android.AlipayGphone class=android.view.View text='' desc=''
07:49:10.333 record event: type=0x800 pkg=com.eg.android.AlipayGphone class=android.view.View text='' desc=''
07:49:10.338 record event: type=0x800 pkg=com.eg.android.AlipayGphone class=android.widget.TextView text='' desc=''
07:49:10.488 record event: type=0x800 pkg=com.eg.android.AlipayGphone class=android.view.View text='' desc=''
07:49:10.491 record event: type=0x800 pkg=com.eg.android.AlipayGphone class=android.widget.TextView text='' desc=''
07:49:10.502 record event: type=0x800 pkg=com.eg.android.AlipayGphone class=android.webkit.WebView text='' desc=''
07:49:10.596 record event: type=0x800 pkg=com.eg.android.AlipayGphone class=android.view.View text='' desc=''
07:49:10.763 record event: type=0x800 pkg=com.eg.android.AlipayGphone class=android.view.View text='' desc=''
07:49:10.780 record event: type=0x800 pkg=com.eg.android.AlipayGphone class=android.widget.Button text='前往手机淘宝-芭芭农场' desc=''
07:49:10.948 record event: type=0x800 pkg=com.eg.android.AlipayGphone class=android.widget.TextView text='已领取' desc=''
07:49:10.952 record event: type=0x800 pkg=com.eg.android.AlipayGphone class=android.view.View text='' desc=''
07:49:10.963 record event: type=0x800 pkg=com.eg.android.AlipayGphone class=com.alipay.mywebview.sdk.WebView text='' desc=''
07:49:11.770 findRedPacketCloseButton: found '继续逛' in red packet popup
07:49:11.980 collectTaskContextText: result='', buttonText='null', containerFound=false
07:49:13.409 record event: type=0x800 pkg=com.bbncbot class=android.widget.Button text='停录' desc=''
