=== cleared on app start (version=2.1, time=02:05:53) ===
02:05:53.992 killPlatformApps: killed com.ucmobile.lite for UC
02:05:53.994 killPlatformApps: killed com.eg.android.AlipayGphone for ALIPAY
02:05:53.995 killPlatformApps: killed com.taobao.taobao for TAOBAO
02:06:02.998 FarmAccessibilityService connected, API=36
02:06:06.964 FarmShortcut: isDefaultLauncher: false (resolver=com.hihonor.android.launcher)
02:06:06.968 FarmShortcut: startFarmShortcut: not default launcher, cannot enumerate shortcuts
02:06:06.968 openApp: shortcut unavailable for ALIPAY, fallback to deep link / navigation
02:06:06.969 killPlatformApps: killed com.eg.android.AlipayGphone for ALIPAY
02:06:10.975 navigateAlipay: found 芭芭农场 entry at [484,538][716,758], clicking
02:06:10.975 performClickSafe: text='' desc='' bounds=[484,538][716,758] clickable=true
02:06:11.080 performClickSafe: ACTION_CLICK success at depth=0
02:06:30.854 record event: type=0x800 pkg=com.bbncbot class=android.widget.Button text='停录' desc=''
02:06:30.957 record event: type=0x800 pkg=com.bbncbot class=android.widget.Button text='停录' desc=''
02:06:31.350 OCR fertilizer: amount=520 (lines=43)
02:06:34.382 record event: type=0x800 pkg=com.eg.android.AlipayGphone class=android.view.View text='' desc=''
02:06:34.492 record event: type=0x800 pkg=com.eg.android.AlipayGphone class=android.view.View text='' desc=''
02:06:34.558 record event: type=0x800 pkg=com.eg.android.AlipayGphone class=android.view.View text='' desc=''
02:06:34.708 record event: type=0x800 pkg=com.eg.android.AlipayGphone class=android.widget.TextView text='' desc=''
02:06:34.725 record event: type=0x800 pkg=com.eg.android.AlipayGphone class=android.view.View text='' desc=''
02:06:34.730 record event: type=0x800 pkg=com.eg.android.AlipayGphone class=android.webkit.WebView text='' desc=''
02:06:34.824 record event: type=0x800 pkg=com.eg.android.AlipayGphone class=android.widget.TextView text='' desc=''
02:06:35.075 record event: type=0x800 pkg=com.eg.android.AlipayGphone class=android.view.View text='' desc=''
02:06:35.298 record event: type=0x800 pkg=com.eg.android.AlipayGphone class=android.view.View text='' desc=''
02:06:35.307 record event: type=0x800 pkg=com.eg.android.AlipayGphone class=android.widget.Button text='前往手机淘宝-芭芭农场' desc=''
02:06:35.506 record event: type=0x800 pkg=com.eg.android.AlipayGphone class=com.alipay.mywebview.sdk.WebView text='' desc=''
02:06:36.290 record event: type=0x800 pkg=com.eg.android.AlipayGphone class=android.widget.Button text='' desc=''
02:06:36.392 record event: type=0x800 pkg=com.eg.android.AlipayGphone class=android.widget.Button text='' desc=''
02:06:36.575 record event: type=0x800 pkg=com.eg.android.AlipayGphone class=android.widget.TextView text='已领取' desc=''
02:06:36.588 record event: type=0x800 pkg=com.eg.android.AlipayGphone class=android.view.View text='' desc=''
02:06:36.606 record event: type=0x800 pkg=com.eg.android.AlipayGphone class=android.widget.TextView text='今天' desc=''
02:06:36.611 record event: type=0x800 pkg=com.eg.android.AlipayGphone class=android.webkit.WebView text='' desc=''
02:06:36.621 record event: type=0x20 pkg=com.eg.android.AlipayGphone class=android.widget.FrameLayout text='' desc=''
02:06:36.688 record event: type=0x800 pkg=com.eg.android.AlipayGphone class=android.widget.TextView text='已领取' desc=''
02:06:36.705 record event: type=0x800 pkg=com.eg.android.AlipayGphone class=android.widget.FrameLayout text='' desc=''
02:06:36.790 record event: type=0x800 pkg=com.eg.android.AlipayGphone class=android.widget.FrameLayout text='' desc=''
02:06:37.941 collectTaskContextText: result='', buttonText='', containerFound=true
02:06:37.991 isOnFarmPage: no farm content, sample=[签到成功！每天来芭芭农场，更快1分钱领水果~]
02:06:38.187 collectTaskContextText: result='', buttonText='', containerFound=true
02:06:38.496 collectTaskContextText: result='', buttonText='', containerFound=true
02:06:38.551 record event: type=0x800 pkg=com.eg.android.AlipayGphone class=android.widget.Button text='关闭做任务集肥料弹窗' desc=''
02:06:38.602 record event: type=0x800 pkg=com.eg.android.AlipayGphone class=android.widget.FrameLayout text='' desc=''
02:06:38.686 record event: type=0x800 pkg=com.eg.android.AlipayGphone class=android.widget.Button text='' desc=''
02:06:38.697 findBrowseRewardCountdownHint: found '逛好物最高得3000肥当前进度0，总进度1 逛15s最高得2000，找肥再得1000', seconds=15
02:06:38.734 record event: type=0x800 pkg=com.eg.android.AlipayGphone class=android.view.View text='' desc=''
02:06:38.739 record event: type=0x800 pkg=com.eg.android.AlipayGphone class=android.widget.FrameLayout text='' desc=''
02:06:38.934 record event: type=0x800 pkg=com.eg.android.AlipayGphone class=android.view.View text='' desc=''
02:06:39.102 record event: type=0x800 pkg=com.eg.android.AlipayGphone class=android.widget.TextView text='青海好农货正热销！' desc=''
02:06:39.118 record event: type=0x800 pkg=com.eg.android.AlipayGphone class=android.widget.TextView text='青海好农货正热销！' desc=''
02:06:39.135 record event: type=0x800 pkg=com.eg.android.AlipayGphone class=android.widget.TextView text='“抢”青海农货得6万肥料' desc=''
02:06:39.152 record event: type=0x800 pkg=com.eg.android.AlipayGphone class=android.widget.TextView text='“抢”青海农货得6万肥料' desc=''
02:06:39.169 record event: type=0x800 pkg=com.eg.android.AlipayGphone class=android.widget.TextView text='农货百款 等你来“挑”' desc=''
02:06:39.186 record event: type=0x800 pkg=com.eg.android.AlipayGphone class=android.widget.TextView text='农货百款 等你来“挑”' desc=''
02:06:39.192 record event: type=0x800 pkg=com.eg.android.AlipayGphone class=android.widget.TextView text='“抢”高原鲜货 得6万肥' desc=''
02:06:39.202 record event: type=0x800 pkg=com.eg.android.AlipayGphone class=android.widget.TextView text='“抢”高原鲜货 得6万肥' desc=''
02:06:39.207 record event: type=0x800 pkg=com.eg.android.AlipayGphone class=android.webkit.WebView text='' desc=''
02:06:39.217 record event: type=0x800 pkg=com.eg.android.AlipayGphone class=android.widget.TextView text='每日最高120300肥料' desc=''
02:06:39.234 record event: type=0x800 pkg=com.eg.android.AlipayGphone class=android.widget.TextView text='囤高原特产，得6万肥料' desc=''
02:06:39.400 record event: type=0x800 pkg=com.eg.android.AlipayGphone class=android.widget.Button text='任务列表' desc=''
02:06:39.405 record event: type=0x800 pkg=com.eg.android.AlipayGphone class=android.widget.TextView text='大额' desc=''
02:06:39.417 record event: type=0x800 pkg=com.eg.android.AlipayGphone class=android.view.View text='' desc=''
02:06:39.500 record event: type=0x800 pkg=com.eg.android.AlipayGphone class=android.widget.Button text='任务列表' desc=''
02:06:39.914 collectTaskContextText: result='', buttonText='', containerFound=false
02:06:40.151 collectTaskContextText: result='', buttonText='', containerFound=false
02:06:40.376 collectTaskContextText: result='', buttonText='', containerFound=true
02:06:41.101 collectTaskContextText: result='', buttonText='', containerFound=false
02:06:41.334 collectTaskContextText: result='', buttonText='', containerFound=false
02:06:41.538 collectTaskContextText: result='', buttonText='前往手机淘宝-芭芭农场', containerFound=false
02:06:41.842 collectTaskContextText: result='', buttonText='null', containerFound=true
02:06:42.548 collectTaskContextText: result='', buttonText='已领取', containerFound=false
02:06:42.811 collectTaskContextText: result='', buttonText='', containerFound=false
02:06:43.017 collectTaskContextText: result='', buttonText='今天', containerFound=false
02:06:43.197 collectTaskContextText: result='', buttonText='', containerFound=true
02:06:43.395 collectTaskContextText: result='', buttonText='null', containerFound=false
02:06:43.676 collectTaskContextText: result='', buttonText='已领取', containerFound=false
02:06:43.960 collectTaskContextText: result='', buttonText='null', containerFound=false
02:06:44.160 collectTaskContextText: result='', buttonText='null', containerFound=false
02:06:44.448 collectTaskContextText: result='', buttonText='关闭做任务集肥料弹窗', containerFound=false
02:06:45.669 collectTaskContextText: result='', buttonText='', containerFound=true
02:06:45.959 collectTaskContextText: result='青海好农货正热销！ 青海好农货正热销！ “抢”青海农货得6万肥料 农货百款 等你来“挑” “抢”高原鲜货 得6万肥 每日最高120300肥料 囤高原特产，得6万肥料 “抢”高原鲜货 得6万肥 ', buttonText='青海好农货正热销！', containerFound=true
02:06:46.202 collectTaskContextText: result='青海好农货正热销！ 青海好农货正热销！ “抢”青海农货得6万肥料 农货百款 等你来“挑” “抢”高原鲜货 得6万肥 每日最高120300肥料 囤高原特产，得6万肥料 “抢”高原鲜货 得6万肥 ', buttonText='青海好农货正热销！', containerFound=true
02:06:46.452 collectTaskContextText: result='青海好农货正热销！ 青海好农货正热销！ “抢”青海农货得6万肥料 农货百款 等你来“挑” “抢”高原鲜货 得6万肥 每日最高120300肥料 囤高原特产，得6万肥料 “抢”高原鲜货 得6万肥 ', buttonText='“抢”青海农货得6万肥料', containerFound=true
02:06:46.695 collectTaskContextText: result='青海好农货正热销！ 青海好农货正热销！ “抢”青海农货得6万肥料 农货百款 等你来“挑” “抢”高原鲜货 得6万肥 每日最高120300肥料 囤高原特产，得6万肥料 “抢”高原鲜货 得6万肥 ', buttonText='“抢”青海农货得6万肥料', containerFound=true
02:06:46.941 collectTaskContextText: result='青海好农货正热销！ 青海好农货正热销！ “抢”青海农货得6万肥料 农货百款 等你来“挑” “抢”高原鲜货 得6万肥 每日最高120300肥料 囤高原特产，得6万肥料 “抢”高原鲜货 得6万肥 ', buttonText='农货百款 等你来“挑”', containerFound=true
02:06:47.224 collectTaskContextText: result='青海好农货正热销！ 青海好农货正热销！ “抢”青海农货得6万肥料 农货百款 等你来“挑” “抢”高原鲜货 得6万肥 每日最高120300肥料 囤高原特产，得6万肥料 “抢”高原鲜货 得6万肥 ', buttonText='农货百款 等你来“挑”', containerFound=true
02:06:47.456 collectTaskContextText: result='青海好农货正热销！ 青海好农货正热销！ “抢”青海农货得6万肥料 农货百款 等你来“挑” “抢”高原鲜货 得6万肥 每日最高120300肥料 囤高原特产，得6万肥料 “抢”高原鲜货 得6万肥 ', buttonText='“抢”高原鲜货 得6万肥', containerFound=true
02:06:47.657 collectTaskContextText: result='青海好农货正热销！ 青海好农货正热销！ “抢”青海农货得6万肥料 农货百款 等你来“挑” “抢”高原鲜货 得6万肥 每日最高120300肥料 囤高原特产，得6万肥料 “抢”高原鲜货 得6万肥 ', buttonText='“抢”高原鲜货 得6万肥', containerFound=true
02:06:47.894 collectTaskContextText: result='', buttonText='', containerFound=true
02:06:48.115 collectTaskContextText: result='青海好农货正热销！ 青海好农货正热销！ “抢”青海农货得6万肥料 农货百款 等你来“挑” “抢”高原鲜货 得6万肥 每日最高120300肥料 囤高原特产，得6万肥料 “抢”高原鲜货 得6万肥 ', buttonText='每日最高120300肥料', containerFound=true
02:06:48.356 collectTaskContextText: result='青海好农货正热销！ 青海好农货正热销！ “抢”青海农货得6万肥料 农货百款 等你来“挑” “抢”高原鲜货 得6万肥 每日最高120300肥料 囤高原特产，得6万肥料 “抢”高原鲜货 得6万肥 ', buttonText='囤高原特产，得6万肥料', containerFound=true
02:06:48.570 collectTaskContextText: result='任务列表 农场乐园入口 切换摇钱树 逛农货 我的收获 ', buttonText='任务列表', containerFound=true
02:06:48.833 collectTaskContextText: result='任务列表 ', buttonText='大额', containerFound=true
02:06:49.111 collectTaskContextText: result='任务列表 农场乐园入口 ', buttonText='', containerFound=true
02:06:49.388 collectTaskContextText: result='任务列表 农场乐园入口 切换摇钱树 逛农货 我的收获 ', buttonText='任务列表', containerFound=true
02:06:49.796 OCR fertilizer: amount=1120 (lines=44)
