=== cleared on app start (version=2.1, time=14:39:01) ===
14:39:01.602 killPlatformApps: killed com.ucmobile.lite for UC
14:39:01.605 killPlatformApps: killed com.eg.android.AlipayGphone for ALIPAY
14:39:01.607 killPlatformApps: killed com.taobao.taobao for TAOBAO
14:42:03.449 FarmShortcut: isDefaultLauncher: false (resolver=com.hihonor.android.launcher)
14:42:03.454 FarmShortcut: startFarmShortcut: not default launcher, cannot enumerate shortcuts
14:42:03.455 openApp: shortcut unavailable for ALIPAY, fallback to deep link / navigation
14:42:03.457 killPlatformApps: killed com.eg.android.AlipayGphone for ALIPAY
14:42:07.571 navigateAlipay: found 芭芭农场 entry at [942,1494][1171,1682], clicking
14:42:07.572 performClickSafe: text='' desc='' bounds=[942,1494][1171,1682] clickable=true
14:42:07.704 performClickSafe: ACTION_CLICK success at depth=0
14:42:47.718 FarmShortcut: isDefaultLauncher: false (resolver=com.hihonor.android.launcher)
14:42:47.724 FarmShortcut: startFarmShortcut: not default launcher, cannot enumerate shortcuts
14:42:47.725 openApp: shortcut unavailable for ALIPAY, fallback to deep link / navigation
14:42:47.726 killPlatformApps: killed com.eg.android.AlipayGphone for ALIPAY
14:42:51.881 navigateAlipay: found 芭芭农场 entry at [484,941][716,1161], clicking
14:42:51.881 performClickSafe: text='' desc='' bounds=[484,941][716,1161] clickable=true
14:42:51.962 performClickSafe: ACTION_CLICK success at depth=0
14:43:02.608 record event: type=0x800 pkg=com.bbncbot class=android.widget.Button text='停录' desc=''
14:43:02.666 takeScreenshotBitmap: takeScreenshot failed, errorCode=4
14:43:02.670 OCR fertilizer: screenshot failed
14:43:02.711 record event: type=0x800 pkg=com.bbncbot class=android.widget.Button text='停录' desc=''
14:43:02.715 record event: type=0x800 pkg=com.eg.android.AlipayGphone class=android.view.View text='' desc=''
14:43:02.927 collectTaskContextText: result='', buttonText='', containerFound=true
14:43:04.207 record event: type=0x800 pkg=com.eg.android.AlipayGphone class=android.widget.Image text='' desc=''
14:43:04.309 record event: type=0x800 pkg=com.eg.android.AlipayGphone class=android.widget.Image text='' desc=''
14:43:04.376 collectTaskContextText: result='任务列表 农场乐园入口 切换摇钱树 逛农货 我的收获 ', buttonText='', containerFound=true
14:43:04.580 collectTaskContextText: result='任务列表 农场乐园入口 切换摇钱树 逛农货 我的收获 ', buttonText='', containerFound=true
14:43:06.069 record event: type=0x800 pkg=com.eg.android.AlipayGphone class=android.view.View text='' desc=''
14:43:06.092 record event: type=0x800 pkg=com.eg.android.AlipayGphone class=android.view.View text='' desc=''
14:43:06.101 record event: type=0x800 pkg=com.eg.android.AlipayGphone class=android.widget.TextView text='' desc=''
14:43:06.191 record event: type=0x800 pkg=com.eg.android.AlipayGphone class=android.view.View text='' desc=''
14:43:06.274 record event: type=0x800 pkg=com.eg.android.AlipayGphone class=android.view.View text='' desc=''
14:43:06.279 record event: type=0x800 pkg=com.eg.android.AlipayGphone class=android.view.View text='' desc=''
14:43:06.435 record event: type=0x800 pkg=com.eg.android.AlipayGphone class=android.view.View text='' desc=''
14:43:06.441 record event: type=0x800 pkg=com.eg.android.AlipayGphone class=android.view.View text='' desc=''
14:43:06.648 collectTaskContextText: result='', buttonText='', containerFound=true
14:43:06.870 collectTaskContextText: result='', buttonText='', containerFound=true
14:43:06.993 collectTaskContextText: result='钓红包 ', buttonText='', containerFound=true
14:43:07.138 collectTaskContextText: result='', buttonText='', containerFound=true
14:43:07.303 collectTaskContextText: result='关闭 ', buttonText='', containerFound=true
14:43:07.442 collectTaskContextText: result='关闭 ', buttonText='', containerFound=true
14:43:07.588 collectTaskContextText: result='关闭 ', buttonText='', containerFound=true
14:43:07.722 collectTaskContextText: result='关闭 ', buttonText='', containerFound=true
14:43:09.257 record event: type=0x800 pkg=com.eg.android.AlipayGphone class=android.widget.Image text='' desc=''
14:43:09.272 record event: type=0x800 pkg=com.eg.android.AlipayGphone class=android.view.View text='' desc=''
14:43:09.276 record event: type=0x800 pkg=com.eg.android.AlipayGphone class=android.view.View text='' desc=''
14:43:09.314 isOnFarmPage: no farm content, sample=[]
14:43:09.351 record event: type=0x800 pkg=com.eg.android.AlipayGphone class=android.widget.Image text='' desc=''
14:43:09.441 record event: type=0x800 pkg=com.eg.android.AlipayGphone class=android.webkit.WebView text='' desc=''
14:43:09.498 record event: type=0x800 pkg=com.eg.android.AlipayGphone class=android.widget.FrameLayout text='' desc=''
14:43:09.515 record event: type=0x800 pkg=com.eg.android.AlipayGphone class=android.widget.FrameLayout text='' desc=''
14:43:09.542 record event: type=0x20 pkg=com.eg.android.AlipayGphone class=com.alipay.android.phone.wallet.outlauncher.page.UserGrowthActivity text='' desc=''
14:43:10.070 isOnFarmPage: activity=com.alipay.android.phone.wallet.outlauncher.page.usergrowthactivity not in farm keywords, not on farm page
14:43:10.600 collectTaskContextText: result='', buttonText='null', containerFound=false
14:43:10.751 collectTaskContextText: result='', buttonText='null', containerFound=false
14:43:10.913 collectTaskContextText: result='', buttonText='null', containerFound=false
14:43:12.328 record event: type=0x20 pkg=com.eg.android.AlipayGphone class=com.alipay.mobile.nebulax.xriver.activity.XRiverActivity text='' desc=''
14:43:25.166 record event: type=0x800 pkg=com.eg.android.AlipayGphone class=android.widget.FrameLayout text='' desc=''
14:43:25.211 record event: type=0x20 pkg=com.eg.android.AlipayGphone class=com.alipay.mobile.nebulax.xriver.activity.XRiverActivity text='' desc=''
14:43:26.048 record event: type=0x800 pkg=com.eg.android.AlipayGphone class=android.widget.TextView text='“抢”青海农货得6万肥料' desc=''
14:43:26.052 record event: type=0x800 pkg=com.eg.android.AlipayGphone class=android.widget.TextView text='“抢”青海农货得6万肥料' desc=''
14:43:26.065 record event: type=0x800 pkg=com.eg.android.AlipayGphone class=android.widget.TextView text='青海好农货正热销！' desc=''
14:43:26.071 record event: type=0x800 pkg=com.eg.android.AlipayGphone class=android.widget.TextView text='青海好农货正热销！' desc=''
14:43:26.203 collectTaskContextText: result='', buttonText='null', containerFound=false
14:43:26.429 record event: type=0x800 pkg=com.eg.android.AlipayGphone class=android.widget.Button text='任务列表' desc=''
14:43:26.526 collectTaskContextText: result='', buttonText='null', containerFound=false
14:43:26.741 collectTaskContextText: result='每日最高120300肥料 “抢”高原鲜货 得6万肥 每日最高120300肥料 “抢”青海农货得6万肥料 囤高原特产，得6万肥料 青海好农货正热销！ 农货百款 等你来“挑” 囤高原特产，得6万肥料 ', buttonText='“抢”青海农货得6万肥料', containerFound=true
14:43:26.953 collectTaskContextText: result='每日最高120300肥料 “抢”高原鲜货 得6万肥 每日最高120300肥料 “抢”青海农货得6万肥料 囤高原特产，得6万肥料 青海好农货正热销！ 农货百款 等你来“挑” 囤高原特产，得6万肥料 ', buttonText='“抢”青海农货得6万肥料', containerFound=true
14:43:27.090 collectTaskContextText: result='每日最高120300肥料 “抢”高原鲜货 得6万肥 每日最高120300肥料 “抢”青海农货得6万肥料 囤高原特产，得6万肥料 青海好农货正热销！ 农货百款 等你来“挑” 囤高原特产，得6万肥料 ', buttonText='青海好农货正热销！', containerFound=true
14:43:27.240 collectTaskContextText: result='每日最高120300肥料 “抢”高原鲜货 得6万肥 每日最高120300肥料 “抢”青海农货得6万肥料 囤高原特产，得6万肥料 青海好农货正热销！ 农货百款 等你来“挑” 囤高原特产，得6万肥料 ', buttonText='青海好农货正热销！', containerFound=true
14:43:27.389 collectTaskContextText: result='任务列表 农场乐园入口 切换摇钱树 逛农货 我的收获 ', buttonText='任务列表', containerFound=true
14:43:27.420 takeScreenshotBitmap: takeScreenshot failed, errorCode=4
14:43:27.421 OCR fertilizer: screenshot failed
