=== recording.log cleared on app start (version=2.1/12, time=05:52:22.676) ===
05:55:45.218 === 录制开始 session=sess_1783806945217 name='流程5215' ===
05:55:45.262 [start] FERTILIZER_ACCESSIBILITY_FAIL reason=no_fertilize_button (找不到施肥按钮，可能不在农场主页；页面样本: 松开刷新 | 任务列表 | 农场乐园入口 | 还差3次领肥料 | 切换摇钱树 | 逛农货 | 我的收获 | 芭芭农场,种果树得水果，助农增收) → 尝试 OCR 兜底
05:55:45.266 [start] FERTILIZER_READ_FAIL reason=exception:Services don't have the capability of taking the screenshot.
05:55:55.025 === 录制开始 session=sess_1783806955025 name='流程5024' ===
05:55:56.336 CLICK_H5 type=0x800 target='已领取' sig='p=ALIPAY|farm=true|type=farm_home|countdown=no|progress=no|btns=任务列表,关闭,农场乐园入口,切换摇钱树,向僵尸开炮,得1000肥 三国冰河,我的收获,支付宝·芭芭农场,更多,灵画师,返回,还差3次领肥料,逛农货,钓红包' btns=[任务列表,农场乐园入口,还差3次领肥料,切换摇钱树,逛农货,我的收获,钓红包,得1000肥 三国冰河,灵画师,向僵尸开炮,返回,支付宝·芭芭农场,更多,关闭]
05:55:56.338 MATCHED name='支付宝-农场主页-点击支付宝' action=CLICK_BUTTON
05:55:59.284 CLICK_H5 type=0x20 target='签到成功！每天来芭芭农场，更快1分钱领水果~' sig='p=ALIPAY|farm=true|type=browse|countdown=no|progress=yes|btns=任务列表,关闭做任务集肥料弹窗,农场乐园入口,切换摇钱树,前往手机淘宝-芭芭农场,去分享,去喂鸡,去完成,去逛逛,向僵尸开炮,得1000肥 三国冰河,我的收获,支付宝·芭芭农场,更多,灵画师,返回,还差3次领肥料,连续签到任务规则,逛农货,钓红包' btns=[任务列表,农场乐园入口,还差3次领肥料,切换摇钱树,逛农货,我的收获,钓红包,得1000肥 三国冰河,灵画师,向僵尸开炮,关闭做任务集肥料弹窗,连续签到任务规则,去完成,去逛逛,去喂鸡,去分享,前往手机淘宝-芭芭农场,返回,支付宝·芭芭农场,更多]
05:55:59.285 MATCHED name='支付宝-浏览任务-点击滑动浏览14秒得肥料' action=CLICK_BUTTON
05:55:59.547 CLICK_H5 type=0x800 target='已领取' sig='p=ALIPAY|farm=true|type=browse|countdown=no|progress=yes|btns=任务列表,关闭做任务集肥料弹窗,农场乐园入口,切换摇钱树,前往手机淘宝-芭芭农场,去分享,去喂鸡,去完成,去逛逛,向僵尸开炮,得1000肥 三国冰河,我的收获,支付宝·芭芭农场,更多,灵画师,返回,还差3次领肥料,连续签到任务规则,逛农货,钓红包' btns=[任务列表,农场乐园入口,还差3次领肥料,切换摇钱树,逛农货,我的收获,钓红包,得1000肥 三国冰河,灵画师,向僵尸开炮,关闭做任务集肥料弹窗,连续签到任务规则,去完成,去逛逛,去喂鸡,去分享,前往手机淘宝-芭芭农场,返回,支付宝·芭芭农场,更多]
05:55:59.548 MATCHED name='支付宝-浏览任务-点击滑动浏览14秒得肥料' action=CLICK_BUTTON
05:56:00.474 CLICK_H5 type=0x800 target='关闭做任务集肥料弹窗' sig='p=ALIPAY|farm=false|type=unknown|countdown=no|progress=no|btns=返回' btns=[返回]
05:56:00.475 MATCHED name='支付宝-未知页-点击支付宝' action=CLICK_BUTTON
05:56:01.142 CLICK_H5 type=0x800 target='“抢”青海农货得6万肥料' sig='p=ALIPAY|farm=true|type=farm_home|countdown=no|progress=no|btns=返回' btns=[返回]
05:56:01.144 MATCHED name='支付宝-农场主页-点击支付宝' action=CLICK_BUTTON
05:56:01.490 CLICK_H5 type=0x800 target='囤高原特产，得6万肥料' sig='p=ALIPAY|farm=true|type=farm_home|countdown=no|progress=no|btns=返回' btns=[返回]
05:56:01.494 MATCHED name='支付宝-农场主页-点击支付宝' action=CLICK_BUTTON
05:56:01.828 CLICK_H5 type=0x800 target='农货百款 等你来“挑”' sig='p=ALIPAY|farm=true|type=farm_home|countdown=no|progress=no|btns=返回' btns=[返回]
05:56:01.830 MATCHED name='支付宝-农场主页-点击支付宝' action=CLICK_BUTTON
05:56:14.109 CLICK_H5 type=0x800 target='青海好农货正热销！' sig='p=ALIPAY|farm=true|type=farm_home|countdown=no|progress=no|btns=返回' btns=[返回]
05:56:14.110 MATCHED name='支付宝-农场主页-点击支付宝' action=CLICK_BUTTON
05:56:38.563 CLICK_H5 type=0x800 target='青海好农货正热销！' sig='p=ALIPAY|farm=true|type=farm_home|countdown=no|progress=no|btns=返回' btns=[返回]
05:56:38.567 MATCHED name='支付宝-农场主页-点击支付宝' action=CLICK_BUTTON
05:56:39.304 CLICK_H5 type=0x800 target='“抢”高原鲜货 得6万肥' sig='p=ALIPAY|farm=true|type=complete|countdown=no|progress=no|btns=返回' btns=[返回]
05:56:39.305 MATCHED name='支付宝-任务完成-点击立即签到' action=CLICK_BUTTON
05:56:42.183 CLICK_H5 type=0x800 target='任务列表' sig='p=ALIPAY|farm=true|type=browse|popup=red_packet|countdown=no|progress=yes|btns=任务列表,关闭做任务集肥料弹窗,农场乐园入口,切换摇钱树,前往手机淘宝-芭芭农场,去分享,去喂鸡,去完成,去逛逛,向僵尸开炮,得1000肥 三国冰河,我的收获,支付宝·芭芭农场,灵画师,继续逛,返回,还差3次领肥料,连续签到任务规则,逛农货,钓红包|task=任务列表 农场乐园入口 切换摇钱树 逛农货 我的收获' btns=[任务列表,农场乐园入口,还差3次领肥料,切换摇钱树,逛农货,我的收获,钓红包,得1000肥 三国冰河,灵画师,向僵尸开炮,关闭做任务集肥料弹窗,连续签到任务规则,去完成,继续逛,去逛逛,去喂鸡,去分享,前往手机淘宝-芭芭农场,返回,支付宝·芭芭农场]
05:56:42.185 RECORD sig='p=ALIPAY|farm=true|type=browse|popup=red_packet|countdown=no|progress=yes|btns=任务列表,关闭做任务集肥料弹窗,农场乐园入口,切换摇钱树,前往手机淘宝-芭芭农场,去分享,去喂鸡,去完成,去逛逛,向僵尸开炮,得1000肥 三国冰河,我的收获,支付宝·芭芭农场,灵画师,继续逛,返回,还差3次领肥料,连续签到任务规则,逛农货,钓红包|task=任务列表 农场乐园入口 切换摇钱树 逛农货 我的收获' category='支付宝-任务列表 农场乐园入口 切换摇钱树 逛农货 我的收获-红包弹窗-点击任务列表' action=CLICK_BUTTON target='任务列表' state=IDLE btns=[任务列表,农场乐园入口,还差3次领肥料,切换摇钱树,逛农货,我的收获,钓红包,得1000肥 三国冰河,灵画师,向僵尸开炮,关闭做任务集肥料弹窗,连续签到任务规则,去完成,继续逛,去逛逛,去喂鸡,去分享,前往手机淘宝-芭芭农场,返回,支付宝·芭芭农场]
05:56:42.186 AUTO_CREATE name='支付宝-任务列表 农场乐园入口 切换摇钱树 逛农货 我的收获-红包弹窗-点击任务列表' action=CLICK_BUTTON session=sess_1783806945217 step=10 sig='p=ALIPAY|farm=true|type=browse|popup=red_packet|countdown=no|progress=yes|btns=任务列表,关闭做任务集肥料弹窗,农场乐园入口,切换摇钱树,前往手机淘宝-芭芭农场,去分享,去喂鸡,去完成,去逛逛,向僵尸开炮,得1000肥 三国冰河,我的收获,支付宝·芭芭农场,灵画师,继续逛,返回,还差3次领肥料,连续签到任务规则,逛农货,钓红包|task=任务列表 农场乐园入口 切换摇钱树 逛农货 我的收获'
05:56:42.731 CLICK_H5 type=0x800 target='大额' sig='p=ALIPAY|farm=true|type=browse|popup=red_packet|countdown=no|progress=yes|btns=任务列表,关闭做任务集肥料弹窗,农场乐园入口,切换摇钱树,前往手机淘宝-芭芭农场,去分享,去喂鸡,去完成,去逛逛,向僵尸开炮,得1000肥 三国冰河,我的收获,支付宝·芭芭农场,灵画师,继续逛,返回,还差3次领肥料,连续签到任务规则,逛农货,钓红包|task=任务列表' btns=[任务列表,农场乐园入口,还差3次领肥料,切换摇钱树,逛农货,我的收获,钓红包,得1000肥 三国冰河,灵画师,向僵尸开炮,关闭做任务集肥料弹窗,连续签到任务规则,去完成,继续逛,去逛逛,去喂鸡,去分享,前往手机淘宝-芭芭农场,返回,支付宝·芭芭农场]
05:56:42.732 RECORD sig='p=ALIPAY|farm=true|type=browse|popup=red_packet|countdown=no|progress=yes|btns=任务列表,关闭做任务集肥料弹窗,农场乐园入口,切换摇钱树,前往手机淘宝-芭芭农场,去分享,去喂鸡,去完成,去逛逛,向僵尸开炮,得1000肥 三国冰河,我的收获,支付宝·芭芭农场,灵画师,继续逛,返回,还差3次领肥料,连续签到任务规则,逛农货,钓红包|task=任务列表' category='支付宝-任务列表-红包弹窗-点击大额' action=CLICK_BUTTON target='大额' state=IDLE btns=[任务列表,农场乐园入口,还差3次领肥料,切换摇钱树,逛农货,我的收获,钓红包,得1000肥 三国冰河,灵画师,向僵尸开炮,关闭做任务集肥料弹窗,连续签到任务规则,去完成,继续逛,去逛逛,去喂鸡,去分享,前往手机淘宝-芭芭农场,返回,支付宝·芭芭农场]
05:56:42.733 AUTO_CREATE name='支付宝-任务列表-红包弹窗-点击大额' action=CLICK_BUTTON session=sess_1783806945217 step=11 sig='p=ALIPAY|farm=true|type=browse|popup=red_packet|countdown=no|progress=yes|btns=任务列表,关闭做任务集肥料弹窗,农场乐园入口,切换摇钱树,前往手机淘宝-芭芭农场,去分享,去喂鸡,去完成,去逛逛,向僵尸开炮,得1000肥 三国冰河,我的收获,支付宝·芭芭农场,灵画师,继续逛,返回,还差3次领肥料,连续签到任务规则,逛农货,钓红包|task=任务列表'
05:56:42.983 [stop] FERTILIZER_ACCESSIBILITY_FAIL reason=parse_failed (找到施肥按钮但自身/父节点/子树/整页均无'肥料XXXX'格式；text=' 合种/帮帮种多人施肥当前进度0，总进度1 得500肥，需2人施肥' desc=''；页面样本: 松开刷新 | 任务列表 | 农场乐园入口 | 还差3次领肥料 | 切换摇钱树 | 逛农货 | 我的收获 | 芭芭农场,种果树得水果，助农增收) → 尝试 OCR 兜底
05:56:42.986 [stop] FERTILIZER_READ_FAIL reason=exception:Services don't have the capability of taking the screenshot.
05:56:42.988 === 录制结束 session=sess_1783806945217 DISCARD reason=肥料读取失败且无步骤(initial=-1 final=-1)，未录制任何操作 steps=0 ===
05:56:53.441 LOG_UPLOAD_RESULT n=6 tag=sess_945217 detail=上传成功：6 个文件（tag=sess_945217，含 0 张截图）
05:56:53.919 [start] FERTILIZER_ACCESSIBILITY_FAIL reason=no_fertilize_button (找不到施肥按钮，可能不在农场主页；页面样本: 松开刷新 | 任务列表 | 农场乐园入口 | 还差3次领肥料 | 切换摇钱树 | 逛农货 | 我的收获 | 芭芭农场,种果树得水果，助农增收) → 尝试 OCR 兜底
05:56:53.921 [start] FERTILIZER_READ_FAIL reason=exception:Services don't have the capability of taking the screenshot.
05:56:57.029 CLICK_H5 type=0x800 target='已领取' sig='p=ALIPAY|farm=true|type=farm_home|countdown=no|progress=no|btns=任务列表,关闭,农场乐园入口,切换摇钱树,向僵尸开炮,得1000肥 三国冰河,我的收获,支付宝·芭芭农场,更多,灵画师,返回,还差3次领肥料,逛农货,钓红包' btns=[任务列表,农场乐园入口,还差3次领肥料,切换摇钱树,逛农货,我的收获,钓红包,得1000肥 三国冰河,灵画师,向僵尸开炮,返回,支付宝·芭芭农场,更多,关闭]
05:56:57.033 MATCHED name='支付宝-农场主页-点击支付宝' action=CLICK_BUTTON
05:56:58.210 CLICK_H5 type=0x20 target='支付宝' sig='p=ALIPAY|farm=true|type=farm_home|countdown=no|progress=no|btns=任务列表,关闭,农场乐园入口,切换摇钱树,向僵尸开炮,得1000肥 三国冰河,我的收获,支付宝·芭芭农场,更多,灵画师,返回,还差3次领肥料,逛农货,钓红包' btns=[任务列表,农场乐园入口,还差3次领肥料,切换摇钱树,逛农货,我的收获,钓红包,得1000肥 三国冰河,灵画师,向僵尸开炮,返回,支付宝·芭芭农场,更多,关闭]
05:56:58.211 MATCHED name='支付宝-农场主页-点击支付宝' action=CLICK_BUTTON
05:57:00.098 === 录制开始 session=sess_1783807020098 name='流程97' ===
05:57:10.634 CLICK_H5 type=0x800 target='14s后领取' sig='p=ALIPAY|farm=true|type=farm_home|countdown=no|progress=no|btns=关闭,更多' btns=[更多,关闭]
05:57:10.636 MATCHED name='支付宝-农场主页-点击支付宝' action=CLICK_BUTTON
05:57:13.214 CLICK_H5 type=0x800 target='13s后领取' sig='p=ALIPAY|farm=true|type=farm_home|countdown=no|progress=no|btns=关闭,更多' btns=[更多,关闭]
05:57:13.215 MATCHED name='支付宝-农场主页-点击支付宝' action=CLICK_BUTTON
05:57:14.783 CLICK_H5 type=0x800 target='12s后领取' sig='p=ALIPAY|farm=true|type=farm_home|countdown=no|progress=no|btns=关闭,更多' btns=[更多,关闭]
05:57:14.784 MATCHED name='支付宝-农场主页-点击支付宝' action=CLICK_BUTTON
05:57:16.404 CLICK_H5 type=0x800 target='11s后领取' sig='p=ALIPAY|farm=true|type=farm_home|countdown=no|progress=no|btns=关闭,更多' btns=[更多,关闭]
05:57:16.405 MATCHED name='支付宝-农场主页-点击支付宝' action=CLICK_BUTTON
05:57:19.022 CLICK_H5 type=0x800 target='10s后领取' sig='p=ALIPAY|farm=true|type=farm_home|countdown=no|progress=no|btns=关闭,更多' btns=[更多,关闭]
05:57:19.024 MATCHED name='支付宝-农场主页-点击支付宝' action=CLICK_BUTTON
05:57:21.814 CLICK_H5 type=0x800 target='9s后领取' sig='p=ALIPAY|farm=true|type=farm_home|countdown=no|progress=no|btns=关闭,更多' btns=[更多,关闭]
05:57:21.814 MATCHED name='支付宝-农场主页-点击支付宝' action=CLICK_BUTTON
05:57:24.348 CLICK_H5 type=0x800 target='8s后领取' sig='p=ALIPAY|farm=true|type=farm_home|countdown=no|progress=no|btns=关闭,更多' btns=[更多,关闭]
05:57:24.357 MATCHED name='支付宝-农场主页-点击支付宝' action=CLICK_BUTTON
05:57:26.526 CLICK_H5 type=0x800 target='7s后领取' sig='p=ALIPAY|farm=true|type=farm_home|countdown=no|progress=no|btns=关闭,更多' btns=[更多,关闭]
05:57:26.528 MATCHED name='支付宝-农场主页-点击支付宝' action=CLICK_BUTTON
05:57:28.220 CLICK_H5 type=0x800 target='6s后领取' sig='p=ALIPAY|farm=true|type=farm_home|countdown=no|progress=no|btns=关闭,更多' btns=[更多,关闭]
05:57:28.221 MATCHED name='支付宝-农场主页-点击支付宝' action=CLICK_BUTTON
05:57:29.709 CLICK_H5 type=0x800 target='5s后领取' sig='p=ALIPAY|farm=true|type=farm_home|countdown=no|progress=no|btns=关闭,更多' btns=[更多,关闭]
05:57:29.710 MATCHED name='支付宝-农场主页-点击支付宝' action=CLICK_BUTTON
05:57:31.051 CLICK_H5 type=0x800 target='4s后领取' sig='p=ALIPAY|farm=true|type=farm_home|countdown=no|progress=no|btns=关闭,更多' btns=[更多,关闭]
05:57:31.052 MATCHED name='支付宝-农场主页-点击支付宝' action=CLICK_BUTTON
05:57:32.573 CLICK_H5 type=0x800 target='3s后领取' sig='p=ALIPAY|farm=true|type=farm_home|countdown=no|progress=no|btns=关闭,更多' btns=[更多,关闭]
05:57:32.573 MATCHED name='支付宝-农场主页-点击支付宝' action=CLICK_BUTTON
05:57:34.313 CLICK_H5 type=0x800 target='2s后领取' sig='p=ALIPAY|farm=true|type=farm_home|countdown=no|progress=no|btns=关闭,更多' btns=[更多,关闭]
05:57:34.314 MATCHED name='支付宝-农场主页-点击支付宝' action=CLICK_BUTTON
05:57:36.354 CLICK_H5 type=0x800 target='1s后领取' sig='p=ALIPAY|farm=true|type=farm_home|countdown=no|progress=no|btns=关闭,更多' btns=[更多,关闭]
05:57:36.357 MATCHED name='支付宝-农场主页-点击支付宝' action=CLICK_BUTTON
05:57:38.271 CLICK_H5 type=0x800 target='0s后领取' sig='p=ALIPAY|farm=true|type=farm_home|countdown=no|progress=no|btns=关闭,更多' btns=[更多,关闭]
05:57:38.273 MATCHED name='支付宝-农场主页-点击支付宝' action=CLICK_BUTTON
05:57:39.059 CLICK_H5 type=0x800 target='已领取' sig='p=ALIPAY|farm=true|type=farm_home|countdown=no|progress=no|btns=关闭,更多' btns=[更多,关闭]
05:57:39.063 MATCHED name='支付宝-农场主页-点击支付宝' action=CLICK_BUTTON
05:57:39.211 CLICK_H5 type=0x800 target='15s后领取' sig='p=ALIPAY|farm=true|type=farm_home|countdown=no|progress=no|btns=关闭,更多' btns=[更多,关闭]
05:57:39.215 MATCHED name='支付宝-农场主页-点击支付宝' action=CLICK_BUTTON
05:57:40.779 CLICK_H5 type=0x800 target='14s后领取' sig='p=ALIPAY|farm=true|type=farm_home|countdown=no|progress=no|btns=关闭,更多' btns=[更多,关闭]
05:57:40.780 MATCHED name='支付宝-农场主页-点击支付宝' action=CLICK_BUTTON
05:57:42.176 CLICK_H5 type=0x800 target='13s后领取' sig='p=ALIPAY|farm=true|type=farm_home|countdown=no|progress=no|btns=关闭,更多' btns=[更多,关闭]
05:57:42.179 MATCHED name='支付宝-农场主页-点击支付宝' action=CLICK_BUTTON
05:57:44.502 CLICK_H5 type=0x800 target='12s后领取' sig='p=ALIPAY|farm=true|type=farm_home|countdown=no|progress=no|btns=关闭,更多' btns=[更多,关闭]
05:57:44.502 MATCHED name='支付宝-农场主页-点击支付宝' action=CLICK_BUTTON
05:57:46.271 CLICK_H5 type=0x800 target='11s后领取' sig='p=ALIPAY|farm=true|type=farm_home|countdown=no|progress=no|btns=关闭,更多' btns=[更多,关闭]
05:57:46.273 MATCHED name='支付宝-农场主页-点击支付宝' action=CLICK_BUTTON
05:57:48.546 CLICK_H5 type=0x800 target='10s后领取' sig='p=ALIPAY|farm=true|type=farm_home|countdown=no|progress=no|btns=关闭,更多' btns=[更多,关闭]
05:57:48.548 MATCHED name='支付宝-农场主页-点击支付宝' action=CLICK_BUTTON
05:57:50.262 CLICK_H5 type=0x800 target='9s后领取' sig='p=ALIPAY|farm=true|type=farm_home|countdown=no|progress=no|btns=关闭,更多' btns=[更多,关闭]
05:57:50.262 MATCHED name='支付宝-农场主页-点击支付宝' action=CLICK_BUTTON
05:57:51.841 CLICK_H5 type=0x800 target='8s后领取' sig='p=ALIPAY|farm=true|type=farm_home|countdown=no|progress=no|btns=关闭,更多' btns=[更多,关闭]
05:57:51.842 MATCHED name='支付宝-农场主页-点击支付宝' action=CLICK_BUTTON
05:57:54.629 CLICK_H5 type=0x800 target='7s后领取' sig='p=ALIPAY|farm=true|type=farm_home|countdown=no|progress=no|btns=关闭,更多' btns=[更多,关闭]
05:57:54.630 MATCHED name='支付宝-农场主页-点击支付宝' action=CLICK_BUTTON
05:57:56.238 CLICK_H5 type=0x800 target='6s后领取' sig='p=ALIPAY|farm=true|type=farm_home|countdown=no|progress=no|btns=关闭,更多' btns=[更多,关闭]
05:57:56.238 MATCHED name='支付宝-农场主页-点击支付宝' action=CLICK_BUTTON
05:57:57.858 CLICK_H5 type=0x800 target='5s后领取' sig='p=ALIPAY|farm=true|type=farm_home|countdown=no|progress=no|btns=关闭,更多' btns=[更多,关闭]
05:57:57.860 MATCHED name='支付宝-农场主页-点击支付宝' action=CLICK_BUTTON
05:57:59.469 CLICK_H5 type=0x800 target='4s后领取' sig='p=ALIPAY|farm=true|type=farm_home|countdown=no|progress=no|btns=关闭,更多' btns=[更多,关闭]
05:57:59.470 MATCHED name='支付宝-农场主页-点击支付宝' action=CLICK_BUTTON
05:58:01.018 CLICK_H5 type=0x800 target='3s后领取' sig='p=ALIPAY|farm=true|type=farm_home|countdown=no|progress=no|btns=关闭,更多' btns=[更多,关闭]
05:58:01.020 MATCHED name='支付宝-农场主页-点击支付宝' action=CLICK_BUTTON
05:58:02.549 CLICK_H5 type=0x800 target='2s后领取' sig='p=ALIPAY|farm=true|type=farm_home|countdown=no|progress=no|btns=关闭,更多' btns=[更多,关闭]
05:58:02.549 MATCHED name='支付宝-农场主页-点击支付宝' action=CLICK_BUTTON
05:58:04.119 CLICK_H5 type=0x800 target='1s后领取' sig='p=ALIPAY|farm=true|type=farm_home|countdown=no|progress=no|btns=关闭,更多' btns=[更多,关闭]
05:58:04.120 MATCHED name='支付宝-农场主页-点击支付宝' action=CLICK_BUTTON
05:58:05.464 CLICK_H5 type=0x800 target='0s后领取' sig='p=ALIPAY|farm=true|type=farm_home|countdown=no|progress=no|btns=关闭,更多' btns=[更多,关闭]
05:58:05.466 MATCHED name='支付宝-农场主页-点击支付宝' action=CLICK_BUTTON
05:58:05.584 CLICK_H5 type=0x800 target='已领取' sig='p=ALIPAY|farm=true|type=farm_home|countdown=no|progress=no|btns=关闭,更多' btns=[更多,关闭]
05:58:05.585 MATCHED name='支付宝-农场主页-点击支付宝' action=CLICK_BUTTON
05:58:06.193 CLICK_H5 type=0x800 target='已领取全部奖励' sig='p=ALIPAY|farm=true|type=farm_home|countdown=no|progress=no|btns=关闭,更多' btns=[更多,关闭]
05:58:06.194 MATCHED name='支付宝-农场主页-点击支付宝' action=CLICK_BUTTON
05:58:29.152 === 录制开始 session=sess_1783807109152 name='流程9151' ===
05:58:38.775 CLICK_H5 type=0x20 target='支付宝' sig='p=ALIPAY|farm=true|type=farm_home|countdown=no|progress=no|btns=关闭,更多' btns=[更多,关闭]
05:58:38.778 MATCHED name='支付宝-农场主页-点击支付宝' action=CLICK_BUTTON
05:58:38.843 CLICK_H5 type=0x800 target='逛好物最高得1500肥料当前进度1，总进度1 连续浏览可得多次肥料奖励' sig='p=ALIPAY|farm=true|type=farm_home|countdown=no|progress=no|btns=关闭,更多' btns=[更多,关闭]
05:58:38.844 MATCHED name='支付宝-农场主页-点击支付宝' action=CLICK_BUTTON
05:58:38.904 CLICK_H5 type=0x800 target='继续逛' sig='p=ALIPAY|farm=true|type=farm_home|countdown=no|progress=no|btns=关闭,更多' btns=[更多,关闭]
05:58:38.904 MATCHED name='支付宝-农场主页-点击支付宝' action=CLICK_BUTTON
05:58:39.043 [stop] FERTILIZER_ACCESSIBILITY_FAIL reason=no_fertilize_button (找不到施肥按钮，可能不在农场主页；页面样本: 更多 |  | 关闭 |  | https://render.alipa | Smallfish App | 玩60秒 | 得肥料) → 尝试 OCR 兜底
05:58:39.045 [stop] FERTILIZER_READ_FAIL reason=exception:Services don't have the capability of taking the screenshot.
05:58:39.046 === 录制结束 session=sess_1783806955025 KEEP reason=肥料读取失败(initial=-1 final=-1)，但已录制 12 步，保留规则 steps=12 ===
05:58:49.998 LOG_UPLOAD_RESULT n=6 tag=sess_955025 detail=上传成功：6 个文件（tag=sess_955025，含 0 张截图）
05:58:50.012 [start] FERTILIZER_ACCESSIBILITY_FAIL reason=no_fertilize_button (找不到施肥按钮，可能不在农场主页；页面样本: 更多 |  | 关闭 |  | https://render.alipa | Smallfish App | 玩60秒 | 得肥料) → 尝试 OCR 兜底
05:58:50.016 [start] FERTILIZER_READ_FAIL reason=exception:Services don't have the capability of taking the screenshot.
05:58:50.079 CLICK_H5 type=0x800 target='得1000肥 三国冰河' sig='p=ALIPAY|farm=true|type=farm_home|countdown=no|progress=no|btns=关闭,更多' btns=[更多,关闭]
05:58:50.079 MATCHED name='支付宝-农场主页-点击支付宝' action=CLICK_BUTTON
05:58:50.370 CLICK_H5 type=0x20 target='支付宝' sig='p=ALIPAY|farm=true|type=farm_home|countdown=no|progress=no|btns=关闭,更多' btns=[更多,关闭]
05:58:50.373 MATCHED name='支付宝-农场主页-点击支付宝' action=CLICK_BUTTON
05:58:50.598 CLICK_H5 type=0x20 target='支付宝' sig='p=ALIPAY|farm=true|type=farm_home|countdown=no|progress=no|btns=关闭,更多' btns=[更多,关闭]
05:58:50.599 MATCHED name='支付宝-农场主页-点击支付宝' action=CLICK_BUTTON
05:58:50.754 CLICK_H5 type=0x20 target='支付宝' sig='p=ALIPAY|farm=true|type=farm_home|countdown=no|progress=no|btns=关闭,更多' btns=[更多,关闭]
05:58:50.756 MATCHED name='支付宝-农场主页-点击支付宝' action=CLICK_BUTTON
05:58:51.493 CLICK_H5 type=0x800 target='Smallfish App' sig='p=ALIPAY|farm=true|type=farm_home|countdown=no|progress=no|btns=关闭,更多' btns=[更多,关闭]
05:58:51.495 MATCHED name='支付宝-农场主页-点击支付宝' action=CLICK_BUTTON
05:58:52.659 CLICK_H5 type=0x800 target='肥料奖励' sig='p=ALIPAY|farm=true|type=farm_home|countdown=no|progress=no|btns=关闭,更多' btns=[更多,关闭]
05:58:52.660 MATCHED name='支付宝-农场主页-点击支付宝' action=CLICK_BUTTON
05:58:52.799 CLICK_H5 type=0x800 target='已发放' sig='p=ALIPAY|farm=true|type=farm_home|countdown=no|progress=no|btns=关闭,更多' btns=[更多,关闭]
05:58:52.801 MATCHED name='支付宝-农场主页-点击支付宝' action=CLICK_BUTTON
05:58:53.242 CLICK_H5 type=0x20 target='支付宝' sig='p=ALIPAY|farm=true|type=farm_home|countdown=no|progress=no|btns=关闭,更多' btns=[更多,关闭]
05:58:53.243 MATCHED name='支付宝-农场主页-点击支付宝' action=CLICK_BUTTON
05:58:53.417 CLICK_H5 type=0x800 target='“抢”青海农货得6万肥料' sig='p=ALIPAY|farm=true|type=farm_home|countdown=no|progress=no|btns=关闭,更多' btns=[更多,关闭]
05:58:53.421 MATCHED name='支付宝-农场主页-点击支付宝' action=CLICK_BUTTON
05:58:53.546 CLICK_H5 type=0x800 target='农货百款 等你来“挑”' sig='p=ALIPAY|farm=true|type=farm_home|countdown=no|progress=no|btns=关闭,更多' btns=[更多,关闭]
05:58:53.547 MATCHED name='支付宝-农场主页-点击支付宝' action=CLICK_BUTTON
05:58:53.670 CLICK_H5 type=0x800 target='囤高原特产，得6万肥料' sig='p=ALIPAY|farm=true|type=farm_home|countdown=no|progress=no|btns=关闭,更多' btns=[更多,关闭]
05:58:53.671 MATCHED name='支付宝-农场主页-点击支付宝' action=CLICK_BUTTON
05:58:53.829 CLICK_H5 type=0x800 target='“抢”高原鲜货 得6万肥' sig='p=ALIPAY|farm=true|type=farm_home|countdown=no|progress=no|btns=关闭,更多' btns=[更多,关闭]
05:58:53.830 MATCHED name='支付宝-农场主页-点击支付宝' action=CLICK_BUTTON
05:58:54.070 CLICK_H5 type=0x800 target='每日最高120300肥料' sig='p=ALIPAY|farm=true|type=farm_home|countdown=no|progress=no|btns=关闭,更多' btns=[更多,关闭]
05:58:54.072 MATCHED name='支付宝-农场主页-点击支付宝' action=CLICK_BUTTON
05:58:54.160 CLICK_H5 type=0x800 target='三国冰河' sig='p=ALIPAY|farm=true|type=farm_home|countdown=no|progress=no|btns=关闭,更多' btns=[更多,关闭]
05:58:54.161 MATCHED name='支付宝-农场主页-点击支付宝' action=CLICK_BUTTON
05:58:54.242 CLICK_H5 type=0x800 target='得1000肥 灵画师' sig='p=ALIPAY|farm=true|type=farm_home|countdown=no|progress=no|btns=关闭,更多' btns=[更多,关闭]
05:58:54.244 MATCHED name='支付宝-农场主页-点击支付宝' action=CLICK_BUTTON
05:58:54.926 CLICK_H5 type=0x800 target='更多游戏' sig='p=ALIPAY|farm=true|type=farm_home|countdown=no|progress=no|btns=关闭,更多' btns=[更多,关闭]
05:58:54.927 MATCHED name='支付宝-农场主页-点击支付宝' action=CLICK_BUTTON
05:58:56.098 CLICK_H5 type=0x800 target='关闭农场乐园弹窗' sig='p=ALIPAY|farm=true|type=farm_home|countdown=no|progress=no|btns=关闭,更多' btns=[更多,关闭]
05:58:56.101 MATCHED name='支付宝-农场主页-点击支付宝' action=CLICK_BUTTON
05:58:56.543 CLICK_H5 type=0x800 target='囤高原特产，得6万肥料' sig='p=ALIPAY|farm=true|type=farm_home|countdown=no|progress=no|btns=关闭,更多' btns=[更多,关闭]
05:58:56.544 MATCHED name='支付宝-农场主页-点击支付宝' action=CLICK_BUTTON
05:58:56.743 CLICK_H5 type=0x800 target='青海好农货正热销！' sig='p=ALIPAY|farm=true|type=farm_home|countdown=no|progress=no|btns=关闭,更多' btns=[更多,关闭]
05:58:56.744 MATCHED name='支付宝-农场主页-点击支付宝' action=CLICK_BUTTON
05:58:56.874 CLICK_H5 type=0x800 target='“抢”高原鲜货 得6万肥' sig='p=ALIPAY|farm=true|type=farm_home|countdown=no|progress=no|btns=关闭,更多' btns=[更多,关闭]
05:58:56.875 MATCHED name='支付宝-农场主页-点击支付宝' action=CLICK_BUTTON
05:58:56.984 CLICK_H5 type=0x800 target='“抢”青海农货得6万肥料' sig='p=ALIPAY|farm=true|type=farm_home|countdown=no|progress=no|btns=关闭,更多' btns=[更多,关闭]
05:58:56.985 MATCHED name='支付宝-农场主页-点击支付宝' action=CLICK_BUTTON
05:58:57.161 CLICK_H5 type=0x800 target='每日最高120300肥料' sig='p=ALIPAY|farm=true|type=farm_home|countdown=no|progress=no|btns=关闭,更多' btns=[更多,关闭]
05:58:57.162 MATCHED name='支付宝-农场主页-点击支付宝' action=CLICK_BUTTON
05:58:57.244 CLICK_H5 type=0x800 target='农货百款 等你来“挑”' sig='p=ALIPAY|farm=true|type=farm_home|countdown=no|progress=no|btns=关闭,更多' btns=[更多,关闭]
05:58:57.246 MATCHED name='支付宝-农场主页-点击支付宝' action=CLICK_BUTTON
05:58:57.255 [stop] FERTILIZER_ACCESSIBILITY_FAIL reason=no_fertilize_button (找不到施肥按钮，可能不在农场主页；页面样本: 更多 |  | 关闭 |  | https://render.alipa | Smallfish App | 玩60秒 | 得肥料) → 尝试 OCR 兜底
05:58:57.258 [stop] FERTILIZER_READ_FAIL reason=exception:Services don't have the capability of taking the screenshot.
05:58:57.259 === 录制结束 session=sess_1783807020098 KEEP reason=肥料读取失败(initial=-1 final=-1)，但已录制 34 步，保留规则 steps=34 ===
