=== recording.log cleared on app start (version=2.1/12, time=07:48:15.229) ===
07:48:49.721 === 录制开始 session=sess_1783986529720 name='流程9714' ===
07:48:50.162 [start] FERTILIZER_ACCESSIBILITY_FAIL reason=parse_failed (找到施肥按钮但自身/父节点/子树/整页均无'肥料XXXX'格式；text='施肥18次' desc=''；页面样本: 松开刷新 | 任务列表 | 农场乐园入口 | 还差2次领肥料 | 切换摇钱树 | 逛农货 | 我的收获 | 施肥18次) → 尝试 OCR 兜底
07:48:50.276 [start] FERTILIZER_READ_FAIL reason=ocr_fail ocrApkInstalled=true ocrError='provider_exception:IllegalArgumentException:Unknown authority com.bbncbot.ocr.provider' (无障碍和OCR均未识别到肥料总数)
07:48:57.082 CLICK_H5 type=0x20 target='淘宝' sig='p=TAOBAO|farm=false|type=unknown|countdown=no|progress=no' btns=[]
07:48:57.083 RECORD sig='p=TAOBAO|farm=false|type=unknown|countdown=no|progress=no' category='淘宝-未知页-点击淘宝' action=CLICK_BUTTON target='淘宝' state=IDLE btns=[]
07:48:57.084 AUTO_CREATE name='淘宝-未知页-点击淘宝' action=CLICK_BUTTON session=sess_1783986529720 step=0 sig='p=TAOBAO|farm=false|type=unknown|countdown=no|progress=no'
07:48:57.084 RECORD_INC unmapped recordedCount=1 thread=RecordingManager-worker
07:48:57.283 CLICK_H5 type=0x20 target='淘宝' sig='p=TAOBAO|farm=false|type=unknown|countdown=no|progress=no' btns=[]
07:48:57.284 MATCHED name='淘宝-未知页-点击淘宝' action=CLICK_BUTTON
07:48:57.285 RECORD_INC matched recordedCount=2 thread=RecordingManager-worker
07:48:59.104 CLICK_H5 type=0x20 target='支付宝' sig='p=TAOBAO|farm=false|type=unknown|countdown=no|progress=no' btns=[]
07:48:59.107 MATCHED name='淘宝-未知页-点击淘宝' action=CLICK_BUTTON
07:48:59.108 RECORD_INC matched recordedCount=3 thread=RecordingManager-worker
07:49:02.472 CLICK_H5 type=0x20 target='淘宝' sig='p=TAOBAO|farm=false|type=unknown|countdown=no|progress=no|btns=搜索,搜索框' btns=[搜索框,搜索]
07:49:02.473 MATCHED name='淘宝-未知页-点击淘宝' action=CLICK_BUTTON
07:49:02.474 RECORD_INC matched recordedCount=4 thread=RecordingManager-worker
07:49:02.801 CLICK_H5 type=0x20 target='淘宝' sig='p=ALIPAY|farm=false|type=unknown|countdown=no|progress=no|btns=搜索,搜索框' btns=[搜索框,搜索]
07:49:02.805 MATCHED name='支付宝-未知页-点击前往手机淘宝-芭芭农场' action=CLICK_BUTTON
07:49:02.805 RECORD_INC matched recordedCount=5 thread=RecordingManager-worker
07:49:03.102 CLICK_H5 type=0x20 target='淘宝' sig='p=ALIPAY|farm=false|type=unknown|countdown=no|progress=no|btns=搜索,搜索框' btns=[搜索框,搜索]
07:49:03.103 MATCHED name='支付宝-未知页-点击前往手机淘宝-芭芭农场' action=CLICK_BUTTON
07:49:03.105 RECORD_INC matched recordedCount=6 thread=RecordingManager-worker
07:49:04.862 CLICK_H5 type=0x20 target='淘宝' sig='p=ALIPAY|farm=false|type=unknown|countdown=no|progress=no|btns=关闭,更多,返回' btns=[返回,更多,关闭]
07:49:04.867 MATCHED name='支付宝-未知页-点击前往手机淘宝-芭芭农场' action=CLICK_BUTTON
07:49:04.869 RECORD_INC matched recordedCount=7 thread=RecordingManager-worker
07:49:09.036 CLICK_H5 type=0x20 target='支付宝' sig='p=ALIPAY|farm=true|type=farm_home|countdown=no|progress=no|fertTask=还差2次领肥料|fertStruct=c=V|n=2|ch=V,TV' btns=[任务列表,农场乐园入口,还差2次领肥料,切换摇钱树,逛农货,我的收获,施肥18次,邀请,钓红包,得1000肥 三国冰河,浪漫餐厅,几何王国,返回,支付宝·芭芭农场,更多,关闭]
07:49:09.038 MATCHED name='支付宝-浏览任务-红包弹窗-点击全部' action=CLICK_BUTTON
07:49:09.039 RECORD_INC matched recordedCount=8 thread=RecordingManager-worker
07:49:10.972 === 用户中断 ===
07:49:11.833 STOP_ENTER recordedCount=8 thread=main autoStop=false sessId=sess_1783986529720
07:49:12.021 [stop] FERTILIZER_ACCESSIBILITY_FAIL reason=parse_failed (找到施肥按钮但自身/父节点/子树/整页均无'肥料XXXX'格式；text='施肥18次' desc=''；页面样本: 松开刷新 | 任务列表 | 农场乐园入口 | 还差2次领肥料 | 切换摇钱树 | 逛农货 | 我的收获 | 施肥18次) → 尝试 OCR 兜底
07:49:12.105 [stop] FERTILIZER_READ_FAIL reason=ocr_fail ocrApkInstalled=true ocrError='provider_exception:IllegalArgumentException:Unknown authority com.bbncbot.ocr.provider' (无障碍和OCR均未识别到肥料总数)
07:49:12.106 === 录制结束 session=sess_1783986529720 → '未知-肥料任务' SAVE reason=肥料读取失败回退保存(initial=-1 final=-1) steps=8 ===
