=== recording.log cleared on app start (version=2.1/12, time=06:52:52.967) ===
07:01:02.300 === 录制开始 session=sess_1783810862299 name='流程2298' ===
07:01:02.879 [start] FERTILIZER_ACCESSIBILITY_FAIL reason=no_fertilize_button (找不到施肥按钮，可能不在农场主页；页面样本: 松开刷新 | 任务列表 | 农场乐园入口 | 还差3次领肥料 | 切换摇钱树 | 逛农货 | 我的收获 | 芭芭农场,种果树得水果，助农增收) → 尝试 OCR 兜底
07:01:02.884 [start] FERTILIZER_READ_FAIL reason=exception:Services don't have the capability of taking the screenshot.
07:01:08.152 CLICK_H5 type=0x20 target='支付宝' sig='p=ALIPAY|farm=false|type=unknown|countdown=no|progress=no|btns=关闭,更多' btns=[更多,关闭]
07:01:08.153 MATCHED name='支付宝-未知页-点击支付宝' action=CLICK_BUTTON
07:01:08.476 CLICK_H5 type=0x20 target='支付宝' sig='p=ALIPAY|farm=false|type=unknown|countdown=no|progress=no|btns=关闭,更多' btns=[更多,关闭]
07:01:08.479 MATCHED name='支付宝-未知页-点击支付宝' action=CLICK_BUTTON
07:01:08.757 CLICK_H5 type=0x20 target='支付宝' sig='p=ALIPAY|farm=false|type=unknown|countdown=no|progress=no|btns=关闭,更多' btns=[更多,关闭]
07:01:08.758 MATCHED name='支付宝-未知页-点击支付宝' action=CLICK_BUTTON
07:01:09.270 CLICK_H5 type=0x800 target='正在加载资源(首次加载请耐心等待)' sig='p=ALIPAY|farm=false|type=unknown|countdown=no|progress=no|btns=关闭,更多|task=初始化中' btns=[更多,关闭]
07:01:09.276 RECORD sig='p=ALIPAY|farm=false|type=unknown|countdown=no|progress=no|btns=关闭,更多|task=初始化中' category='支付宝-初始化中-点击正在加载资源(首次加载请耐心等待)' action=CLICK_BUTTON target='正在加载资源(首次加载请耐心等待)' state=IDLE btns=[更多,关闭]
07:01:09.279 AUTO_CREATE name='支付宝-初始化中-点击正在加载资源(首次加载请耐心等待)' action=CLICK_BUTTON session=sess_1783810862299 step=3 sig='p=ALIPAY|farm=false|type=unknown|countdown=no|progress=no|btns=关闭,更多|task=初始化中'
07:01:09.959 CLICK_H5 type=0x800 target='Smallfish App' sig='p=ALIPAY|farm=false|type=unknown|countdown=no|progress=no|btns=关闭,更多|task=https://render.alipay.com/p/c//index.html?caprMode=sync Smallfish App' btns=[更多,关闭]
07:01:09.961 MATCHED name='支付宝-https://render.alipay.com/p/c//index.html?caprMode=sync Smallfish App-点击Smallfish App' action=CLICK_BUTTON
07:01:10.185 CLICK_H5 type=0x800 target='Smallfish App' sig='p=ALIPAY|farm=true|type=farm_home|countdown=no|progress=no|btns=关闭,更多|task=https://render.alipay.com/p/c//index.html?caprMode=sync Smallfish App' btns=[更多,关闭]
07:01:10.186 MATCHED name='支付宝-https://render.alipay.com/p/c//index.html?caprMode=sync Smallfish App-点击Smallfish App' action=CLICK_BUTTON
07:01:10.472 CLICK_H5 type=0x800 target='初始化中' sig='p=ALIPAY|farm=true|type=farm_home|countdown=no|progress=no|btns=关闭,更多|task=开始游戏' btns=[更多,关闭]
07:01:10.473 RECORD sig='p=ALIPAY|farm=true|type=farm_home|countdown=no|progress=no|btns=关闭,更多|task=开始游戏' category='支付宝-开始游戏-点击初始化中' action=CLICK_BUTTON target='初始化中' state=IDLE btns=[更多,关闭]
07:01:10.474 AUTO_CREATE name='支付宝-开始游戏-点击初始化中' action=CLICK_BUTTON session=sess_1783810862299 step=6 sig='p=ALIPAY|farm=true|type=farm_home|countdown=no|progress=no|btns=关闭,更多|task=开始游戏'
07:01:18.626 CLICK_H5 type=0x800 target='Smallfish App' sig='p=ALIPAY|farm=true|type=farm_home|countdown=no|progress=no|btns=关闭,更多|task=https://render.alipay.com/p/c//index.html?caprMode=sync Smallfish App' btns=[更多,关闭]
07:01:18.631 MATCHED name='支付宝-https://render.alipay.com/p/c//index.html?caprMode=sync Smallfish App-点击Smallfish App' action=CLICK_BUTTON
07:02:09.655 CLICK_H5 type=0x800 target='肥料奖励' sig='p=ALIPAY|farm=false|type=unknown|countdown=no|progress=no|btns=关闭,更多|task=肥料奖励 已发放' btns=[更多,关闭]
07:02:09.660 MATCHED name='支付宝-肥料奖励 已发放-点击肥料奖励' action=CLICK_BUTTON
07:02:09.811 CLICK_H5 type=0x800 target='已发放' sig='p=ALIPAY|farm=false|type=unknown|countdown=no|progress=no|btns=关闭,更多|task=肥料奖励 已发放' btns=[更多,关闭]
07:02:09.812 MATCHED name='支付宝-肥料奖励 已发放-点击肥料奖励' action=CLICK_BUTTON
07:02:09.978 CLICK_H5 type=0x800 target='Smallfish App' sig='p=ALIPAY|farm=false|type=unknown|countdown=no|progress=no|btns=关闭,更多|task=https://render.alipay.com/p/c//index.html?caprMode=sync Smallfish App' btns=[更多,关闭]
07:02:09.979 MATCHED name='支付宝-https://render.alipay.com/p/c//index.html?caprMode=sync Smallfish App-点击Smallfish App' action=CLICK_BUTTON
07:02:19.479 CLICK_H5 type=0x20 target='支付宝' sig='p=ALIPAY|farm=false|type=unknown|countdown=no|progress=no|btns=周末抢一亿红包,搜索,搜索框,消息盒子 支付宝会员 叮！你今天还没有签到哦，599积分兑立白洗衣液 1分钟前 花呗 本月花呗账单待还253.06元 待还款 24分钟前 点击查看全部消息' btns=[搜索框,搜索,周末抢一亿红包,消息盒子 支付宝会员 叮！你今天还没有签到哦，599积分兑立白洗衣液 1分钟前 花呗 本月花呗账单待还253.06元 待还款 24分钟前 点击查看全部消息]
07:02:19.481 MATCHED name='支付宝-未知页-点击支付宝' action=CLICK_BUTTON
07:02:21.990 CLICK_H5 type=0x800 target='首页' sig='p=ALIPAY|farm=false|type=unknown|countdown=no|progress=no|btns=周末抢一亿红包,搜索,搜索框,消息盒子 支付宝会员 叮！你今天还没有签到哦，599积分兑立白洗衣液 1分钟前 花呗 本月花呗账单待还253.06元 待还款 24分钟前 点击查看全部消息|task=首页 理财 视频 消息 我的' btns=[搜索框,搜索,周末抢一亿红包,消息盒子 支付宝会员 叮！你今天还没有签到哦，599积分兑立白洗衣液 1分钟前 花呗 本月花呗账单待还253.06元 待还款 24分钟前 点击查看全部消息]
07:02:21.995 RECORD sig='p=ALIPAY|farm=false|type=unknown|countdown=no|progress=no|btns=周末抢一亿红包,搜索,搜索框,消息盒子 支付宝会员 叮！你今天还没有签到哦，599积分兑立白洗衣液 1分钟前 花呗 本月花呗账单待还253.06元 待还款 24分钟前 点击查看全部消息|task=首页 理财 视频 消息 我的' category='支付宝-首页 理财 视频 消息 我的-点击首页' action=CLICK_BUTTON target='首页' state=IDLE btns=[搜索框,搜索,周末抢一亿红包,消息盒子 支付宝会员 叮！你今天还没有签到哦，599积分兑立白洗衣液 1分钟前 花呗 本月花呗账单待还253.06元 待还款 24分钟前 点击查看全部消息]
07:02:21.996 AUTO_CREATE name='支付宝-首页 理财 视频 消息 我的-点击首页' action=CLICK_BUTTON session=sess_1783810862299 step=12 sig='p=ALIPAY|farm=false|type=unknown|countdown=no|progress=no|btns=周末抢一亿红包,搜索,搜索框,消息盒子 支付宝会员 叮！你今天还没有签到哦，599积分兑立白洗衣液 1分钟前 花呗 本月花呗账单待还253.06元 待还款 24分钟前 点击查看全部消息|task=首页 理财 视频 消息 我的'
07:02:24.094 [stop] FERTILIZER_ACCESSIBILITY_FAIL reason=no_fertilize_button (找不到施肥按钮，可能不在农场主页；页面样本: 第 3 屏，共 5 屏 | 设置默认主屏幕 | 天气 | 当前位置光明区，07:02，7月12日周 | 光明区 | 当前位置光明区 | 高温橙色预警 | 高温橙色预警) → 尝试 OCR 兜底
07:02:24.098 [stop] FERTILIZER_READ_FAIL reason=exception:Services don't have the capability of taking the screenshot.
07:02:24.099 === 录制结束 session=sess_1783810862299 KEEP reason=肥料读取失败(initial=-1 final=-1)，但已录制 12 步，保留规则 steps=12 ===
