=== recording.log cleared on app start (version=2.1/12, time=05:52:22.676) ===
05:55:45.218 === 录制开始 session=sess_1783806945217 name='流程5215' ===
05:55:45.262 [start] FERTILIZER_ACCESSIBILITY_FAIL reason=no_fertilize_button (找不到施肥按钮，可能不在农场主页；页面样本: 松开刷新 | 任务列表 | 农场乐园入口 | 还差3次领肥料 | 切换摇钱树 | 逛农货 | 我的收获 | 芭芭农场,种果树得水果，助农增收) → 尝试 OCR 兜底
05:55:45.266 [start] FERTILIZER_READ_FAIL reason=exception:Services don't have the capability of taking the screenshot.
05:55:55.025 === 录制开始 session=sess_1783806955025 name='流程5024' ===
05:55:56.336 CLICK_H5 type=0x800 target='已领取' sig='p=ALIPAY|farm=true|type=farm_home|countdown=no|progress=no|btns=任务列表,关闭,农场乐园入口,切换摇钱树,向僵尸开炮,得1000肥 三国冰河,我的收获,支付宝·芭芭农场,更多,灵画师,返回,还差3次领肥料,逛农货,钓红包' btns=[任务列表,农场乐园入口,还差3次领肥料,切换摇钱树,逛农货,我的收获,钓红包,得1000肥 三国冰河,灵画师,向僵尸开炮,返回,支付宝·芭芭农场,更多,关闭]
05:55:56.338 MATCHED name='支付宝-农场主页-点击支付宝' action=CLICK_BUTTON
05:55:59.284 CLICK_H5 type=0x20 target='签到成功！每天来芭芭农场，更快1分钱领水果~' sig='p=ALIPAY|farm=true|type=browse|countdown=no|progress=yes|btns=任务列表,关闭做任务集肥料弹窗,农场乐园入口,切换摇钱树,前往手机淘宝-芭芭农场,去分享,去喂鸡,去完成,去逛逛,向僵尸开炮,得1000肥 三国冰河,我的收获,支付宝·芭芭农场,更多,灵画师,返回,还差3次领肥料,连续签到任务规则,逛农货,钓红包' btns=[任务列表,农场乐园入口,还差3次领肥料,切换摇钱树,逛农货,我的收获,钓红包,得1000肥 三国冰河,灵画师,向僵尸开炮,关闭做任务集肥料弹窗,连续签到任务规则,去完成,去逛逛,去喂鸡,去分享,前往手机淘宝-芭芭农场,返回,支付宝·芭芭农场,更多]
05:55:59.285 MATCHED name='支付宝-浏览任务-点击滑动浏览14秒得肥料' action=CLICK_BUTTON
05:55:59.547 CLICK_H5 type=0x800 target='已领取' sig='p=ALIPAY|farm=true|type=browse|countdown=no|progress=yes|btns=任务列表,关闭做任务集肥料弹窗,农场乐园入口,切换摇钱树,前往手机淘宝-芭芭农场,去分享,去喂鸡,去完成,去逛逛,向僵尸开炮,得1000肥 三国冰河,我的收获,支付宝·芭芭农场,更多,灵画师,返回,还差3次领肥料,连续签到任务规则,逛农货,钓红包' btns=[任务列表,农场乐园入口,还差3次领肥料,切换摇钱树,逛农货,我的收获,钓红包,得1000肥 三国冰河,灵画师,向僵尸开炮,关闭做任务集肥料弹窗,连续签到任务规则,去完成,去逛逛,去喂鸡,去分享,前往手机淘宝-芭芭农场,返回,支付宝·芭芭农场,更多]
05:55:59.548 MATCHED name='支付宝-浏览任务-点击滑动浏览14秒得肥料' action=CLICK_BUTTON
05:56:00.474 CLICK_H5 type=0x800 target='关闭做任务集肥料弹窗' sig='p=ALIPAY|farm=false|type=unknown|countdown=no|progress=no|btns=返回' btns=[返回]
05:56:00.475 MATCHED name='支付宝-未知页-点击支付宝' action=CLICK_BUTTON
05:56:01.142 CLICK_H5 type=0x800 target='“抢”青海农货得6万肥料' sig='p=ALIPAY|farm=true|type=farm_home|countdown=no|progress=no|btns=返回' btns=[返回]
05:56:01.144 MATCHED name='支付宝-农场主页-点击支付宝' action=CLICK_BUTTON
05:56:01.490 CLICK_H5 type=0x800 target='囤高原特产，得6万肥料' sig='p=ALIPAY|farm=true|type=farm_home|countdown=no|progress=no|btns=返回' btns=[返回]
05:56:01.494 MATCHED name='支付宝-农场主页-点击支付宝' action=CLICK_BUTTON
05:56:01.828 CLICK_H5 type=0x800 target='农货百款 等你来“挑”' sig='p=ALIPAY|farm=true|type=farm_home|countdown=no|progress=no|btns=返回' btns=[返回]
05:56:01.830 MATCHED name='支付宝-农场主页-点击支付宝' action=CLICK_BUTTON
05:56:14.109 CLICK_H5 type=0x800 target='青海好农货正热销！' sig='p=ALIPAY|farm=true|type=farm_home|countdown=no|progress=no|btns=返回' btns=[返回]
05:56:14.110 MATCHED name='支付宝-农场主页-点击支付宝' action=CLICK_BUTTON
05:56:38.563 CLICK_H5 type=0x800 target='青海好农货正热销！' sig='p=ALIPAY|farm=true|type=farm_home|countdown=no|progress=no|btns=返回' btns=[返回]
05:56:38.567 MATCHED name='支付宝-农场主页-点击支付宝' action=CLICK_BUTTON
05:56:39.304 CLICK_H5 type=0x800 target='“抢”高原鲜货 得6万肥' sig='p=ALIPAY|farm=true|type=complete|countdown=no|progress=no|btns=返回' btns=[返回]
05:56:39.305 MATCHED name='支付宝-任务完成-点击立即签到' action=CLICK_BUTTON
05:56:42.183 CLICK_H5 type=0x800 target='任务列表' sig='p=ALIPAY|farm=true|type=browse|popup=red_packet|countdown=no|progress=yes|btns=任务列表,关闭做任务集肥料弹窗,农场乐园入口,切换摇钱树,前往手机淘宝-芭芭农场,去分享,去喂鸡,去完成,去逛逛,向僵尸开炮,得1000肥 三国冰河,我的收获,支付宝·芭芭农场,灵画师,继续逛,返回,还差3次领肥料,连续签到任务规则,逛农货,钓红包|task=任务列表 农场乐园入口 切换摇钱树 逛农货 我的收获' btns=[任务列表,农场乐园入口,还差3次领肥料,切换摇钱树,逛农货,我的收获,钓红包,得1000肥 三国冰河,灵画师,向僵尸开炮,关闭做任务集肥料弹窗,连续签到任务规则,去完成,继续逛,去逛逛,去喂鸡,去分享,前往手机淘宝-芭芭农场,返回,支付宝·芭芭农场]
05:56:42.185 RECORD sig='p=ALIPAY|farm=true|type=browse|popup=red_packet|countdown=no|progress=yes|btns=任务列表,关闭做任务集肥料弹窗,农场乐园入口,切换摇钱树,前往手机淘宝-芭芭农场,去分享,去喂鸡,去完成,去逛逛,向僵尸开炮,得1000肥 三国冰河,我的收获,支付宝·芭芭农场,灵画师,继续逛,返回,还差3次领肥料,连续签到任务规则,逛农货,钓红包|task=任务列表 农场乐园入口 切换摇钱树 逛农货 我的收获' category='支付宝-任务列表 农场乐园入口 切换摇钱树 逛农货 我的收获-红包弹窗-点击任务列表' action=CLICK_BUTTON target='任务列表' state=IDLE btns=[任务列表,农场乐园入口,还差3次领肥料,切换摇钱树,逛农货,我的收获,钓红包,得1000肥 三国冰河,灵画师,向僵尸开炮,关闭做任务集肥料弹窗,连续签到任务规则,去完成,继续逛,去逛逛,去喂鸡,去分享,前往手机淘宝-芭芭农场,返回,支付宝·芭芭农场]
05:56:42.186 AUTO_CREATE name='支付宝-任务列表 农场乐园入口 切换摇钱树 逛农货 我的收获-红包弹窗-点击任务列表' action=CLICK_BUTTON session=sess_1783806945217 step=10 sig='p=ALIPAY|farm=true|type=browse|popup=red_packet|countdown=no|progress=yes|btns=任务列表,关闭做任务集肥料弹窗,农场乐园入口,切换摇钱树,前往手机淘宝-芭芭农场,去分享,去喂鸡,去完成,去逛逛,向僵尸开炮,得1000肥 三国冰河,我的收获,支付宝·芭芭农场,灵画师,继续逛,返回,还差3次领肥料,连续签到任务规则,逛农货,钓红包|task=任务列表 农场乐园入口 切换摇钱树 逛农货 我的收获'
05:56:42.731 CLICK_H5 type=0x800 target='大额' sig='p=ALIPAY|farm=true|type=browse|popup=red_packet|countdown=no|progress=yes|btns=任务列表,关闭做任务集肥料弹窗,农场乐园入口,切换摇钱树,前往手机淘宝-芭芭农场,去分享,去喂鸡,去完成,去逛逛,向僵尸开炮,得1000肥 三国冰河,我的收获,支付宝·芭芭农场,灵画师,继续逛,返回,还差3次领肥料,连续签到任务规则,逛农货,钓红包|task=任务列表' btns=[任务列表,农场乐园入口,还差3次领肥料,切换摇钱树,逛农货,我的收获,钓红包,得1000肥 三国冰河,灵画师,向僵尸开炮,关闭做任务集肥料弹窗,连续签到任务规则,去完成,继续逛,去逛逛,去喂鸡,去分享,前往手机淘宝-芭芭农场,返回,支付宝·芭芭农场]
05:56:42.732 RECORD sig='p=ALIPAY|farm=true|type=browse|popup=red_packet|countdown=no|progress=yes|btns=任务列表,关闭做任务集肥料弹窗,农场乐园入口,切换摇钱树,前往手机淘宝-芭芭农场,去分享,去喂鸡,去完成,去逛逛,向僵尸开炮,得1000肥 三国冰河,我的收获,支付宝·芭芭农场,灵画师,继续逛,返回,还差3次领肥料,连续签到任务规则,逛农货,钓红包|task=任务列表' category='支付宝-任务列表-红包弹窗-点击大额' action=CLICK_BUTTON target='大额' state=IDLE btns=[任务列表,农场乐园入口,还差3次领肥料,切换摇钱树,逛农货,我的收获,钓红包,得1000肥 三国冰河,灵画师,向僵尸开炮,关闭做任务集肥料弹窗,连续签到任务规则,去完成,继续逛,去逛逛,去喂鸡,去分享,前往手机淘宝-芭芭农场,返回,支付宝·芭芭农场]
05:56:42.733 AUTO_CREATE name='支付宝-任务列表-红包弹窗-点击大额' action=CLICK_BUTTON session=sess_1783806945217 step=11 sig='p=ALIPAY|farm=true|type=browse|popup=red_packet|countdown=no|progress=yes|btns=任务列表,关闭做任务集肥料弹窗,农场乐园入口,切换摇钱树,前往手机淘宝-芭芭农场,去分享,去喂鸡,去完成,去逛逛,向僵尸开炮,得1000肥 三国冰河,我的收获,支付宝·芭芭农场,灵画师,继续逛,返回,还差3次领肥料,连续签到任务规则,逛农货,钓红包|task=任务列表'
05:56:42.983 [stop] FERTILIZER_ACCESSIBILITY_FAIL reason=parse_failed (找到施肥按钮但自身/父节点/子树/整页均无'肥料XXXX'格式；text=' 合种/帮帮种多人施肥当前进度0，总进度1 得500肥，需2人施肥' desc=''；页面样本: 松开刷新 | 任务列表 | 农场乐园入口 | 还差3次领肥料 | 切换摇钱树 | 逛农货 | 我的收获 | 芭芭农场,种果树得水果，助农增收) → 尝试 OCR 兜底
05:56:42.986 [stop] FERTILIZER_READ_FAIL reason=exception:Services don't have the capability of taking the screenshot.
05:56:42.988 === 录制结束 session=sess_1783806945217 DISCARD reason=肥料读取失败且无步骤(initial=-1 final=-1)，未录制任何操作 steps=0 ===
