=== recording.log cleared on app start (version=2.1/12, time=21:03:16.598) ===
21:03:42.837 === 录制开始 session=sess_1783947822836 name='流程2829' ===
21:03:42.955 [start] FERTILIZER_ACCESSIBILITY_FAIL reason=no_fertilize_button (找不到施肥按钮，可能不在农场主页；页面样本: 松开刷新 | 返回 |  | 支付宝·芭芭农场 | 更多 |  | 更多 | 关闭) → 尝试 OCR 兜底
21:03:43.133 [start] FERTILIZER_READ_FAIL reason=ocr_fail (无障碍和OCR均未识别到肥料总数)
21:03:48.343 SKIP_NO_FERTILIZER target='前往手机淘宝-芭芭农场' (非肥料相关，丢弃)
21:03:48.423 SKIP_NO_FERTILIZER target='已领取' (非肥料相关，丢弃)
21:03:48.683 SKIP_NO_FERTILIZER target='A*BlpJRJYmMOEAAAAAAAAAAAAAARQnAQ' (非肥料相关，丢弃)
21:03:49.797 SKIP_NO_FERTILIZER target='支付宝' (非肥料相关，丢弃)
21:04:14.099 CLICK_H5 type=0x800 target='还差5次领肥料' sig='p=ALIPAY|farm=true|type=browse|countdown=no|progress=yes|fertTask=还差5次领肥料|fertStruct=c=V|n=2|ch=V,TV' btns=[任务列表,农场乐园入口,还差5次领肥料,切换摇钱树,逛农货,我的收获,施肥11次,邀请,钓红包,得1000肥 三国冰河,浪漫餐厅,几何王国,关闭做任务集肥料弹窗,连续签到任务规则,去逛逛,去完成,去喂鸡,去分享,邀请队友,领取]
21:04:14.100 RECORD sig='p=ALIPAY|farm=true|type=browse|countdown=no|progress=yes|fertTask=还差5次领肥料|fertStruct=c=V|n=2|ch=V,TV' category='支付宝-浏览任务-点击还差5次领肥料' action=CLICK_BUTTON target='还差5次领肥料' state=IDLE btns=[任务列表,农场乐园入口,还差5次领肥料,切换摇钱树,逛农货,我的收获,施肥11次,邀请,钓红包,得1000肥 三国冰河,浪漫餐厅,几何王国,关闭做任务集肥料弹窗,连续签到任务规则,去逛逛,去完成,去喂鸡,去分享,邀请队友,领取]
21:04:14.101 AUTO_CREATE name='支付宝-浏览任务-点击还差5次领肥料' action=CLICK_BUTTON session=sess_1783947822836 step=0 sig='p=ALIPAY|farm=true|type=browse|countdown=no|progress=yes|fertTask=还差5次领肥料|fertStruct=c=V|n=2|ch=V,TV'
21:04:22.986 CLICK_H5 type=0x800 target='滑动浏览14秒得肥料' sig='p=ALIPAY|farm=false|type=unknown|countdown=no|progress=no' btns=[]
21:04:22.987 MATCHED name='支付宝-未知页-点击支付宝' action=CLICK_BUTTON
21:04:24.290 CLICK_H5 type=0x800 target='滑动浏览13秒得肥料' sig='p=ALIPAY|farm=false|type=unknown|countdown=no|progress=no' btns=[]
21:04:24.291 MATCHED name='支付宝-未知页-点击支付宝' action=CLICK_BUTTON
21:04:25.421 CLICK_H5 type=0x800 target='滑动浏览12秒得肥料' sig='p=ALIPAY|farm=false|type=unknown|countdown=no|progress=no' btns=[]
21:04:25.422 MATCHED name='支付宝-未知页-点击支付宝' action=CLICK_BUTTON
21:04:26.442 CLICK_H5 type=0x800 target='滑动浏览11秒得肥料' sig='p=ALIPAY|farm=false|type=unknown|countdown=no|progress=no' btns=[]
21:04:26.442 MATCHED name='支付宝-未知页-点击支付宝' action=CLICK_BUTTON
21:04:27.438 CLICK_H5 type=0x800 target='滑动浏览10秒得肥料' sig='p=ALIPAY|farm=false|type=unknown|countdown=no|progress=no' btns=[]
21:04:27.439 MATCHED name='支付宝-未知页-点击支付宝' action=CLICK_BUTTON
21:04:28.313 CLICK_H5 type=0x800 target='滑动浏览9秒得肥料' sig='p=ALIPAY|farm=false|type=unknown|countdown=no|progress=no' btns=[]
21:04:28.314 MATCHED name='支付宝-未知页-点击支付宝' action=CLICK_BUTTON
21:04:29.292 CLICK_H5 type=0x800 target='滑动浏览8秒得肥料' sig='p=ALIPAY|farm=false|type=unknown|countdown=no|progress=no' btns=[]
21:04:29.293 MATCHED name='支付宝-未知页-点击支付宝' action=CLICK_BUTTON
21:04:30.231 CLICK_H5 type=0x800 target='滑动浏览7秒得肥料' sig='p=ALIPAY|farm=false|type=unknown|countdown=no|progress=no' btns=[]
21:04:30.231 MATCHED name='支付宝-未知页-点击支付宝' action=CLICK_BUTTON
21:04:31.071 CLICK_H5 type=0x800 target='滑动浏览6秒得肥料' sig='p=ALIPAY|farm=false|type=unknown|countdown=no|progress=no' btns=[]
21:04:31.072 MATCHED name='支付宝-未知页-点击支付宝' action=CLICK_BUTTON
21:04:32.239 CLICK_H5 type=0x800 target='滑动浏览5秒得肥料' sig='p=ALIPAY|farm=false|type=unknown|countdown=no|progress=no' btns=[]
21:04:32.239 MATCHED name='支付宝-未知页-点击支付宝' action=CLICK_BUTTON
21:04:33.073 CLICK_H5 type=0x800 target='滑动浏览4秒得肥料' sig='p=ALIPAY|farm=false|type=unknown|countdown=no|progress=no' btns=[]
21:04:33.075 MATCHED name='支付宝-未知页-点击支付宝' action=CLICK_BUTTON
21:04:34.831 CLICK_H5 type=0x800 target='滑动浏览3秒得肥料' sig='p=ALIPAY|farm=false|type=unknown|countdown=no|progress=no' btns=[]
21:04:34.833 MATCHED name='支付宝-未知页-点击支付宝' action=CLICK_BUTTON
21:04:36.364 CLICK_H5 type=0x800 target='滑动浏览2秒得肥料' sig='p=ALIPAY|farm=false|type=unknown|countdown=no|progress=no' btns=[]
21:04:36.365 MATCHED name='支付宝-未知页-点击支付宝' action=CLICK_BUTTON
21:04:38.592 CLICK_H5 type=0x800 target='滑动浏览1秒得肥料' sig='p=ALIPAY|farm=false|type=unknown|countdown=no|progress=no' btns=[]
21:04:38.593 MATCHED name='支付宝-未知页-点击支付宝' action=CLICK_BUTTON
21:04:40.317 CLICK_H5 type=0x800 target='滑动浏览0秒得肥料' sig='p=ALIPAY|farm=false|type=unknown|countdown=no|progress=no' btns=[]
21:04:40.319 MATCHED name='支付宝-未知页-点击支付宝' action=CLICK_BUTTON
21:04:40.983 CLICK_H5 type=0x800 target='已获得肥料' sig='p=ALIPAY|farm=false|type=unknown|countdown=no|progress=no' btns=[]
21:04:40.984 MATCHED name='支付宝-未知页-点击支付宝' action=CLICK_BUTTON
21:04:41.149 CLICK_H5 type=0x800 target='滑动浏览9秒得肥料' sig='p=ALIPAY|farm=false|type=unknown|countdown=no|progress=no' btns=[]
21:04:41.151 MATCHED name='支付宝-未知页-点击支付宝' action=CLICK_BUTTON
21:04:44.227 SKIP_NO_FERTILIZER target='支付宝' (非肥料相关，丢弃)
21:04:44.300 SKIP_NO_FERTILIZER target='到店支付1笔得100肥当前进度1，总进度1 今晚24点前可领奖' (非肥料相关，丢弃)
21:04:44.822 CLICK_H5 type=0x800 target='关闭做任务集肥料弹窗' sig='p=ALIPAY|farm=false|type=unknown|countdown=no|progress=no' btns=[]
21:04:44.822 MATCHED name='支付宝-未知页-点击支付宝' action=CLICK_BUTTON
21:04:45.420 SKIP_NO_FERTILIZER target='农货百款 等你来“挑”' (非肥料相关，丢弃)
21:04:45.513 CLICK_H5 type=0x800 target='囤高原特产，得6万肥料' sig='p=ALIPAY|farm=false|type=unknown|countdown=no|progress=no' btns=[]
21:04:45.514 MATCHED name='支付宝-未知页-点击支付宝' action=CLICK_BUTTON
21:04:45.669 CLICK_H5 type=0x800 target='“抢”青海农货得6万肥料' sig='p=ALIPAY|farm=false|type=unknown|countdown=no|progress=no' btns=[]
21:04:45.670 MATCHED name='支付宝-未知页-点击支付宝' action=CLICK_BUTTON
21:04:46.077 SKIP_NO_FERTILIZER target='青海好农货正热销！' (非肥料相关，丢弃)
21:04:46.112 [stop] FERTILIZER_ACCESSIBILITY_FAIL reason=no_fertilize_button (找不到施肥按钮，可能不在农场主页；页面样本: 转到上一层级 | 场景规则编辑 | 全部 | 全部 | 淘宝 | 淘宝 | 支付宝 | 支付宝) → 尝试 OCR 兜底
21:04:46.184 [stop] FERTILIZER_READ_FAIL reason=ocr_fail (无障碍和OCR均未识别到肥料总数)
21:04:46.185 === 录制结束 session=sess_1783947822836 KEEP reason=肥料读取失败(initial=-1 final=-1)，但已录制 1 步，保留规则 steps=1 ===
