=== recording.log cleared on app start (version=2.1/12, time=20:17:47.415) ===
20:25:15.057 === 录制开始 session=sess_1783772715048 name='流程5048' ===
20:25:16.747 [start] FERTILIZER_READ_OK amount=70000 (source=accessibility)
20:25:19.722 CLICK_H5 type=0x800 target='芭芭农场' sig='p=TAOBAO|farm=false|type=unknown|countdown=no|progress=no|task=芭芭农场' btns=[]
20:25:19.725 RECORD sig='p=TAOBAO|farm=false|type=unknown|countdown=no|progress=no|task=芭芭农场' category='淘宝-芭芭农场-点击芭芭农场' action=CLICK_BUTTON target='芭芭农场' state=IDLE btns=[]
20:25:19.726 AUTO_CREATE name='淘宝-芭芭农场-点击芭芭农场' action=CLICK_BUTTON session=sess_1783772715048 step=0 sig='p=TAOBAO|farm=false|type=unknown|countdown=no|progress=no|task=芭芭农场'
20:25:20.118 CLICK_H5 type=0x800 target='light' sig='p=TAOBAO|farm=false|type=unknown|countdown=no|progress=no|btns=' btns=[]
20:25:20.119 MATCHED name='淘宝-未知页-点击支付宝' action=CLICK_BUTTON
20:25:27.731 CLICK_H5 type=0x20 target='淘宝' sig='p=TAOBAO|farm=false|type=unknown|countdown=no|progress=no|btns=更多12 按钮,ꁊ,ꄭ,' btns=[,ꄭ,ꁊ,更多12 按钮]
20:25:27.736 MATCHED name='淘宝-未知页-点击支付宝' action=CLICK_BUTTON
20:25:29.871 CLICK_H5 type=0x800 target='【NewDetail】五棱镜任务浮标' sig='p=TAOBAO|farm=false|type=unknown|countdown=no|progress=no|btns=更多12 按钮,ꁊ,ꄭ,|task=【NewDetail】五棱镜任务浮标' btns=[,ꄭ,ꁊ,更多12 按钮]
20:25:29.876 RECORD sig='p=TAOBAO|farm=false|type=unknown|countdown=no|progress=no|btns=更多12 按钮,ꁊ,ꄭ,|task=【NewDetail】五棱镜任务浮标' category='淘宝-【NewDetail】五棱镜任务浮标-点击【NewDetail】五棱镜任务浮标' action=CLICK_BUTTON target='【NewDetail】五棱镜任务浮标' state=IDLE btns=[,ꄭ,ꁊ,更多12 按钮]
20:25:29.879 AUTO_CREATE name='淘宝-【NewDetail】五棱镜任务浮标-点击【NewDetail】五棱镜任务浮标' action=CLICK_BUTTON session=sess_1783772715048 step=3 sig='p=TAOBAO|farm=false|type=unknown|countdown=no|progress=no|btns=更多12 按钮,ꁊ,ꄭ,|task=【NewDetail】五棱镜任务浮标'
20:25:35.348 CLICK_H5 type=0x800 target='TB19BtVH4D1gK0jSZFyXXciOVXa-160-120.png_' sig='p=TAOBAO|farm=false|type=unknown|countdown=no|progress=no|btns=更多12 按钮,ꁊ,ꄭ,|task=TB19BtVH4D1gK0jSZFyXXciOVXa--.png_' btns=[,ꄭ,ꁊ,更多12 按钮]
20:25:35.352 RECORD sig='p=TAOBAO|farm=false|type=unknown|countdown=no|progress=no|btns=更多12 按钮,ꁊ,ꄭ,|task=TB19BtVH4D1gK0jSZFyXXciOVXa--.png_' category='淘宝-TB19BtVH4D1gK0jSZFyXXciOVXa--.png_-点击TB19BtVH4D1gK0jSZFyXXciOVXa-160-120.png_' action=CLICK_BUTTON target='TB19BtVH4D1gK0jSZFyXXciOVXa-160-120.png_' state=IDLE btns=[,ꄭ,ꁊ,更多12 按钮]
20:25:35.353 AUTO_CREATE name='淘宝-TB19BtVH4D1gK0jSZFyXXciOVXa--.png_-点击TB19BtVH4D1gK0jSZFyXXciOVXa-160-120.png_' action=CLICK_BUTTON session=sess_1783772715048 step=4 sig='p=TAOBAO|farm=false|type=unknown|countdown=no|progress=no|btns=更多12 按钮,ꁊ,ꄭ,|task=TB19BtVH4D1gK0jSZFyXXciOVXa--.png_'
20:25:40.657 CLICK_H5 type=0x800 target='视频，按钮。双击可暂停或播放视频。' sig='p=TAOBAO|farm=false|type=unknown|countdown=no|progress=no|btns=更多12 按钮,ꁊ,ꄭ,|task=视频，按钮。双击可暂停或播放视频。 视频，按钮。双击可暂停或播放视频。 上拉加载更多' btns=[,ꄭ,ꁊ,更多12 按钮]
20:25:40.659 RECORD sig='p=TAOBAO|farm=false|type=unknown|countdown=no|progress=no|btns=更多12 按钮,ꁊ,ꄭ,|task=视频，按钮。双击可暂停或播放视频。 视频，按钮。双击可暂停或播放视频。 上拉加载更多' category='淘宝-视频，按钮。双击可暂停或播放视频。 视频，按钮。双击可暂停或播放视频。 上拉加载更多-点击视频，按钮。双击可暂停或播放视频。' action=CLICK_BUTTON target='视频，按钮。双击可暂停或播放视频。' state=IDLE btns=[,ꄭ,ꁊ,更多12 按钮]
20:25:40.660 AUTO_CREATE name='淘宝-视频，按钮。双击可暂停或播放视频。 视频，按钮。双击可暂停或播放视频。 上拉加载更多-点击视频，按钮。双击可暂停或播放视频。' action=CLICK_BUTTON session=sess_1783772715048 step=5 sig='p=TAOBAO|farm=false|type=unknown|countdown=no|progress=no|btns=更多12 按钮,ꁊ,ꄭ,|task=视频，按钮。双击可暂停或播放视频。 视频，按钮。双击可暂停或播放视频。 上拉加载更多'
20:25:42.523 CLICK_H5 type=0x800 target='视频，按钮。双击可暂停或播放视频。' sig='p=TAOBAO|farm=false|type=unknown|countdown=no|progress=no|btns=更多12 按钮,ꁊ,ꄭ,|task=视频，按钮。双击可暂停或播放视频。 视频，按钮。双击可暂停或播放视频。 上拉加载更多' btns=[,ꄭ,ꁊ,更多12 按钮]
20:25:42.526 MATCHED name='淘宝-视频，按钮。双击可暂停或播放视频。 视频，按钮。双击可暂停或播放视频。 上拉加载更多-点击视频，按钮。双击可暂停或播放视频。' action=CLICK_BUTTON
20:26:02.167 === 录制开始 session=sess_1783772762167 name='流程2166' ===
20:26:43.367 CLICK_H5 type=0x800 target='O1CN01AP8XSr1cjnWtVMvld_!!6000000003637-2-tps-128-100.png_' sig='p=TAOBAO|farm=true|type=paid_search|countdown=no|progress=no|btns=Ariseism 美式复古波点印花休闲裤女夏季新款百搭长裤 全网低价七天退换 ¥1791万+人付款 下单得肥料 +104000,CLIVEN｜栀子花香氛沐浴露保湿留香学生宿舍用 淘金币可抵0.3元七天退换 ¥12.512000+人付款 下单得肥料 +62000,关闭,宫教授氯化羟铝止汗露净腋霜改善狐臭异味持久清爽香体膏干爽留香 七天退换 ¥28.916万+人付款 下单得肥料 +62000,止汗露女腋下除臭止汗喷雾四氯羟铝锆狐臭腋窝去异味香体露男正品 直降14.51元正品保证七天退换 ¥50.494000+人付款 下单得肥料 +83000,氯化羟铝止汗露喷雾净味除去腋下狐臭异味持久留香体乳霜遗传男女 直降18元全网低价七天退换 ¥19.371000+人付款 下单得肥料 +62000,爱恩倍腋下除臭擦汗湿巾运动狐腋窝去异味净味清洁止专用薄荷清凉 正品保证七天退换 ¥23.992000+人付款 下单得肥料 +62000,看过来！这手提袋真不错！食品级加厚高温封底 七天退换 ¥1.983000+人付款 下单得肥料 +104000,继续赚奖励(3s),这味道真清新~洁厕宝温和疏通除臭去垢神器 七天退换 ¥4.83万+人付款 下单得肥料 +41000' btns=[Ariseism 美式复古波点印花休闲裤女夏季新款百搭长裤 全网低价七天退换 ¥1791万+人付款 下单得肥料 +104000,止汗露女腋下除臭止汗喷雾四氯羟铝锆狐臭腋窝去异味香体露男正品 直降14.51元正品保证七天退换 ¥50.494000+人付款 下单得肥料 +83000,氯化羟铝止汗露喷雾净味除去腋下狐臭异味持久留香体乳霜遗传男女 直降18元全网低价七天退换 ¥19.371000+人付款 下单得肥料 +62000,宫教授氯化羟铝止汗露净腋霜改善狐臭异味持久清爽香体膏干爽留香 七天退换 ¥28.916万+人付款 下单得肥料 +62000,爱恩倍腋下除臭擦汗湿巾运动狐腋窝去异味净味清洁止专用薄荷清凉 正品保证七天退换 ¥23.992000+人付款 下单得肥料 +62000,这味道真清新~洁厕宝温和疏通除臭去垢神器 七天退换 ¥4.83万+人付款 下单得肥料 +41000,看过来！这手提袋真不错！食品级加厚高温封底 七天退换 ¥1.983000+人付款 下单得肥料 +104000,CLIVEN｜栀子花香氛沐浴露保湿留香学生宿舍用 淘金币可抵0.3元七天退换 ¥12.512000+人付款 下单得肥料 +62000,继续赚奖励(3s),关闭]
20:26:43.370 MATCHED name='淘宝-付费搜索-点击light' action=CLICK_BUTTON
20:26:43.678 CLICK_H5 type=0x800 target='【NewDetail】五棱镜任务浮标' sig='p=TAOBAO|farm=true|type=paid_search|countdown=no|progress=no|btns=Ariseism 美式复古波点印花休闲裤女夏季新款百搭长裤 全网低价七天退换 ¥1791万+人付款 下单得肥料 +104000,CLIVEN｜栀子花香氛沐浴露保湿留香学生宿舍用 淘金币可抵0.3元七天退换 ¥12.512000+人付款 下单得肥料 +62000,关闭,宫教授氯化羟铝止汗露净腋霜改善狐臭异味持久清爽香体膏干爽留香 七天退换 ¥28.916万+人付款 下单得肥料 +62000,止汗露女腋下除臭止汗喷雾四氯羟铝锆狐臭腋窝去异味香体露男正品 直降14.51元正品保证七天退换 ¥50.494000+人付款 下单得肥料 +83000,氯化羟铝止汗露喷雾净味除去腋下狐臭异味持久留香体乳霜遗传男女 直降18元全网低价七天退换 ¥19.371000+人付款 下单得肥料 +62000,爱恩倍腋下除臭擦汗湿巾运动狐腋窝去异味净味清洁止专用薄荷清凉 正品保证七天退换 ¥23.992000+人付款 下单得肥料 +62000,看过来！这手提袋真不错！食品级加厚高温封底 七天退换 ¥1.983000+人付款 下单得肥料 +104000,继续赚奖励(3s),这味道真清新~洁厕宝温和疏通除臭去垢神器 七天退换 ¥4.83万+人付款 下单得肥料 +41000' btns=[Ariseism 美式复古波点印花休闲裤女夏季新款百搭长裤 全网低价七天退换 ¥1791万+人付款 下单得肥料 +104000,止汗露女腋下除臭止汗喷雾四氯羟铝锆狐臭腋窝去异味香体露男正品 直降14.51元正品保证七天退换 ¥50.494000+人付款 下单得肥料 +83000,氯化羟铝止汗露喷雾净味除去腋下狐臭异味持久留香体乳霜遗传男女 直降18元全网低价七天退换 ¥19.371000+人付款 下单得肥料 +62000,宫教授氯化羟铝止汗露净腋霜改善狐臭异味持久清爽香体膏干爽留香 七天退换 ¥28.916万+人付款 下单得肥料 +62000,爱恩倍腋下除臭擦汗湿巾运动狐腋窝去异味净味清洁止专用薄荷清凉 正品保证七天退换 ¥23.992000+人付款 下单得肥料 +62000,这味道真清新~洁厕宝温和疏通除臭去垢神器 七天退换 ¥4.83万+人付款 下单得肥料 +41000,看过来！这手提袋真不错！食品级加厚高温封底 七天退换 ¥1.983000+人付款 下单得肥料 +104000,CLIVEN｜栀子花香氛沐浴露保湿留香学生宿舍用 淘金币可抵0.3元七天退换 ¥12.512000+人付款 下单得肥料 +62000,继续赚奖励(3s),关闭]
20:26:43.680 MATCHED name='淘宝-付费搜索-点击light' action=CLICK_BUTTON
20:26:44.638 CLICK_H5 type=0x800 target='当前页下单' sig='p=TAOBAO|farm=true|type=paid_search|countdown=no|progress=no|btns=Ariseism 美式复古波点印花休闲裤女夏季新款百搭长裤 全网低价七天退换 ¥1791万+人付款 下单得肥料 +104000,CLIVEN｜栀子花香氛沐浴露保湿留香学生宿舍用 淘金币可抵0.3元七天退换 ¥12.512000+人付款 下单得肥料 +62000,关闭,宫教授氯化羟铝止汗露净腋霜改善狐臭异味持久清爽香体膏干爽留香 七天退换 ¥28.916万+人付款 下单得肥料 +62000,止汗露女腋下除臭止汗喷雾四氯羟铝锆狐臭腋窝去异味香体露男正品 直降14.51元正品保证七天退换 ¥50.494000+人付款 下单得肥料 +83000,氯化羟铝止汗露喷雾净味除去腋下狐臭异味持久留香体乳霜遗传男女 直降18元全网低价七天退换 ¥19.371000+人付款 下单得肥料 +62000,爱恩倍腋下除臭擦汗湿巾运动狐腋窝去异味净味清洁止专用薄荷清凉 正品保证七天退换 ¥23.992000+人付款 下单得肥料 +62000,看过来！这手提袋真不错！食品级加厚高温封底 七天退换 ¥1.983000+人付款 下单得肥料 +104000,继续赚奖励(2s),这味道真清新~洁厕宝温和疏通除臭去垢神器 七天退换 ¥4.83万+人付款 下单得肥料 +41000' btns=[Ariseism 美式复古波点印花休闲裤女夏季新款百搭长裤 全网低价七天退换 ¥1791万+人付款 下单得肥料 +104000,止汗露女腋下除臭止汗喷雾四氯羟铝锆狐臭腋窝去异味香体露男正品 直降14.51元正品保证七天退换 ¥50.494000+人付款 下单得肥料 +83000,氯化羟铝止汗露喷雾净味除去腋下狐臭异味持久留香体乳霜遗传男女 直降18元全网低价七天退换 ¥19.371000+人付款 下单得肥料 +62000,宫教授氯化羟铝止汗露净腋霜改善狐臭异味持久清爽香体膏干爽留香 七天退换 ¥28.916万+人付款 下单得肥料 +62000,爱恩倍腋下除臭擦汗湿巾运动狐腋窝去异味净味清洁止专用薄荷清凉 正品保证七天退换 ¥23.992000+人付款 下单得肥料 +62000,这味道真清新~洁厕宝温和疏通除臭去垢神器 七天退换 ¥4.83万+人付款 下单得肥料 +41000,看过来！这手提袋真不错！食品级加厚高温封底 七天退换 ¥1.983000+人付款 下单得肥料 +104000,CLIVEN｜栀子花香氛沐浴露保湿留香学生宿舍用 淘金币可抵0.3元七天退换 ¥12.512000+人付款 下单得肥料 +62000,继续赚奖励(2s),关闭]
20:26:44.642 MATCHED name='淘宝-付费搜索-点击light' action=CLICK_BUTTON
20:26:44.989 CLICK_H5 type=0x800 target='【NewDetail】五棱镜任务浮标' sig='p=TAOBAO|farm=true|type=paid_search|countdown=no|progress=no|btns=Ariseism 美式复古波点印花休闲裤女夏季新款百搭长裤 全网低价七天退换 ¥1791万+人付款 下单得肥料 +104000,CLIVEN｜栀子花香氛沐浴露保湿留香学生宿舍用 淘金币可抵0.3元七天退换 ¥12.512000+人付款 下单得肥料 +62000,宫教授氯化羟铝止汗露净腋霜改善狐臭异味持久清爽香体膏干爽留香 七天退换 ¥28.916万+人付款 下单得肥料 +62000,止汗露女腋下除臭止汗喷雾四氯羟铝锆狐臭腋窝去异味香体露男正品 直降14.51元正品保证七天退换 ¥50.494000+人付款 下单得肥料 +83000,氯化羟铝止汗露喷雾净味除去腋下狐臭异味持久留香体乳霜遗传男女 直降18元全网低价七天退换 ¥19.371000+人付款 下单得肥料 +62000,爱恩倍腋下除臭擦汗湿巾运动狐腋窝去异味净味清洁止专用薄荷清凉 正品保证七天退换 ¥23.992000+人付款 下单得肥料 +62000,看过来！这手提袋真不错！食品级加厚高温封底 七天退换 ¥1.983000+人付款 下单得肥料 +104000,这味道真清新~洁厕宝温和疏通除臭去垢神器 七天退换 ¥4.83万+人付款 下单得肥料 +41000' btns=[Ariseism 美式复古波点印花休闲裤女夏季新款百搭长裤 全网低价七天退换 ¥1791万+人付款 下单得肥料 +104000,止汗露女腋下除臭止汗喷雾四氯羟铝锆狐臭腋窝去异味香体露男正品 直降14.51元正品保证七天退换 ¥50.494000+人付款 下单得肥料 +83000,氯化羟铝止汗露喷雾净味除去腋下狐臭异味持久留香体乳霜遗传男女 直降18元全网低价七天退换 ¥19.371000+人付款 下单得肥料 +62000,宫教授氯化羟铝止汗露净腋霜改善狐臭异味持久清爽香体膏干爽留香 七天退换 ¥28.916万+人付款 下单得肥料 +62000,爱恩倍腋下除臭擦汗湿巾运动狐腋窝去异味净味清洁止专用薄荷清凉 正品保证七天退换 ¥23.992000+人付款 下单得肥料 +62000,这味道真清新~洁厕宝温和疏通除臭去垢神器 七天退换 ¥4.83万+人付款 下单得肥料 +41000,看过来！这手提袋真不错！食品级加厚高温封底 七天退换 ¥1.983000+人付款 下单得肥料 +104000,CLIVEN｜栀子花香氛沐浴露保湿留香学生宿舍用 淘金币可抵0.3元七天退换 ¥12.512000+人付款 下单得肥料 +62000]
20:26:44.991 MATCHED name='淘宝-付费搜索-点击light' action=CLICK_BUTTON
20:26:45.081 CLICK_H5 type=0x800 target='当前页下单' sig='p=TAOBAO|farm=true|type=farm_home|countdown=no|progress=no|btns=Ariseism 美式复古波点印花休闲裤女夏季新款百搭长裤 全网低价七天退换 ¥1791万+人付款 下单得肥料 +104000,CLIVEN｜栀子花香氛沐浴露保湿留香学生宿舍用 淘金币可抵0.3元七天退换 ¥12.512000+人付款 下单得肥料 +62000,宫教授氯化羟铝止汗露净腋霜改善狐臭异味持久清爽香体膏干爽留香 七天退换 ¥28.916万+人付款 下单得肥料 +62000,止汗露女腋下除臭止汗喷雾四氯羟铝锆狐臭腋窝去异味香体露男正品 直降14.51元正品保证七天退换 ¥50.494000+人付款 下单得肥料 +83000,氯化羟铝止汗露喷雾净味除去腋下狐臭异味持久留香体乳霜遗传男女 直降18元全网低价七天退换 ¥19.371000+人付款 下单得肥料 +62000,爱恩倍腋下除臭擦汗湿巾运动狐腋窝去异味净味清洁止专用薄荷清凉 正品保证七天退换 ¥23.992000+人付款 下单得肥料 +62000,看过来！这手提袋真不错！食品级加厚高温封底 七天退换 ¥1.983000+人付款 下单得肥料 +104000,这味道真清新~洁厕宝温和疏通除臭去垢神器 七天退换 ¥4.83万+人付款 下单得肥料 +41000' btns=[Ariseism 美式复古波点印花休闲裤女夏季新款百搭长裤 全网低价七天退换 ¥1791万+人付款 下单得肥料 +104000,止汗露女腋下除臭止汗喷雾四氯羟铝锆狐臭腋窝去异味香体露男正品 直降14.51元正品保证七天退换 ¥50.494000+人付款 下单得肥料 +83000,氯化羟铝止汗露喷雾净味除去腋下狐臭异味持久留香体乳霜遗传男女 直降18元全网低价七天退换 ¥19.371000+人付款 下单得肥料 +62000,宫教授氯化羟铝止汗露净腋霜改善狐臭异味持久清爽香体膏干爽留香 七天退换 ¥28.916万+人付款 下单得肥料 +62000,爱恩倍腋下除臭擦汗湿巾运动狐腋窝去异味净味清洁止专用薄荷清凉 正品保证七天退换 ¥23.992000+人付款 下单得肥料 +62000,这味道真清新~洁厕宝温和疏通除臭去垢神器 七天退换 ¥4.83万+人付款 下单得肥料 +41000,看过来！这手提袋真不错！食品级加厚高温封底 七天退换 ¥1.983000+人付款 下单得肥料 +104000,CLIVEN｜栀子花香氛沐浴露保湿留香学生宿舍用 淘金币可抵0.3元七天退换 ¥12.512000+人付款 下单得肥料 +62000]
20:26:45.082 MATCHED name='淘宝-农场主页-点击前往手机淘宝-芭芭农场' action=CLICK_BUTTON
20:26:45.613 CLICK_H5 type=0x800 target='继续赚奖励(4s)' sig='p=TAOBAO|farm=true|type=farm_home|countdown=no|progress=no|btns=Ariseism 美式复古波点印花休闲裤女夏季新款百搭长裤 全网低价七天退换 ¥1791万+人付款 下单得肥料 +104000,CLIVEN｜栀子花香氛沐浴露保湿留香学生宿舍用 淘金币可抵0.3元七天退换 ¥12.512000+人付款 下单得肥料 +62000,宫教授氯化羟铝止汗露净腋霜改善狐臭异味持久清爽香体膏干爽留香 七天退换 ¥28.916万+人付款 下单得肥料 +62000,止汗露女腋下除臭止汗喷雾四氯羟铝锆狐臭腋窝去异味香体露男正品 直降14.51元正品保证七天退换 ¥50.494000+人付款 下单得肥料 +83000,氯化羟铝止汗露喷雾净味除去腋下狐臭异味持久留香体乳霜遗传男女 直降18元全网低价七天退换 ¥19.371000+人付款 下单得肥料 +62000,爱恩倍腋下除臭擦汗湿巾运动狐腋窝去异味净味清洁止专用薄荷清凉 正品保证七天退换 ¥23.992000+人付款 下单得肥料 +62000,看过来！这手提袋真不错！食品级加厚高温封底 七天退换 ¥1.983000+人付款 下单得肥料 +104000,这味道真清新~洁厕宝温和疏通除臭去垢神器 七天退换 ¥4.83万+人付款 下单得肥料 +41000' btns=[Ariseism 美式复古波点印花休闲裤女夏季新款百搭长裤 全网低价七天退换 ¥1791万+人付款 下单得肥料 +104000,止汗露女腋下除臭止汗喷雾四氯羟铝锆狐臭腋窝去异味香体露男正品 直降14.51元正品保证七天退换 ¥50.494000+人付款 下单得肥料 +83000,氯化羟铝止汗露喷雾净味除去腋下狐臭异味持久留香体乳霜遗传男女 直降18元全网低价七天退换 ¥19.371000+人付款 下单得肥料 +62000,宫教授氯化羟铝止汗露净腋霜改善狐臭异味持久清爽香体膏干爽留香 七天退换 ¥28.916万+人付款 下单得肥料 +62000,爱恩倍腋下除臭擦汗湿巾运动狐腋窝去异味净味清洁止专用薄荷清凉 正品保证七天退换 ¥23.992000+人付款 下单得肥料 +62000,这味道真清新~洁厕宝温和疏通除臭去垢神器 七天退换 ¥4.83万+人付款 下单得肥料 +41000,看过来！这手提袋真不错！食品级加厚高温封底 七天退换 ¥1.983000+人付款 下单得肥料 +104000,CLIVEN｜栀子花香氛沐浴露保湿留香学生宿舍用 淘金币可抵0.3元七天退换 ¥12.512000+人付款 下单得肥料 +62000]
20:26:45.614 MATCHED name='淘宝-农场主页-点击前往手机淘宝-芭芭农场' action=CLICK_BUTTON
20:26:50.551 === 录制开始 session=sess_1783772810550 name='流程550' ===
20:26:52.627 CLICK_H5 type=0x800 target='继续赚奖励(3s)' sig='p=TAOBAO|farm=true|type=farm_home|countdown=no|progress=no|btns=3300，肥料，明日7点可领,undefined，,一起种,买多返多,兔兔挖肥料，50肥料，可领取,再施肥 6 次可领 icon icon,去砍价,去邀请,品牌狂欢周,头像,好友林,换种,搜索,施肥，肥料9300，可施肥0次,更多，按钮,超惠买,邀请好友,邀请好友加速,集肥料,领红包' btns=[3300，肥料，明日7点可领,兔兔挖肥料，50肥料，可领取,好友林,去砍价,去邀请,换种,再施肥 6 次可领 icon icon,头像,邀请好友,邀请好友加速,undefined，,更多，按钮,买多返多,品牌狂欢周,一起种,领红包,施肥，肥料9300，可施肥0次,集肥料,超惠买,搜索]
20:26:52.629 MATCHED name='淘宝-农场主页-点击前往手机淘宝-芭芭农场' action=CLICK_BUTTON
20:26:52.704 CLICK_H5 type=0x800 target='继续赚奖励(3s)' sig='p=TAOBAO|farm=false|type=unknown|countdown=no|progress=no' btns=[]
20:26:52.705 MATCHED name='淘宝-未知页-点击支付宝' action=CLICK_BUTTON
20:26:52.780 CLICK_H5 type=0x800 target='当前页下单得肥料' sig='p=TAOBAO|farm=false|type=unknown|countdown=no|progress=no' btns=[]
20:26:52.781 MATCHED name='淘宝-未知页-点击支付宝' action=CLICK_BUTTON
20:26:52.812 CLICK_H5 type=0x800 target='【NewDetail】五棱镜任务浮标' sig='p=TAOBAO|farm=false|type=unknown|countdown=no|progress=no' btns=[]
20:26:52.813 MATCHED name='淘宝-未知页-点击支付宝' action=CLICK_BUTTON
20:26:53.084 CLICK_H5 type=0x20 target='淘宝' sig='p=TAOBAO|farm=false|type=unknown|countdown=no|progress=no' btns=[]
20:26:53.085 MATCHED name='淘宝-未知页-点击支付宝' action=CLICK_BUTTON
20:26:53.293 CLICK_H5 type=0x800 target='芭芭农场' sig='p=TAOBAO|farm=false|type=unknown|countdown=no|progress=no' btns=[]
20:26:53.296 MATCHED name='淘宝-未知页-点击支付宝' action=CLICK_BUTTON
20:26:53.648 CLICK_H5 type=0x800 target='发现精选好物(2/4)' sig='p=TAOBAO|farm=false|type=unknown|countdown=no|progress=no' btns=[]
20:26:53.650 MATCHED name='淘宝-未知页-点击支付宝' action=CLICK_BUTTON
20:26:53.762 CLICK_H5 type=0x800 target='+1000' sig='p=TAOBAO|farm=false|type=unknown|countdown=no|progress=no' btns=[]
20:26:53.764 MATCHED name='淘宝-未知页-点击支付宝' action=CLICK_BUTTON
20:26:54.131 [stop] FERTILIZER_ACCESSIBILITY_FAIL reason=no_fertilize_button (找不到施肥按钮，可能不在农场主页；页面样本: 芭芭农场-interact | 浏览得奖励) → 尝试 OCR 兜底
20:26:54.135 [stop] FERTILIZER_READ_FAIL reason=exception:Services don't have the capability of taking the screenshot.
20:26:54.137 === 录制结束 session=sess_1783772715048 KEEP reason=肥料读取失败(initial=70000 final=-1)，但已录制 7 步，保留规则 steps=7 ===
