=== recording.log cleared on app start (version=2.1/12, time=13:04:23.217) ===
13:22:44.653 === 录制开始 session=sess_1783747364646 name='流程4642' ===
13:22:44.916 [start] FERTILIZER_READ_OK amount=100 (source=accessibility)
13:22:48.120 CLICK_H5 type=0x20 target='支付宝' sig='p=ALIPAY|farm=false|type=unknown|countdown=no|progress=no|btns=返回' btns=[返回]
13:22:48.125 MATCHED name='支付宝-未知页-点击支付宝' action=CLICK_BUTTON
13:22:49.189 CLICK_H5 type=0x800 target='浏览或查看商品领肥料' sig='p=ALIPAY|farm=false|type=unknown|countdown=no|progress=no|btns=浏览或查看商品领肥料,返回' btns=[返回,浏览或查看商品领肥料]
13:22:49.192 MATCHED name='支付宝-未知页-点击支付宝' action=CLICK_BUTTON
13:23:11.189 CLICK_H5 type=0x800 target='icon' sig='p=ALIPAY|farm=false|type=unknown|countdown=no|progress=no|btns=任务列表,关闭,农场乐园入口,几何王国,切换摇钱树,得1000肥 青云诀,我的收获,支付宝·芭芭农场,施肥5次,更多,浪漫餐厅,返回,还差3次领肥料,逛农货,邀请,钓红包' btns=[任务列表,农场乐园入口,还差3次领肥料,切换摇钱树,逛农货,我的收获,施肥5次,邀请,钓红包,得1000肥 青云诀,浪漫餐厅,几何王国,返回,支付宝·芭芭农场,更多,关闭]
13:23:11.192 MATCHED name='支付宝-未知页-点击支付宝' action=CLICK_BUTTON
13:23:29.087 === 录制开始 session=sess_1783747409086 name='流程9085' ===
13:24:23.529 CLICK_H5 type=0x20 target='支付宝' sig='p=ALIPAY|farm=false|type=unknown|countdown=no|progress=no' btns=[]
13:24:23.533 MATCHED name='支付宝-未知页-点击支付宝' action=CLICK_BUTTON
13:24:23.594 CLICK_H5 type=0x800 target='农货百款 等你来“挑”' sig='p=ALIPAY|farm=false|type=unknown|countdown=no|progress=no' btns=[]
13:24:23.596 MATCHED name='支付宝-未知页-点击支付宝' action=CLICK_BUTTON
13:24:23.704 CLICK_H5 type=0x800 target='囤高原特产，得6万肥料' sig='p=ALIPAY|farm=false|type=unknown|countdown=no|progress=no' btns=[]
13:24:23.705 MATCHED name='支付宝-未知页-点击支付宝' action=CLICK_BUTTON
13:24:23.781 CLICK_H5 type=0x800 target='“抢”高原鲜货 得6万肥' sig='p=ALIPAY|farm=false|type=unknown|countdown=no|progress=no' btns=[]
13:24:23.782 MATCHED name='支付宝-未知页-点击支付宝' action=CLICK_BUTTON
13:24:23.874 CLICK_H5 type=0x800 target='青海好农货正热销！' sig='p=ALIPAY|farm=false|type=unknown|countdown=no|progress=no' btns=[]
13:24:23.875 MATCHED name='支付宝-未知页-点击支付宝' action=CLICK_BUTTON
13:24:24.036 CLICK_H5 type=0x800 target='每日最高120300肥料' sig='p=ALIPAY|farm=false|type=unknown|countdown=no|progress=no' btns=[]
13:24:24.037 MATCHED name='支付宝-未知页-点击支付宝' action=CLICK_BUTTON
13:24:24.051 [stop] FERTILIZER_ACCESSIBILITY_FAIL reason=no_fertilize_button (找不到施肥按钮，可能不在农场主页；页面样本: 执行过程说明 | 云端 | · | sicauyanglei/bbncbot | TRAE Code | 任务耗时 3分26秒 | 总结 | 已推送  d9f9be5 。
 
问题根) → 尝试 OCR 兜底
13:24:24.055 [stop] FERTILIZER_READ_FAIL reason=exception:Services don't have the capability of taking the screenshot.
13:24:24.057 === 录制结束 session=sess_1783747364646 KEEP reason=肥料读取失败(initial=100 final=-1)，但已录制 3 步，保留规则 steps=3 ===
