=== recording.log cleared on app start (version=2.1/12, time=06:07:04.533) ===
06:08:24.865 === 录制开始 session=sess_1783721304864 name='流程4863' ===
06:08:25.010 [start] FERTILIZER_ACCESSIBILITY_FAIL reason=no_fertilize_button (找不到施肥按钮，可能不在农场主页；页面样本: 松开刷新 | 任务列表 | 农场乐园入口 | 还差3次领肥料 | 切换摇钱树 | 逛农货 | 我的收获 | 芭芭农场,种果树得水果，助农增收) → 尝试 OCR 兜底
06:08:25.012 [start] FERTILIZER_READ_FAIL reason=exception:Services don't have the capability of taking the screenshot.
06:08:31.891 CLICK_H5 type=0x800 target='前往手机淘宝-芭芭农场' sig='p=ALIPAY|farm=true|type=browse|popup=red_packet|countdown=yes|progress=yes|btns=三国冰河,亲友树 合种/帮种,任务列表,关闭做任务集肥料弹窗,农场乐园入口,切换摇钱树,前往手机淘宝-芭芭农场,去分享,去完成,去逛逛,去邀请,寻道大千,得1000肥 向僵尸开炮,我的收获,我知道了,还差3次领肥料,连续签到任务规则,逛农货,钓红包,领取' btns=[任务列表,农场乐园入口,还差3次领肥料,切换摇钱树,逛农货,我的收获,钓红包,亲友树 合种/帮种,得1000肥 向僵尸开炮,三国冰河,寻道大千,关闭做任务集肥料弹窗,连续签到任务规则,去完成,去逛逛,领取,去分享,去邀请,前往手机淘宝-芭芭农场,我知道了]
06:08:31.892 MATCHED name='支付宝-浏览任务-红包弹窗-点击9s后领取' action=CLICK_BUTTON
06:08:32.353 CLICK_H5 type=0x800 target='领取' sig='p=ALIPAY|farm=true|type=browse|popup=red_packet|countdown=yes|progress=yes|btns=三国冰河,亲友树 合种/帮种,任务列表,关闭做任务集肥料弹窗,农场乐园入口,切换摇钱树,前往手机淘宝-芭芭农场,去分享,去完成,去逛逛,去邀请,寻道大千,得1000肥 向僵尸开炮,我的收获,我知道了,还差3次领肥料,连续签到任务规则,逛农货,钓红包,领取' btns=[任务列表,农场乐园入口,还差3次领肥料,切换摇钱树,逛农货,我的收获,钓红包,亲友树 合种/帮种,得1000肥 向僵尸开炮,三国冰河,寻道大千,关闭做任务集肥料弹窗,连续签到任务规则,去完成,去逛逛,领取,去分享,去邀请,前往手机淘宝-芭芭农场,我知道了]
06:08:32.355 MATCHED name='支付宝-浏览任务-红包弹窗-点击9s后领取' action=CLICK_BUTTON
06:08:33.233 CLICK_H5 type=0x800 target='今天' sig='p=ALIPAY|farm=true|type=browse|popup=red_packet|countdown=yes|progress=yes|btns=三国冰河,亲友树 合种/帮种,任务列表,关闭做任务集肥料弹窗,农场乐园入口,切换摇钱树,前往手机淘宝-芭芭农场,去分享,去完成,去逛逛,去邀请,寻道大千,得1000肥 向僵尸开炮,我的收获,我知道了,还差3次领肥料,连续签到任务规则,逛农货,钓红包,领取' btns=[任务列表,农场乐园入口,还差3次领肥料,切换摇钱树,逛农货,我的收获,钓红包,亲友树 合种/帮种,得1000肥 向僵尸开炮,三国冰河,寻道大千,关闭做任务集肥料弹窗,连续签到任务规则,去完成,去逛逛,领取,去分享,去邀请,前往手机淘宝-芭芭农场,我知道了]
06:08:33.234 MATCHED name='支付宝-浏览任务-红包弹窗-点击9s后领取' action=CLICK_BUTTON
06:08:34.983 CLICK_H5 type=0x800 target='已领取' sig='p=ALIPAY|farm=true|type=browse|popup=red_packet|countdown=yes|progress=yes|btns=三国冰河,亲友树 合种/帮种,任务列表,关闭做任务集肥料弹窗,农场乐园入口,切换摇钱树,前往手机淘宝-芭芭农场,去分享,去完成,去逛逛,去邀请,寻道大千,得1000肥 向僵尸开炮,我的收获,返回,还差3次领肥料,连续签到任务规则,逛农货,钓红包,领取' btns=[任务列表,农场乐园入口,还差3次领肥料,切换摇钱树,逛农货,我的收获,钓红包,亲友树 合种/帮种,得1000肥 向僵尸开炮,三国冰河,寻道大千,关闭做任务集肥料弹窗,连续签到任务规则,去完成,去逛逛,领取,去分享,去邀请,前往手机淘宝-芭芭农场,返回]
06:08:34.984 MATCHED name='支付宝-浏览任务-红包弹窗-点击9s后领取' action=CLICK_BUTTON
06:08:35.817 CLICK_H5 type=0x800 target='标题' sig='p=ALIPAY|farm=true|type=farm_home|popup=red_packet|countdown=no|progress=no|btns=三国冰河,亲友树 合种/帮种,任务列表,关闭,农场乐园入口,切换摇钱树,寻道大千,得1000肥 向僵尸开炮,我的收获,支付宝·芭芭农场,更多,返回,还差3次领肥料,逛农货,钓红包' btns=[任务列表,农场乐园入口,还差3次领肥料,切换摇钱树,逛农货,我的收获,钓红包,亲友树 合种/帮种,得1000肥 向僵尸开炮,三国冰河,寻道大千,返回,支付宝·芭芭农场,更多,关闭]
06:08:35.819 MATCHED name='支付宝-农场主页-红包弹窗-点击支付宝' action=CLICK_BUTTON
06:08:36.615 CLICK_H5 type=0x800 target='已领取' sig='p=ALIPAY|farm=true|type=farm_home|popup=red_packet|countdown=no|progress=no|btns=三国冰河,亲友树 合种/帮种,任务列表,关闭,农场乐园入口,切换摇钱树,寻道大千,得1000肥 向僵尸开炮,我的收获,支付宝·芭芭农场,更多,返回,还差3次领肥料,逛农货,钓红包' btns=[任务列表,农场乐园入口,还差3次领肥料,切换摇钱树,逛农货,我的收获,钓红包,亲友树 合种/帮种,得1000肥 向僵尸开炮,三国冰河,寻道大千,返回,支付宝·芭芭农场,更多,关闭]
06:08:36.618 MATCHED name='支付宝-农场主页-红包弹窗-点击支付宝' action=CLICK_BUTTON
06:08:37.800 CLICK_H5 type=0x800 target='我知道了' sig='p=ALIPAY|farm=true|type=farm_home|popup=red_packet|countdown=no|progress=no|btns=三国冰河,亲友树 合种/帮种,任务列表,关闭,农场乐园入口,切换摇钱树,寻道大千,得1000肥 向僵尸开炮,我的收获,支付宝·芭芭农场,更多,返回,还差3次领肥料,逛农货,钓红包' btns=[任务列表,农场乐园入口,还差3次领肥料,切换摇钱树,逛农货,我的收获,钓红包,亲友树 合种/帮种,得1000肥 向僵尸开炮,三国冰河,寻道大千,返回,支付宝·芭芭农场,更多,关闭]
06:08:37.803 MATCHED name='支付宝-农场主页-红包弹窗-点击支付宝' action=CLICK_BUTTON
06:08:40.163 CLICK_H5 type=0x800 target='关闭做任务集肥料弹窗' sig='p=ALIPAY|farm=true|type=farm_home|popup=red_packet|countdown=no|progress=no|btns=三国冰河,亲友树 合种/帮种,任务列表,关闭,农场乐园入口,切换摇钱树,寻道大千,得1000肥 向僵尸开炮,我的收获,支付宝·芭芭农场,更多,返回,还差3次领肥料,逛农货,钓红包' btns=[任务列表,农场乐园入口,还差3次领肥料,切换摇钱树,逛农货,我的收获,钓红包,亲友树 合种/帮种,得1000肥 向僵尸开炮,三国冰河,寻道大千,返回,支付宝·芭芭农场,更多,关闭]
06:08:40.166 MATCHED name='支付宝-农场主页-红包弹窗-点击支付宝' action=CLICK_BUTTON
06:08:41.113 CLICK_H5 type=0x800 target='囤高原特产，得6万肥料' sig='p=ALIPAY|farm=true|type=farm_home|popup=red_packet|countdown=no|progress=no|btns=三国冰河,亲友树 合种/帮种,任务列表,关闭,农场乐园入口,切换摇钱树,寻道大千,得1000肥 向僵尸开炮,我的收获,支付宝·芭芭农场,更多,返回,还差3次领肥料,逛农货,钓红包' btns=[任务列表,农场乐园入口,还差3次领肥料,切换摇钱树,逛农货,我的收获,钓红包,亲友树 合种/帮种,得1000肥 向僵尸开炮,三国冰河,寻道大千,返回,支付宝·芭芭农场,更多,关闭]
06:08:41.116 MATCHED name='支付宝-农场主页-红包弹窗-点击支付宝' action=CLICK_BUTTON
06:08:41.594 CLICK_H5 type=0x800 target='“抢”青海农货得6万肥料' sig='p=ALIPAY|farm=true|type=farm_home|popup=red_packet|countdown=no|progress=no|btns=三国冰河,亲友树 合种/帮种,任务列表,关闭,农场乐园入口,切换摇钱树,寻道大千,得1000肥 向僵尸开炮,我的收获,支付宝·芭芭农场,更多,返回,还差3次领肥料,逛农货,钓红包' btns=[任务列表,农场乐园入口,还差3次领肥料,切换摇钱树,逛农货,我的收获,钓红包,亲友树 合种/帮种,得1000肥 向僵尸开炮,三国冰河,寻道大千,返回,支付宝·芭芭农场,更多,关闭]
06:08:41.598 MATCHED name='支付宝-农场主页-红包弹窗-点击支付宝' action=CLICK_BUTTON
06:08:42.195 CLICK_H5 type=0x800 target='每日最高120300肥料' sig='p=ALIPAY|farm=true|type=farm_home|popup=red_packet|countdown=no|progress=no|btns=三国冰河,亲友树 合种/帮种,任务列表,关闭,农场乐园入口,切换摇钱树,寻道大千,得1000肥 向僵尸开炮,我的收获,支付宝·芭芭农场,更多,返回,还差3次领肥料,逛农货,钓红包' btns=[任务列表,农场乐园入口,还差3次领肥料,切换摇钱树,逛农货,我的收获,钓红包,亲友树 合种/帮种,得1000肥 向僵尸开炮,三国冰河,寻道大千,返回,支付宝·芭芭农场,更多,关闭]
06:08:42.198 MATCHED name='支付宝-农场主页-红包弹窗-点击支付宝' action=CLICK_BUTTON
06:08:43.126 CLICK_H5 type=0x800 target='任务列表' sig='p=ALIPAY|farm=true|type=farm_home|popup=red_packet|countdown=no|progress=no|btns=三国冰河,亲友树 合种/帮种,任务列表,关闭,农场乐园入口,切换摇钱树,寻道大千,得1000肥 向僵尸开炮,我的收获,支付宝·芭芭农场,更多,返回,还差3次领肥料,逛农货,钓红包' btns=[任务列表,农场乐园入口,还差3次领肥料,切换摇钱树,逛农货,我的收获,钓红包,亲友树 合种/帮种,得1000肥 向僵尸开炮,三国冰河,寻道大千,返回,支付宝·芭芭农场,更多,关闭]
06:08:43.129 MATCHED name='支付宝-农场主页-红包弹窗-点击支付宝' action=CLICK_BUTTON
06:08:43.589 CLICK_H5 type=0x800 target='大额' sig='p=ALIPAY|farm=true|type=farm_home|popup=red_packet|countdown=no|progress=no|btns=三国冰河,亲友树 合种/帮种,任务列表,关闭,农场乐园入口,切换摇钱树,寻道大千,得1000肥 向僵尸开炮,我的收获,支付宝·芭芭农场,更多,返回,还差3次领肥料,逛农货,钓红包' btns=[任务列表,农场乐园入口,还差3次领肥料,切换摇钱树,逛农货,我的收获,钓红包,亲友树 合种/帮种,得1000肥 向僵尸开炮,三国冰河,寻道大千,返回,支付宝·芭芭农场,更多,关闭]
06:08:43.590 MATCHED name='支付宝-农场主页-红包弹窗-点击支付宝' action=CLICK_BUTTON
06:08:43.878 [stop] FERTILIZER_ACCESSIBILITY_FAIL reason=no_fertilize_button (找不到施肥按钮，可能不在农场主页；页面样本: 松开刷新 | 任务列表 | 农场乐园入口 | 还差3次领肥料 | 切换摇钱树 | 逛农货 | 我的收获 | 芭芭农场,种果树得水果，助农增收) → 尝试 OCR 兜底
06:08:43.882 [stop] FERTILIZER_READ_FAIL reason=exception:Services don't have the capability of taking the screenshot.
06:08:43.885 === 录制结束 session=sess_1783721304864 KEEP reason=肥料读取失败(initial=-1 final=-1)，但已录制 6 步，保留规则 steps=6 ===
06:08:47.207 LOG_UPLOAD_RESULT n=2 tag=sess_304864 detail=上传成功：2 个文件（tag=sess_304864）
06:09:04.357 === 录制开始 session=sess_1783721344357 name='流程4356' ===
06:09:04.404 [start] FERTILIZER_ACCESSIBILITY_FAIL reason=no_fertilize_button (找不到施肥按钮，可能不在农场主页；页面样本: 松开刷新 | 任务列表 | 农场乐园入口 | 还差3次领肥料 | 切换摇钱树 | 逛农货 | 我的收获 | 芭芭农场,种果树得水果，助农增收) → 尝试 OCR 兜底
06:09:04.406 [start] FERTILIZER_READ_FAIL reason=exception:Services don't have the capability of taking the screenshot.
06:09:10.365 CLICK_H5 type=0x800 target='已领取' sig='p=ALIPAY|farm=false|type=unknown|countdown=no|progress=no|btns=返回' btns=[返回]
06:09:10.368 MATCHED name='支付宝-未知页-点击支付宝' action=CLICK_BUTTON
06:09:33.552 CLICK_H5 type=0x20 target='支付宝' sig='p=ALIPAY|farm=false|type=unknown|countdown=yes|progress=no|btns=三国冰河,亲友树 合种/帮种,任务列表,关闭做任务集肥料弹窗,农场乐园入口,切换摇钱树,前往手机淘宝-芭芭农场,去分享,去完成,去逛逛,去邀请,寻道大千,得1000肥 向僵尸开炮,我的收获,继续逛,还差3次领肥料,连续签到任务规则,逛农货,钓红包,领取' btns=[任务列表,农场乐园入口,还差3次领肥料,切换摇钱树,逛农货,我的收获,钓红包,亲友树 合种/帮种,得1000肥 向僵尸开炮,三国冰河,寻道大千,关闭做任务集肥料弹窗,连续签到任务规则,去完成,继续逛,去逛逛,领取,去分享,去邀请,前往手机淘宝-芭芭农场]
06:09:33.553 MATCHED name='支付宝-未知页-点击8s后领取' action=CLICK_BUTTON
06:09:34.983 CLICK_H5 type=0x800 target='全部' sig='p=ALIPAY|farm=true|type=browse|popup=red_packet|countdown=yes|progress=yes|btns=三国冰河,亲友树 合种/帮种,任务列表,关闭做任务集肥料弹窗,农场乐园入口,切换摇钱树,前往手机淘宝-芭芭农场,去分享,去完成,去逛逛,去邀请,寻道大千,得1000肥 向僵尸开炮,我的收获,继续逛,还差3次领肥料,连续签到任务规则,逛农货,钓红包,领取' btns=[任务列表,农场乐园入口,还差3次领肥料,切换摇钱树,逛农货,我的收获,钓红包,亲友树 合种/帮种,得1000肥 向僵尸开炮,三国冰河,寻道大千,关闭做任务集肥料弹窗,连续签到任务规则,去完成,继续逛,去逛逛,领取,去分享,去邀请,前往手机淘宝-芭芭农场]
06:09:34.984 MATCHED name='支付宝-浏览任务-红包弹窗-点击9s后领取' action=CLICK_BUTTON
06:09:35.483 CLICK_H5 type=0x800 target='全部' sig='p=ALIPAY|farm=true|type=browse|popup=red_packet|countdown=no|progress=yes|btns=三国冰河,亲友树 合种/帮种,任务列表,关闭,农场乐园入口,切换摇钱树,寻道大千,得1000肥 向僵尸开炮,我的收获,支付宝·芭芭农场,更多,返回,还差3次领肥料,逛农货,钓红包' btns=[任务列表,农场乐园入口,还差3次领肥料,切换摇钱树,逛农货,我的收获,钓红包,亲友树 合种/帮种,得1000肥 向僵尸开炮,三国冰河,寻道大千,返回,支付宝·芭芭农场,更多,关闭]
06:09:35.485 MATCHED name='支付宝-浏览任务-红包弹窗-点击8s后领取' action=CLICK_BUTTON
06:09:38.159 === 录制开始 session=sess_1783721378158 name='流程8158' ===
06:09:53.232 CLICK_H5 type=0x800 target='滑动浏览14秒得肥料' sig='p=ALIPAY|farm=true|type=farm_home|popup=red_packet|countdown=no|progress=no|btns=三国冰河,亲友树 合种/帮种,任务列表,关闭,农场乐园入口,切换摇钱树,寻道大千,得1000肥 向僵尸开炮,我的收获,支付宝·芭芭农场,更多,返回,还差3次领肥料,逛农货,钓红包' btns=[任务列表,农场乐园入口,还差3次领肥料,切换摇钱树,逛农货,我的收获,钓红包,亲友树 合种/帮种,得1000肥 向僵尸开炮,三国冰河,寻道大千,返回,支付宝·芭芭农场,更多,关闭]
06:09:53.235 MATCHED name='支付宝-农场主页-红包弹窗-点击支付宝' action=CLICK_BUTTON
06:09:59.677 CLICK_H5 type=0x800 target='滑动浏览13秒得肥料' sig='p=ALIPAY|farm=true|type=farm_home|popup=red_packet|countdown=no|progress=no|btns=三国冰河,亲友树 合种/帮种,任务列表,关闭,农场乐园入口,切换摇钱树,寻道大千,得1000肥 向僵尸开炮,我的收获,支付宝·芭芭农场,更多,返回,还差3次领肥料,逛农货,钓红包' btns=[任务列表,农场乐园入口,还差3次领肥料,切换摇钱树,逛农货,我的收获,钓红包,亲友树 合种/帮种,得1000肥 向僵尸开炮,三国冰河,寻道大千,返回,支付宝·芭芭农场,更多,关闭]
06:09:59.681 MATCHED name='支付宝-农场主页-红包弹窗-点击支付宝' action=CLICK_BUTTON
06:10:04.918 CLICK_H5 type=0x800 target='滑动浏览12秒得肥料' sig='p=ALIPAY|farm=true|type=browse|popup=red_packet|countdown=yes|progress=yes|btns=三国冰河,亲友树 合种/帮种,任务列表,关闭做任务集肥料弹窗,农场乐园入口,切换摇钱树,前往手机淘宝-芭芭农场,去分享,去完成,去逛逛,去邀请,寻道大千,得1000肥 向僵尸开炮,我的收获,继续逛,还差3次领肥料,连续签到任务规则,逛农货,钓红包,领取' btns=[任务列表,农场乐园入口,还差3次领肥料,切换摇钱树,逛农货,我的收获,钓红包,亲友树 合种/帮种,得1000肥 向僵尸开炮,三国冰河,寻道大千,关闭做任务集肥料弹窗,连续签到任务规则,去完成,继续逛,去逛逛,领取,去分享,去邀请,前往手机淘宝-芭芭农场]
06:10:04.919 MATCHED name='支付宝-浏览任务-红包弹窗-点击9s后领取' action=CLICK_BUTTON
06:10:09.645 CLICK_H5 type=0x800 target='滑动浏览11秒得肥料' sig='p=ALIPAY|farm=true|type=browse|popup=red_packet|countdown=yes|progress=yes|btns=三国冰河,亲友树 合种/帮种,任务列表,关闭做任务集肥料弹窗,农场乐园入口,切换摇钱树,前往手机淘宝-芭芭农场,去分享,去完成,去逛逛,去邀请,寻道大千,得1000肥 向僵尸开炮,我的收获,继续逛,还差3次领肥料,连续签到任务规则,逛农货,钓红包,领取' btns=[任务列表,农场乐园入口,还差3次领肥料,切换摇钱树,逛农货,我的收获,钓红包,亲友树 合种/帮种,得1000肥 向僵尸开炮,三国冰河,寻道大千,关闭做任务集肥料弹窗,连续签到任务规则,去完成,继续逛,去逛逛,领取,去分享,去邀请,前往手机淘宝-芭芭农场]
06:10:09.647 MATCHED name='支付宝-浏览任务-红包弹窗-点击9s后领取' action=CLICK_BUTTON
06:10:16.117 CLICK_H5 type=0x800 target='滑动浏览10秒得肥料' sig='p=ALIPAY|farm=true|type=browse|countdown=no|progress=yes|btns=全部,娱乐/旅行,家装家居,数码电器,日用,服饰鞋包,生活服务,美容/医疗,返回,食品' btns=[全部,服饰鞋包,食品,日用,数码电器,家装家居,美容/医疗,娱乐/旅行,生活服务,返回]
06:10:16.118 MATCHED name='支付宝-浏览任务-点击滑动浏览14秒得肥料' action=CLICK_BUTTON
06:10:20.021 CLICK_H5 type=0x800 target='滑动浏览9秒得肥料' sig='p=ALIPAY|farm=true|type=browse|countdown=no|progress=yes|btns=全部,娱乐/旅行,家装家居,数码电器,日用,服饰鞋包,生活服务,美容/医疗,返回,食品' btns=[全部,服饰鞋包,食品,日用,数码电器,家装家居,美容/医疗,娱乐/旅行,生活服务,返回]
06:10:20.023 MATCHED name='支付宝-浏览任务-点击滑动浏览14秒得肥料' action=CLICK_BUTTON
06:10:29.297 CLICK_H5 type=0x800 target='滑动浏览8秒得肥料' sig='p=ALIPAY|farm=true|type=browse|countdown=no|progress=yes|btns=全部,娱乐/旅行,家装家居,数码电器,日用,服饰鞋包,生活服务,美容/医疗,返回,食品' btns=[全部,服饰鞋包,食品,日用,数码电器,家装家居,美容/医疗,娱乐/旅行,生活服务,返回]
06:10:29.298 MATCHED name='支付宝-浏览任务-点击滑动浏览14秒得肥料' action=CLICK_BUTTON
06:10:47.567 CLICK_H5 type=0x800 target='滑动浏览7秒得肥料' sig='p=ALIPAY|farm=true|type=browse|countdown=no|progress=yes|btns=全部,娱乐/旅行,家装家居,数码电器,日用,服饰鞋包,生活服务,美容/医疗,返回,食品' btns=[全部,服饰鞋包,食品,日用,数码电器,家装家居,美容/医疗,娱乐/旅行,生活服务,返回]
06:10:47.568 MATCHED name='支付宝-浏览任务-点击滑动浏览14秒得肥料' action=CLICK_BUTTON
06:11:00.941 CLICK_H5 type=0x800 target='滑动浏览6秒得肥料' sig='p=ALIPAY|farm=true|type=browse|countdown=no|progress=yes|btns=全部,娱乐/旅行,家装家居,数码电器,日用,服饰鞋包,生活服务,美容/医疗,返回,食品' btns=[全部,服饰鞋包,食品,日用,数码电器,家装家居,美容/医疗,娱乐/旅行,生活服务,返回]
06:11:00.942 MATCHED name='支付宝-浏览任务-点击滑动浏览14秒得肥料' action=CLICK_BUTTON
06:11:13.096 CLICK_H5 type=0x800 target='滑动浏览5秒得肥料' sig='p=ALIPAY|farm=true|type=browse|popup=red_packet|countdown=yes|progress=yes|btns=三国冰河,亲友树 合种/帮种,任务列表,关闭做任务集肥料弹窗,农场乐园入口,切换摇钱树,前往手机淘宝-芭芭农场,去分享,去完成,去逛逛,去邀请,寻道大千,得1000肥 向僵尸开炮,我的收获,继续逛,还差3次领肥料,连续签到任务规则,逛农货,钓红包,领取' btns=[任务列表,农场乐园入口,还差3次领肥料,切换摇钱树,逛农货,我的收获,钓红包,亲友树 合种/帮种,得1000肥 向僵尸开炮,三国冰河,寻道大千,关闭做任务集肥料弹窗,连续签到任务规则,去完成,继续逛,去逛逛,领取,去分享,去邀请,前往手机淘宝-芭芭农场]
06:11:13.097 MATCHED name='支付宝-浏览任务-红包弹窗-点击9s后领取' action=CLICK_BUTTON
06:11:18.286 CLICK_H5 type=0x800 target='滑动浏览4秒得肥料' sig='p=ALIPAY|farm=true|type=browse|popup=red_packet|countdown=yes|progress=yes|btns=三国冰河,亲友树 合种/帮种,任务列表,关闭做任务集肥料弹窗,农场乐园入口,切换摇钱树,前往手机淘宝-芭芭农场,去分享,去完成,去逛逛,去邀请,寻道大千,得1000肥 向僵尸开炮,我的收获,继续逛,还差3次领肥料,连续签到任务规则,逛农货,钓红包,领取' btns=[任务列表,农场乐园入口,还差3次领肥料,切换摇钱树,逛农货,我的收获,钓红包,亲友树 合种/帮种,得1000肥 向僵尸开炮,三国冰河,寻道大千,关闭做任务集肥料弹窗,连续签到任务规则,去完成,继续逛,去逛逛,领取,去分享,去邀请,前往手机淘宝-芭芭农场]
06:11:18.288 MATCHED name='支付宝-浏览任务-红包弹窗-点击9s后领取' action=CLICK_BUTTON
06:11:22.718 CLICK_H5 type=0x800 target='滑动浏览3秒得肥料' sig='p=ALIPAY|farm=true|type=browse|popup=red_packet|countdown=yes|progress=yes|btns=三国冰河,亲友树 合种/帮种,任务列表,关闭做任务集肥料弹窗,农场乐园入口,切换摇钱树,前往手机淘宝-芭芭农场,去分享,去完成,去逛逛,去邀请,寻道大千,得1000肥 向僵尸开炮,我的收获,继续逛,还差3次领肥料,连续签到任务规则,逛农货,钓红包,领取' btns=[任务列表,农场乐园入口,还差3次领肥料,切换摇钱树,逛农货,我的收获,钓红包,亲友树 合种/帮种,得1000肥 向僵尸开炮,三国冰河,寻道大千,关闭做任务集肥料弹窗,连续签到任务规则,去完成,继续逛,去逛逛,领取,去分享,去邀请,前往手机淘宝-芭芭农场]
06:11:22.719 MATCHED name='支付宝-浏览任务-红包弹窗-点击9s后领取' action=CLICK_BUTTON
06:11:27.028 CLICK_H5 type=0x800 target='滑动浏览2秒得肥料' sig='p=ALIPAY|farm=false|type=unknown|countdown=no|progress=no|btns=关闭,更多' btns=[更多,关闭]
06:11:27.029 MATCHED name='支付宝-未知页-点击支付宝' action=CLICK_BUTTON
06:11:28.752 CLICK_H5 type=0x800 target='滑动浏览1秒得肥料' sig='p=ALIPAY|farm=false|type=unknown|countdown=no|progress=no|btns=关闭,更多' btns=[更多,关闭]
06:11:28.753 MATCHED name='支付宝-未知页-点击支付宝' action=CLICK_BUTTON
06:11:30.201 CLICK_H5 type=0x800 target='滑动浏览0秒得肥料' sig='p=ALIPAY|farm=false|type=unknown|countdown=no|progress=no|btns=关闭,更多' btns=[更多,关闭]
06:11:30.203 MATCHED name='支付宝-未知页-点击支付宝' action=CLICK_BUTTON
06:11:30.793 CLICK_H5 type=0x800 target='已获得肥料' sig='p=ALIPAY|farm=false|type=unknown|countdown=no|progress=no|btns=关闭,更多' btns=[更多,关闭]
06:11:30.794 MATCHED name='支付宝-未知页-点击支付宝' action=CLICK_BUTTON
06:11:37.377 CLICK_H5 type=0x20 target='支付宝' sig='p=ALIPAY|farm=false|type=unknown|countdown=no|progress=no|btns=关闭,更多' btns=[更多,关闭]
06:11:37.380 MATCHED name='支付宝-未知页-点击支付宝' action=CLICK_BUTTON
06:11:37.569 CLICK_H5 type=0x800 target='逛好物最高得3000肥当前进度1，总进度1 逛15s最高得2000，找肥再得1000' sig='p=ALIPAY|farm=false|type=unknown|countdown=no|progress=no|btns=关闭,更多' btns=[更多,关闭]
06:11:37.572 MATCHED name='支付宝-未知页-点击支付宝' action=CLICK_BUTTON
06:11:37.822 CLICK_H5 type=0x800 target='关闭做任务集肥料弹窗' sig='p=ALIPAY|farm=false|type=unknown|countdown=no|progress=no|btns=关闭,更多' btns=[更多,关闭]
06:11:37.824 MATCHED name='支付宝-未知页-点击支付宝' action=CLICK_BUTTON
06:11:38.190 CLICK_H5 type=0x800 target='青海好农货正热销！' sig='p=ALIPAY|farm=false|type=unknown|countdown=no|progress=no|btns=关闭,更多' btns=[更多,关闭]
06:11:38.192 MATCHED name='支付宝-未知页-点击支付宝' action=CLICK_BUTTON
06:11:38.313 CLICK_H5 type=0x800 target='“抢”青海农货得6万肥料' sig='p=ALIPAY|farm=false|type=unknown|countdown=no|progress=no|btns=关闭,更多' btns=[更多,关闭]
06:11:38.316 MATCHED name='支付宝-未知页-点击支付宝' action=CLICK_BUTTON
06:11:38.419 CLICK_H5 type=0x800 target='“抢”高原鲜货 得6万肥' sig='p=ALIPAY|farm=false|type=unknown|countdown=no|progress=no|btns=关闭,更多' btns=[更多,关闭]
06:11:38.421 MATCHED name='支付宝-未知页-点击支付宝' action=CLICK_BUTTON
06:11:38.524 CLICK_H5 type=0x800 target='囤高原特产，得6万肥料' sig='p=ALIPAY|farm=false|type=unknown|countdown=no|progress=no|btns=关闭,更多' btns=[更多,关闭]
06:11:38.526 MATCHED name='支付宝-未知页-点击支付宝' action=CLICK_BUTTON
06:11:38.710 CLICK_H5 type=0x800 target='每日最高120300肥料' sig='p=ALIPAY|farm=false|type=unknown|countdown=no|progress=no|btns=关闭,更多' btns=[更多,关闭]
06:11:38.712 MATCHED name='支付宝-未知页-点击支付宝' action=CLICK_BUTTON
06:11:38.762 CLICK_H5 type=0x800 target='农货百款 等你来“挑”' sig='p=ALIPAY|farm=false|type=unknown|countdown=no|progress=no|btns=关闭,更多' btns=[更多,关闭]
06:11:38.763 MATCHED name='支付宝-未知页-点击支付宝' action=CLICK_BUTTON
06:11:38.773 [stop] FERTILIZER_ACCESSIBILITY_FAIL reason=no_fertilize_button (找不到施肥按钮，可能不在农场主页；页面样本: 更多 |  | 关闭 |  | https://render.alipa) → 尝试 OCR 兜底
06:11:38.776 [stop] FERTILIZER_READ_FAIL reason=exception:Services don't have the capability of taking the screenshot.
06:11:38.776 === 录制结束 session=sess_1783721344357 KEEP reason=肥料读取失败(initial=-1 final=-1)，但已录制 4 步，保留规则 steps=4 ===
06:11:43.132 LOG_UPLOAD_RESULT n=2 tag=sess_344357 detail=上传成功：2 个文件（tag=sess_344357）
06:11:43.148 [start] FERTILIZER_ACCESSIBILITY_FAIL reason=no_fertilize_button (找不到施肥按钮，可能不在农场主页；页面样本: 更多 |  | 关闭 |  | https://render.alipa) → 尝试 OCR 兜底
06:11:43.153 [start] FERTILIZER_READ_FAIL reason=exception:Services don't have the capability of taking the screenshot.
06:11:43.165 [stop] FERTILIZER_ACCESSIBILITY_FAIL reason=no_fertilize_button (找不到施肥按钮，可能不在农场主页；页面样本: 更多 |  | 关闭 |  | https://render.alipa) → 尝试 OCR 兜底
06:11:43.174 [stop] FERTILIZER_READ_FAIL reason=ocr_fail (无障碍和OCR均未识别到肥料总数)
06:11:43.174 === 录制结束 session=sess_1783721378158 DISCARD reason=肥料读取失败且无步骤(initial=-1 final=-1)，未录制任何操作 steps=0 ===
