=== recording.log cleared on app start (version=2.1/12, time=14:39:01.596) ===
14:43:02.293 === 录制开始 session=sess_1783838582292 name='流程2292' ===
14:43:02.661 [start] FERTILIZER_ACCESSIBILITY_FAIL reason=no_fertilize_button (找不到施肥按钮，可能不在农场主页；页面样本: 松开刷新 | 任务列表 | 农场乐园入口 | 还差3次领肥料 | 切换摇钱树 | 逛农货 | 我的收获 | 芭芭农场,种果树得水果，助农增收) → 尝试 OCR 兜底
14:43:02.671 [start] FERTILIZER_READ_FAIL reason=ocr_fail (无障碍和OCR均未识别到肥料总数)
14:43:10.915 CLICK_H5 type=0x20 target='支付宝' sig='p=ALIPAY|farm=false|type=unknown|countdown=no|progress=no' btns=[]
14:43:10.919 RECORD sig='p=ALIPAY|farm=false|type=unknown|countdown=no|progress=no' category='支付宝-未知页-点击支付宝' action=CLICK_BUTTON target='支付宝' state=IDLE btns=[]
14:43:10.921 AUTO_CREATE name='支付宝-未知页-点击支付宝' action=CLICK_BUTTON session=sess_1783838582292 step=0 sig='p=ALIPAY|farm=false|type=unknown|countdown=no|progress=no'
14:43:14.525 CLICK_H5 type=0x20 target='支付宝' sig='p=ALIPAY|farm=false|type=unknown|countdown=no|progress=no' btns=[]
14:43:14.551 MATCHED name='支付宝-未知页-点击支付宝' action=CLICK_BUTTON
14:43:26.528 CLICK_H5 type=0x20 target='支付宝' sig='p=ALIPAY|farm=true|type=farm_home|countdown=no|progress=no|btns=三国冰河,任务列表,关闭,农场乐园入口,切换摇钱树,向僵尸开炮,我的收获,支付宝·芭芭农场,更多,灵画师,返回,还差3次领肥料,逛农货,钓红包' btns=[任务列表,农场乐园入口,还差3次领肥料,切换摇钱树,逛农货,我的收获,钓红包,三国冰河,灵画师,向僵尸开炮,返回,支付宝·芭芭农场,更多,关闭]
14:43:26.533 MATCHED name='支付宝-农场主页-点击关闭' action=CLICK_BUTTON
14:43:26.742 CLICK_H5 type=0x800 target='“抢”青海农货得6万肥料' sig='p=ALIPAY|farm=true|type=farm_home|countdown=no|progress=no|btns=三国冰河,任务列表,关闭,农场乐园入口,切换摇钱树,向僵尸开炮,我的收获,支付宝·芭芭农场,更多,灵画师,返回,还差3次领肥料,逛农货,钓红包|task=每日最高120300肥料 “抢”高原鲜货 得6万肥 每日最高120300肥料 “抢”青海农货得6万肥料 囤高原特产，得6万肥料 青海好农货正热销！ 农货百款 等你来“挑” 囤高原特产，得6万肥料' btns=[任务列表,农场乐园入口,还差3次领肥料,切换摇钱树,逛农货,我的收获,钓红包,三国冰河,灵画师,向僵尸开炮,返回,支付宝·芭芭农场,更多,关闭]
14:43:26.743 RECORD sig='p=ALIPAY|farm=true|type=farm_home|countdown=no|progress=no|btns=三国冰河,任务列表,关闭,农场乐园入口,切换摇钱树,向僵尸开炮,我的收获,支付宝·芭芭农场,更多,灵画师,返回,还差3次领肥料,逛农货,钓红包|task=每日最高120300肥料 “抢”高原鲜货 得6万肥 每日最高120300肥料 “抢”青海农货得6万肥料 囤高原特产，得6万肥料 青海好农货正热销！ 农货百款 等你来“挑” 囤高原特产，得6万肥料' category='支付宝-每日最高120300肥料 “抢”高原鲜货 得6万肥 每日最高120300肥料 “抢”青海农货得6万肥料 囤高原特产，得6万肥料 青海好农货正热销！ 农货百款 等你来“挑” 囤高原特产，得6万肥料-点击“抢”青海农货得6万肥料' action=CLICK_BUTTON target='“抢”青海农货得6万肥料' state=IDLE btns=[任务列表,农场乐园入口,还差3次领肥料,切换摇钱树,逛农货,我的收获,钓红包,三国冰河,灵画师,向僵尸开炮,返回,支付宝·芭芭农场,更多,关闭]
14:43:26.744 AUTO_CREATE name='支付宝-每日最高120300肥料 “抢”高原鲜货 得6万肥 每日最高120300肥料 “抢”青海农货得6万肥料 囤高原特产，得6万肥料 青海好农货正热销！ 农货百款 等你来“挑” 囤高原特产，得6万肥料-点击“抢”青海农货得6万肥料' action=CLICK_BUTTON session=sess_1783838582292 step=3 sig='p=ALIPAY|farm=true|type=farm_home|countdown=no|progress=no|btns=三国冰河,任务列表,关闭,农场乐园入口,切换摇钱树,向僵尸开炮,我的收获,支付宝·芭芭农场,更多,灵画师,返回,还差3次领肥料,逛农货,钓红包|task=每日最高120300肥料 “抢”高原鲜货 得6万肥 每日最高120300肥料 “抢”青海农货得6万肥料 囤高原特产，得6万肥料 青海好农货正热销！ 农货百款 等你来“挑” 囤高原特产，得6万肥料'
14:43:27.092 CLICK_H5 type=0x800 target='青海好农货正热销！' sig='p=ALIPAY|farm=true|type=farm_home|countdown=no|progress=no|btns=三国冰河,任务列表,关闭,农场乐园入口,切换摇钱树,向僵尸开炮,我的收获,支付宝·芭芭农场,更多,灵画师,返回,还差3次领肥料,逛农货,钓红包|task=每日最高120300肥料 “抢”高原鲜货 得6万肥 每日最高120300肥料 “抢”青海农货得6万肥料 囤高原特产，得6万肥料 青海好农货正热销！ 农货百款 等你来“挑” 囤高原特产，得6万肥料' btns=[任务列表,农场乐园入口,还差3次领肥料,切换摇钱树,逛农货,我的收获,钓红包,三国冰河,灵画师,向僵尸开炮,返回,支付宝·芭芭农场,更多,关闭]
14:43:27.092 MATCHED name='支付宝-每日最高120300肥料 “抢”高原鲜货 得6万肥 每日最高120300肥料 “抢”青海农货得6万肥料 囤高原特产，得6万肥料 青海好农货正热销！ 农货百款 等你来“挑” 囤高原特产，得6万肥料-点击“抢”青海农货得6万肥料' action=CLICK_BUTTON
14:43:27.390 CLICK_H5 type=0x800 target='任务列表' sig='p=ALIPAY|farm=true|type=farm_home|countdown=no|progress=no|btns=三国冰河,任务列表,关闭,农场乐园入口,切换摇钱树,向僵尸开炮,我的收获,支付宝·芭芭农场,更多,灵画师,返回,还差3次领肥料,逛农货,钓红包|task=任务列表 农场乐园入口 切换摇钱树 逛农货 我的收获' btns=[任务列表,农场乐园入口,还差3次领肥料,切换摇钱树,逛农货,我的收获,钓红包,三国冰河,灵画师,向僵尸开炮,返回,支付宝·芭芭农场,更多,关闭]
14:43:27.391 RECORD sig='p=ALIPAY|farm=true|type=farm_home|countdown=no|progress=no|btns=三国冰河,任务列表,关闭,农场乐园入口,切换摇钱树,向僵尸开炮,我的收获,支付宝·芭芭农场,更多,灵画师,返回,还差3次领肥料,逛农货,钓红包|task=任务列表 农场乐园入口 切换摇钱树 逛农货 我的收获' category='支付宝-任务列表 农场乐园入口 切换摇钱树 逛农货 我的收获-点击任务列表' action=CLICK_BUTTON target='任务列表' state=IDLE btns=[任务列表,农场乐园入口,还差3次领肥料,切换摇钱树,逛农货,我的收获,钓红包,三国冰河,灵画师,向僵尸开炮,返回,支付宝·芭芭农场,更多,关闭]
14:43:27.391 AUTO_CREATE name='支付宝-任务列表 农场乐园入口 切换摇钱树 逛农货 我的收获-点击任务列表' action=CLICK_BUTTON session=sess_1783838582292 step=5 sig='p=ALIPAY|farm=true|type=farm_home|countdown=no|progress=no|btns=三国冰河,任务列表,关闭,农场乐园入口,切换摇钱树,向僵尸开炮,我的收获,支付宝·芭芭农场,更多,灵画师,返回,还差3次领肥料,逛农货,钓红包|task=任务列表 农场乐园入口 切换摇钱树 逛农货 我的收获'
14:43:27.417 [stop] FERTILIZER_ACCESSIBILITY_FAIL reason=no_fertilize_button (找不到施肥按钮，可能不在农场主页；页面样本: 松开刷新 | 任务列表 | 农场乐园入口 | 还差3次领肥料 | 切换摇钱树 | 逛农货 | 我的收获 | 芭芭农场,种果树得水果，助农增收) → 尝试 OCR 兜底
14:43:27.421 [stop] FERTILIZER_READ_FAIL reason=ocr_fail (无障碍和OCR均未识别到肥料总数)
14:43:27.422 === 录制结束 session=sess_1783838582292 KEEP reason=肥料读取失败(initial=-1 final=-1)，但已录制 3 步，保留规则 steps=3 ===
