=== recording.log cleared on app start (version=2.1/12, time=13:04:23.217) ===
13:22:44.653 === 录制开始 session=sess_1783747364646 name='流程4642' ===
13:22:44.916 [start] FERTILIZER_READ_OK amount=100 (source=accessibility)
13:22:48.120 CLICK_H5 type=0x20 target='支付宝' sig='p=ALIPAY|farm=false|type=unknown|countdown=no|progress=no|btns=返回' btns=[返回]
13:22:48.125 MATCHED name='支付宝-未知页-点击支付宝' action=CLICK_BUTTON
13:22:49.189 CLICK_H5 type=0x800 target='浏览或查看商品领肥料' sig='p=ALIPAY|farm=false|type=unknown|countdown=no|progress=no|btns=浏览或查看商品领肥料,返回' btns=[返回,浏览或查看商品领肥料]
13:22:49.192 MATCHED name='支付宝-未知页-点击支付宝' action=CLICK_BUTTON
13:23:11.189 CLICK_H5 type=0x800 target='icon' sig='p=ALIPAY|farm=false|type=unknown|countdown=no|progress=no|btns=任务列表,关闭,农场乐园入口,几何王国,切换摇钱树,得1000肥 青云诀,我的收获,支付宝·芭芭农场,施肥5次,更多,浪漫餐厅,返回,还差3次领肥料,逛农货,邀请,钓红包' btns=[任务列表,农场乐园入口,还差3次领肥料,切换摇钱树,逛农货,我的收获,施肥5次,邀请,钓红包,得1000肥 青云诀,浪漫餐厅,几何王国,返回,支付宝·芭芭农场,更多,关闭]
13:23:11.192 MATCHED name='支付宝-未知页-点击支付宝' action=CLICK_BUTTON
13:23:29.087 === 录制开始 session=sess_1783747409086 name='流程9085' ===
13:24:23.529 CLICK_H5 type=0x20 target='支付宝' sig='p=ALIPAY|farm=false|type=unknown|countdown=no|progress=no' btns=[]
13:24:23.533 MATCHED name='支付宝-未知页-点击支付宝' action=CLICK_BUTTON
13:24:23.594 CLICK_H5 type=0x800 target='农货百款 等你来“挑”' sig='p=ALIPAY|farm=false|type=unknown|countdown=no|progress=no' btns=[]
13:24:23.596 MATCHED name='支付宝-未知页-点击支付宝' action=CLICK_BUTTON
13:24:23.704 CLICK_H5 type=0x800 target='囤高原特产，得6万肥料' sig='p=ALIPAY|farm=false|type=unknown|countdown=no|progress=no' btns=[]
13:24:23.705 MATCHED name='支付宝-未知页-点击支付宝' action=CLICK_BUTTON
13:24:23.781 CLICK_H5 type=0x800 target='“抢”高原鲜货 得6万肥' sig='p=ALIPAY|farm=false|type=unknown|countdown=no|progress=no' btns=[]
13:24:23.782 MATCHED name='支付宝-未知页-点击支付宝' action=CLICK_BUTTON
13:24:23.874 CLICK_H5 type=0x800 target='青海好农货正热销！' sig='p=ALIPAY|farm=false|type=unknown|countdown=no|progress=no' btns=[]
13:24:23.875 MATCHED name='支付宝-未知页-点击支付宝' action=CLICK_BUTTON
13:24:24.036 CLICK_H5 type=0x800 target='每日最高120300肥料' sig='p=ALIPAY|farm=false|type=unknown|countdown=no|progress=no' btns=[]
13:24:24.037 MATCHED name='支付宝-未知页-点击支付宝' action=CLICK_BUTTON
13:24:24.051 [stop] FERTILIZER_ACCESSIBILITY_FAIL reason=no_fertilize_button (找不到施肥按钮，可能不在农场主页；页面样本: 执行过程说明 | 云端 | · | sicauyanglei/bbncbot | TRAE Code | 任务耗时 3分26秒 | 总结 | 已推送  d9f9be5 。
 
问题根) → 尝试 OCR 兜底
13:24:24.055 [stop] FERTILIZER_READ_FAIL reason=exception:Services don't have the capability of taking the screenshot.
13:24:24.057 === 录制结束 session=sess_1783747364646 KEEP reason=肥料读取失败(initial=100 final=-1)，但已录制 3 步，保留规则 steps=3 ===
13:24:30.055 LOG_UPLOAD_RESULT n=2 tag=sess_364646 detail=上传成功：2 个文件（tag=sess_364646）
13:24:30.096 [start] FERTILIZER_ACCESSIBILITY_FAIL reason=no_fertilize_button (找不到施肥按钮，可能不在农场主页；页面样本: 执行过程说明 | 云端 | · | sicauyanglei/bbncbot | TRAE Code | 任务耗时 3分26秒 | 总结 | 已推送  d9f9be5 。
 
问题根) → 尝试 OCR 兜底
13:24:30.098 [start] FERTILIZER_READ_FAIL reason=exception:Services don't have the capability of taking the screenshot.
13:24:31.657 CLICK_H5 type=0x20 target='淘宝' sig='p=ALIPAY|farm=false|type=unknown|countdown=no|progress=no' btns=[]
13:24:31.659 MATCHED name='支付宝-未知页-点击支付宝' action=CLICK_BUTTON
13:24:32.022 CLICK_H5 type=0x20 target='淘宝' sig='p=ALIPAY|farm=false|type=unknown|countdown=no|progress=no' btns=[]
13:24:32.025 MATCHED name='支付宝-未知页-点击支付宝' action=CLICK_BUTTON
13:24:32.357 CLICK_H5 type=0x800 target='芭芭农场' sig='p=ALIPAY|farm=false|type=unknown|countdown=no|progress=no' btns=[]
13:24:32.359 MATCHED name='支付宝-未知页-点击支付宝' action=CLICK_BUTTON
13:24:34.368 CLICK_H5 type=0x800 target='芭芭农场' sig='p=ALIPAY|farm=false|type=unknown|countdown=no|progress=no' btns=[]
13:24:34.370 MATCHED name='支付宝-未知页-点击支付宝' action=CLICK_BUTTON
13:24:34.743 CLICK_H5 type=0x800 target='云南白药牙膏益生菌清新口气亮白牙齿经典护龈清洁口腔男女通用，农场专享价¥，17元，false下单得肥料60000' sig='p=ALIPAY|farm=false|type=unknown|countdown=no|progress=no' btns=[]
13:24:34.745 MATCHED name='支付宝-未知页-点击支付宝' action=CLICK_BUTTON
13:24:36.059 CLICK_H5 type=0x800 target='2s跳过动画' sig='p=ALIPAY|farm=false|type=unknown|countdown=no|progress=no' btns=[]
13:24:36.064 MATCHED name='支付宝-未知页-点击支付宝' action=CLICK_BUTTON
13:24:36.553 CLICK_H5 type=0x20 target='淘宝' sig='p=ALIPAY|farm=false|type=unknown|countdown=no|progress=no' btns=[]
13:24:36.557 MATCHED name='支付宝-未知页-点击支付宝' action=CLICK_BUTTON
13:24:37.010 CLICK_H5 type=0x800 target='芭芭农场' sig='p=ALIPAY|farm=false|type=unknown|countdown=no|progress=no' btns=[]
13:24:37.013 MATCHED name='支付宝-未知页-点击支付宝' action=CLICK_BUTTON
13:24:38.623 CLICK_H5 type=0x800 target='1s跳过动画' sig='p=ALIPAY|farm=false|type=unknown|countdown=no|progress=no' btns=[]
13:24:38.629 MATCHED name='支付宝-未知页-点击支付宝' action=CLICK_BUTTON
13:24:38.853 CLICK_H5 type=0x800 target='芭芭农场' sig='p=ALIPAY|farm=false|type=unknown|countdown=no|progress=no' btns=[]
13:24:38.857 MATCHED name='支付宝-未知页-点击支付宝' action=CLICK_BUTTON
13:24:40.384 CLICK_H5 type=0x800 target='芭芭农场' sig='p=ALIPAY|farm=false|type=unknown|countdown=no|progress=no' btns=[]
13:24:40.388 MATCHED name='支付宝-未知页-点击支付宝' action=CLICK_BUTTON
13:24:43.829 CLICK_H5 type=0x800 target='施肥，肥料1000，可施肥11次' sig='p=ALIPAY|farm=false|type=unknown|countdown=no|progress=no' btns=[]
13:24:43.832 MATCHED name='支付宝-未知页-点击支付宝' action=CLICK_BUTTON
13:24:44.194 CLICK_H5 type=0x800 target='芭芭农场' sig='p=ALIPAY|farm=false|type=unknown|countdown=no|progress=no' btns=[]
13:24:44.196 MATCHED name='支付宝-未知页-点击支付宝' action=CLICK_BUTTON
13:24:45.320 CLICK_H5 type=0x800 target='施肥，肥料1000，可施肥10次' sig='p=ALIPAY|farm=false|type=unknown|countdown=no|progress=no' btns=[]
13:24:45.321 MATCHED name='支付宝-未知页-点击支付宝' action=CLICK_BUTTON
13:24:45.927 CLICK_H5 type=0x800 target='芭芭农场' sig='p=ALIPAY|farm=false|type=unknown|countdown=no|progress=no' btns=[]
13:24:45.931 MATCHED name='支付宝-未知页-点击支付宝' action=CLICK_BUTTON
13:24:46.593 CLICK_H5 type=0x800 target='再施肥99.34%就快拿到啦' sig='p=ALIPAY|farm=false|type=unknown|countdown=no|progress=no' btns=[]
13:24:46.597 MATCHED name='支付宝-未知页-点击支付宝' action=CLICK_BUTTON
13:24:47.221 CLICK_H5 type=0x800 target='加码 300 肥料 icon icon 再施肥 6 次可领 icon icon' sig='p=ALIPAY|farm=false|type=unknown|countdown=no|progress=no' btns=[]
13:24:47.224 MATCHED name='支付宝-未知页-点击支付宝' action=CLICK_BUTTON
13:24:47.922 CLICK_H5 type=0x800 target='700，肥料，明日7点可领' sig='p=ALIPAY|farm=false|type=unknown|countdown=no|progress=no' btns=[]
13:24:47.928 MATCHED name='支付宝-未知页-点击支付宝' action=CLICK_BUTTON
13:24:49.435 CLICK_H5 type=0x800 target='light' sig='p=ALIPAY|farm=false|type=unknown|countdown=no|progress=no' btns=[]
13:24:49.440 MATCHED name='支付宝-未知页-点击支付宝' action=CLICK_BUTTON
13:24:51.116 CLICK_H5 type=0x20 target='支付宝' sig='p=ALIPAY|farm=false|type=unknown|countdown=no|progress=no' btns=[]
13:24:51.120 MATCHED name='支付宝-未知页-点击支付宝' action=CLICK_BUTTON
13:24:51.349 CLICK_H5 type=0x800 target='“抢”高原鲜货 得6万肥' sig='p=ALIPAY|farm=false|type=unknown|countdown=no|progress=no' btns=[]
13:24:51.353 MATCHED name='支付宝-未知页-点击支付宝' action=CLICK_BUTTON
13:24:51.879 CLICK_H5 type=0x800 target='每日最高120300肥料' sig='p=ALIPAY|farm=false|type=unknown|countdown=no|progress=no' btns=[]
13:24:51.884 MATCHED name='支付宝-未知页-点击支付宝' action=CLICK_BUTTON
13:24:52.314 CLICK_H5 type=0x800 target='农货百款 等你来“挑”' sig='p=ALIPAY|farm=false|type=unknown|countdown=no|progress=no' btns=[]
13:24:52.319 MATCHED name='支付宝-未知页-点击支付宝' action=CLICK_BUTTON
13:24:52.746 CLICK_H5 type=0x800 target='囤高原特产，得6万肥料' sig='p=ALIPAY|farm=false|type=unknown|countdown=no|progress=no' btns=[]
13:24:52.751 MATCHED name='支付宝-未知页-点击支付宝' action=CLICK_BUTTON
13:24:53.361 CLICK_H5 type=0x800 target='“抢”青海农货得6万肥料' sig='p=ALIPAY|farm=false|type=unknown|countdown=no|progress=no' btns=[]
13:24:53.365 MATCHED name='支付宝-未知页-点击支付宝' action=CLICK_BUTTON
13:24:53.443 [stop] FERTILIZER_ACCESSIBILITY_FAIL reason=no_fertilize_button (找不到施肥按钮，可能不在农场主页；页面样本: 执行过程说明 | 云端 | · | sicauyanglei/bbncbot | TRAE Code | 任务耗时 3分26秒 | 总结 | 已推送  d9f9be5 。
 
问题根) → 尝试 OCR 兜底
13:24:53.446 [stop] FERTILIZER_READ_FAIL reason=exception:Services don't have the capability of taking the screenshot.
13:24:53.453 === 录制结束 session=sess_1783747409086 DISCARD reason=肥料读取失败且无步骤(initial=-1 final=-1)，未录制任何操作 steps=0 ===
