=== recording.log cleared on app start (version=2.1/12 build=build443-e75a700, time=08:14:40.140) ===
08:14:47.809 === 录制开始 session=sess_1783988087808 name='流程7805' ===
08:14:47.809 [start] FERTILIZER_READ_FAIL reason=service_null (无障碍服务未连接)
08:15:13.351 STOP_ENTER recordedCount=0 thread=main autoStop=false sessId=sess_1783988087808
08:15:13.357 [stop] FERTILIZER_READ_FAIL reason=service_null (无障碍服务未连接)
08:15:13.365 === 录制结束 session=sess_1783988087808 DISCARD reason=未录制任何操作(steps=0) steps=0 autoStop=false ===
08:15:13.366 LOG_UPLOAD_SKIP reason=service_null (无障碍服务未连接)
08:17:15.146 === 录制开始 session=sess_1783988235145 name='流程5145' ===
08:17:15.204 [start] FERTILIZER_ACCESSIBILITY_FAIL reason=parse_failed (找到施肥按钮但自身/父节点/子树/整页均无'肥料XXXX'格式；text='施肥19次' desc=''；页面样本: 松开刷新 | 任务列表 | 农场乐园入口 | 还差1次领肥料 | 切换摇钱树 | 逛农货 | 我的收获 | 施肥19次) → 尝试 OCR 兜底
08:17:15.301 [start] FERTILIZER_READ_FAIL reason=ocr_fail ocrApkInstalled=true ocrError='provider_exception:IllegalArgumentException:Unknown authority com.bbncbot.ocr.provider' ocrProviderBuild='' (无障碍和OCR均未识别到肥料总数)
08:17:33.872 CLICK_H5 type=0x800 target='已领取' sig='p=ALIPAY|farm=false|type=unknown|countdown=no|progress=no' btns=[]
08:17:33.873 MATCHED name='支付宝-未知页-点击前往手机淘宝-芭芭农场' action=CLICK_BUTTON
08:17:33.874 RECORD_INC matched recordedCount=1 thread=RecordingManager-worker
08:17:38.879 CLICK_H5 type=0x20 target='支付宝' sig='p=ALIPAY|farm=false|type=unknown|countdown=no|progress=no|fertTask=还差1次领肥料|fertStruct=c=V|n=2|ch=V,TV' btns=[任务列表,农场乐园入口,还差1次领肥料,切换摇钱树,逛农货,我的收获,施肥19次,邀请,钓红包,得1000肥 小小英雄,浪漫餐厅,几何王国,关闭做任务集肥料弹窗,连续签到任务规则,继续逛,去完成,已领取,去逛逛,去喂鸡,继续钓]
08:17:38.881 MATCHED name='支付宝-浏览任务-红包弹窗-点击全部' action=CLICK_BUTTON
08:17:38.886 RECORD_INC matched recordedCount=2 thread=RecordingManager-worker
08:17:39.617 CLICK_H5 type=0x20 target='支付宝' sig='p=ALIPAY|farm=true|type=complete|popup=red_packet|countdown=no|progress=no|fertTask=还差1次领肥料|fertStruct=c=V|n=2|ch=V,TV' btns=[任务列表,农场乐园入口,还差1次领肥料,切换摇钱树,逛农货,我的收获,施肥19次,邀请,钓红包,得1000肥 小小英雄,浪漫餐厅,几何王国,关闭做任务集肥料弹窗,连续签到任务规则,继续逛,去完成,已领取,去逛逛,去喂鸡,继续钓]
08:17:39.621 MATCHED name='支付宝-浏览任务-红包弹窗-点击全部' action=CLICK_BUTTON
08:17:39.624 RECORD_INC matched recordedCount=3 thread=RecordingManager-worker
08:17:49.078 CLICK_H5 type=0x20 target='支付宝' sig='p=ALIPAY|farm=true|type=complete|popup=red_packet|countdown=no|progress=no|fertTask=还差1次领肥料|fertStruct=c=V|n=2|ch=V,TV' btns=[任务列表,农场乐园入口,还差1次领肥料,切换摇钱树,逛农货,我的收获,施肥19次,邀请,钓红包,得1000肥 小小英雄,浪漫餐厅,几何王国,关闭做任务集肥料弹窗,连续签到任务规则,继续逛,去完成,已领取,去逛逛,去喂鸡,领取]
08:17:49.082 MATCHED name='支付宝-浏览任务-红包弹窗-点击全部' action=CLICK_BUTTON
08:17:49.083 RECORD_INC matched recordedCount=4 thread=RecordingManager-worker
08:17:49.486 CLICK_H5 type=0x20 target='支付宝' sig='p=ALIPAY|farm=true|type=complete|popup=red_packet|countdown=no|progress=no|fertTask=还差1次领肥料|fertStruct=c=V|n=2|ch=V,TV' btns=[任务列表,农场乐园入口,还差1次领肥料,切换摇钱树,逛农货,我的收获,施肥19次,邀请,钓红包,得1000肥 小小英雄,浪漫餐厅,几何王国,关闭做任务集肥料弹窗,连续签到任务规则,继续逛,去完成,已领取,去逛逛,去喂鸡,领取]
08:17:49.489 MATCHED name='支付宝-浏览任务-红包弹窗-点击全部' action=CLICK_BUTTON
08:17:49.490 RECORD_INC matched recordedCount=5 thread=RecordingManager-worker
08:17:49.687 CLICK_H5 type=0x800 target='逛一逛快手当前进度1，总进度1 成功打开得1200肥料' sig='p=ALIPAY|farm=true|type=complete|popup=red_packet|countdown=no|progress=no|fertTask=还差1次领肥料|fertStruct=c=V|n=2|ch=V,TV' btns=[任务列表,农场乐园入口,还差1次领肥料,切换摇钱树,逛农货,我的收获,施肥19次,邀请,钓红包,得1000肥 小小英雄,浪漫餐厅,几何王国,关闭做任务集肥料弹窗,连续签到任务规则,继续逛,去完成,已领取,去逛逛,去喂鸡,继续钓]
08:17:49.688 MATCHED name='支付宝-浏览任务-红包弹窗-点击全部' action=CLICK_BUTTON
08:17:49.689 RECORD_INC matched recordedCount=6 thread=RecordingManager-worker
08:17:49.902 CLICK_H5 type=0x800 target='领取' sig='p=ALIPAY|farm=true|type=complete|popup=red_packet|countdown=no|progress=no|fertTask=还差1次领肥料|fertStruct=c=V|n=2|ch=V,TV' btns=[任务列表,农场乐园入口,还差1次领肥料,切换摇钱树,逛农货,我的收获,施肥19次,邀请,钓红包,得1000肥 小小英雄,浪漫餐厅,几何王国,关闭做任务集肥料弹窗,连续签到任务规则,继续逛,去完成,已领取,去逛逛,去喂鸡,继续钓]
08:17:49.903 MATCHED name='支付宝-浏览任务-红包弹窗-点击全部' action=CLICK_BUTTON
08:17:49.903 RECORD_INC matched recordedCount=7 thread=RecordingManager-worker
08:17:50.503 CLICK_H5 type=0x800 target='已领取' sig='p=ALIPAY|farm=true|type=complete|popup=red_packet|countdown=no|progress=no|fertTask=还差1次领肥料|fertStruct=c=V|n=2|ch=V,TV' btns=[任务列表,农场乐园入口,还差1次领肥料,切换摇钱树,逛农货,我的收获,施肥19次,邀请,钓红包,得1000肥 小小英雄,浪漫餐厅,几何王国,关闭做任务集肥料弹窗,连续签到任务规则,继续逛,去完成,已领取,去逛逛,去喂鸡,继续钓]
08:17:50.504 MATCHED name='支付宝-浏览任务-红包弹窗-点击全部' action=CLICK_BUTTON
08:17:50.504 RECORD_INC matched recordedCount=8 thread=RecordingManager-worker
08:17:50.807 STOP_ENTER recordedCount=8 thread=main autoStop=false sessId=sess_1783988235145
08:17:50.975 [stop] FERTILIZER_ACCESSIBILITY_FAIL reason=parse_failed (找到施肥按钮但自身/父节点/子树/整页均无'肥料XXXX'格式；text='施肥19次' desc=''；页面样本: 松开刷新 | 任务列表 | 农场乐园入口 | 还差1次领肥料 | 切换摇钱树 | 逛农货 | 我的收获 | 施肥19次) → 尝试 OCR 兜底
08:17:51.041 [stop] FERTILIZER_READ_FAIL reason=ocr_fail ocrApkInstalled=true ocrError='provider_exception:IllegalArgumentException:Unknown authority com.bbncbot.ocr.provider' ocrProviderBuild='' (无障碍和OCR均未识别到肥料总数)
08:17:51.043 === 录制结束 session=sess_1783988235145 → '未知-肥料任务' SAVE reason=肥料读取失败回退保存(initial=-1 final=-1) steps=8 ===
